<?xml version="1.0" encoding="UTF-8"?>
<testsuite xmlns:xsi="http://www.w3.org/2001/XMLSchema-instance" xsi:noNamespaceSchemaLocation="https://maven.apache.org/surefire/maven-surefire-plugin/xsd/surefire-test-report-3.0.xsd" version="3.0" name="org.jinstagram.entity.locations.LocationInfo_ESTest" time="0.001" tests="2" errors="0" skipped="0" failures="0">
  <properties>
    <property name="gopherProxySet" value="false"/>
    <property name="awt.toolkit" value="sun.lwawt.macosx.LWCToolkit"/>
    <property name="socksProxyHost" value="127.0.0.1"/>
    <property name="http.proxyHost" value="127.0.0.1"/>
    <property name="java.specification.version" value="1.8"/>
    <property name="file.encoding.pkg" value="sun.io"/>
    <property name="sun.cpu.isalist" value=""/>
    <property name="sun.jnu.encoding" value="UTF-8"/>
    <property name="java.class.path" value="/Users/chenyixuan/Downloads/Coverage/repos/sachin-handiekar_jInstagram/target/test-classes:/Users/chenyixuan/Downloads/Coverage/repos/sachin-handiekar_jInstagram/target/classes:/Users/chenyixuan/.m2/repository/com/google/code/gson/gson/2.7/gson-2.7.jar:/Users/chenyixuan/.m2/repository/org/apache/commons/commons-lang3/3.4/commons-lang3-3.4.jar:/Users/chenyixuan/.m2/repository/commons-codec/commons-codec/1.10/commons-codec-1.10.jar:/Users/chenyixuan/.m2/repository/org/slf4j/slf4j-api/1.7.21/slf4j-api-1.7.21.jar:/Users/chenyixuan/.m2/repository/junit/junit/4.12/junit-4.12.jar:/Users/chenyixuan/.m2/repository/org/hamcrest/hamcrest-core/1.3/hamcrest-core-1.3.jar:/Users/chenyixuan/.m2/repository/org/mockito/mockito-core/1.10.19/mockito-core-1.10.19.jar:/Users/chenyixuan/.m2/repository/org/objenesis/objenesis/2.1/objenesis-2.1.jar:/Users/chenyixuan/.m2/repository/ch/qos/logback/logback-classic/1.1.7/logback-classic-1.1.7.jar:/Users/chenyixuan/.m2/repository/ch/qos/logback/logback-core/1.1.7/logback-core-1.1.7.jar:/Users/chenyixuan/.m2/repository/org/powermock/powermock-api-mockito/1.6.6/powermock-api-mockito-1.6.6.jar:/Users/chenyixuan/.m2/repository/org/powermock/powermock-api-mockito-common/1.6.6/powermock-api-mockito-common-1.6.6.jar:/Users/chenyixuan/.m2/repository/org/powermock/powermock-api-support/1.6.6/powermock-api-support-1.6.6.jar:/Users/chenyixuan/.m2/repository/org/powermock/powermock-module-junit4/1.6.6/powermock-module-junit4-1.6.6.jar:/Users/chenyixuan/.m2/repository/org/powermock/powermock-module-junit4-common/1.6.6/powermock-module-junit4-common-1.6.6.jar:/Users/chenyixuan/.m2/repository/org/powermock/powermock-core/1.6.6/powermock-core-1.6.6.jar:/Users/chenyixuan/.m2/repository/org/javassist/javassist/3.21.0-GA/javassist-3.21.0-GA.jar:/Users/chenyixuan/.m2/repository/org/powermock/powermock-reflect/1.6.6/powermock-reflect-1.6.6.jar:/Users/chenyixuan/.m2/repository/org/evosuite/evosuite-standalone-runtime/1.2.0/evosuite-standalone-runtime-1.2.0.jar:/Users/chenyixuan/.m2/repository/org/jacoco/jacoco-maven-plugin/0.8.7/jacoco-maven-plugin-0.8.7.jar:/Users/chenyixuan/.m2/repository/org/apache/maven/maven-plugin-api/3.0/maven-plugin-api-3.0.jar:/Users/chenyixuan/.m2/repository/org/apache/maven/maven-model/3.0/maven-model-3.0.jar:/Users/chenyixuan/.m2/repository/org/apache/maven/maven-artifact/3.0/maven-artifact-3.0.jar:/Users/chenyixuan/.m2/repository/org/sonatype/sisu/sisu-inject-plexus/1.4.2/sisu-inject-plexus-1.4.2.jar:/Users/chenyixuan/.m2/repository/org/sonatype/sisu/sisu-inject-bean/1.4.2/sisu-inject-bean-1.4.2.jar:/Users/chenyixuan/.m2/repository/org/sonatype/sisu/sisu-guice/2.1.7/sisu-guice-2.1.7-noaop.jar:/Users/chenyixuan/.m2/repository/org/apache/maven/maven-core/3.0/maven-core-3.0.jar:/Users/chenyixuan/.m2/repository/org/apache/maven/maven-settings/3.0/maven-settings-3.0.jar:/Users/chenyixuan/.m2/repository/org/apache/maven/maven-settings-builder/3.0/maven-settings-builder-3.0.jar:/Users/chenyixuan/.m2/repository/org/apache/maven/maven-repository-metadata/3.0/maven-repository-metadata-3.0.jar:/Users/chenyixuan/.m2/repository/org/apache/maven/maven-model-builder/3.0/maven-model-builder-3.0.jar:/Users/chenyixuan/.m2/repository/org/apache/maven/maven-aether-provider/3.0/maven-aether-provider-3.0.jar:/Users/chenyixuan/.m2/repository/org/sonatype/aether/aether-impl/1.7/aether-impl-1.7.jar:/Users/chenyixuan/.m2/repository/org/sonatype/aether/aether-spi/1.7/aether-spi-1.7.jar:/Users/chenyixuan/.m2/repository/org/sonatype/aether/aether-api/1.7/aether-api-1.7.jar:/Users/chenyixuan/.m2/repository/org/sonatype/aether/aether-util/1.7/aether-util-1.7.jar:/Users/chenyixuan/.m2/repository/org/codehaus/plexus/plexus-interpolation/1.14/plexus-interpolation-1.14.jar:/Users/chenyixuan/.m2/repository/org/codehaus/plexus/plexus-classworlds/2.2.3/plexus-classworlds-2.2.3.jar:/Users/chenyixuan/.m2/repository/org/codehaus/plexus/plexus-component-annotations/1.5.5/plexus-component-annotations-1.5.5.jar:/Users/chenyixuan/.m2/repository/org/sonatype/plexus/plexus-sec-dispatcher/1.3/plexus-sec-dispatcher-1.3.jar:/Users/chenyixuan/.m2/repository/org/sonatype/plexus/plexus-cipher/1.4/plexus-cipher-1.4.jar:/Users/chenyixuan/.m2/repository/org/codehaus/plexus/plexus-utils/3.0.22/plexus-utils-3.0.22.jar:/Users/chenyixuan/.m2/repository/org/apache/maven/shared/file-management/1.2.1/file-management-1.2.1.jar:/Users/chenyixuan/.m2/repository/org/apache/maven/shared/maven-shared-io/1.1/maven-shared-io-1.1.jar:/Users/chenyixuan/.m2/repository/org/apache/maven/maven-artifact-manager/2.0.2/maven-artifact-manager-2.0.2.jar:/Users/chenyixuan/.m2/repository/org/apache/maven/wagon/wagon-provider-api/1.0-alpha-6/wagon-provider-api-1.0-alpha-6.jar:/Users/chenyixuan/.m2/repository/org/codehaus/plexus/plexus-container-default/1.0-alpha-9/plexus-container-default-1.0-alpha-9.jar:/Users/chenyixuan/.m2/repository/classworlds/classworlds/1.1-alpha-2/classworlds-1.1-alpha-2.jar:/Users/chenyixuan/.m2/repository/org/apache/maven/reporting/maven-reporting-api/3.0/maven-reporting-api-3.0.jar:/Users/chenyixuan/.m2/repository/org/apache/maven/doxia/doxia-sink-api/1.0/doxia-sink-api-1.0.jar:/Users/chenyixuan/.m2/repository/org/jacoco/org.jacoco.agent/0.8.7/org.jacoco.agent-0.8.7-runtime.jar:/Users/chenyixuan/.m2/repository/org/jacoco/org.jacoco.core/0.8.7/org.jacoco.core-0.8.7.jar:/Users/chenyixuan/.m2/repository/org/ow2/asm/asm/9.1/asm-9.1.jar:/Users/chenyixuan/.m2/repository/org/ow2/asm/asm-commons/9.1/asm-commons-9.1.jar:/Users/chenyixuan/.m2/repository/org/ow2/asm/asm-analysis/9.1/asm-analysis-9.1.jar:/Users/chenyixuan/.m2/repository/org/ow2/asm/asm-tree/9.1/asm-tree-9.1.jar:/Users/chenyixuan/.m2/repository/org/jacoco/org.jacoco.report/0.8.7/org.jacoco.report-0.8.7.jar:"/>
    <property name="https.proxyPort" value="7890"/>
    <property name="java.vm.vendor" value="Amazon.com Inc."/>
    <property name="sun.arch.data.model" value="64"/>
    <property name="java.vendor.url" value="https://aws.amazon.com/corretto/"/>
    <property name="user.timezone" value="Asia/Shanghai"/>
    <property name="java.vm.specification.version" value="1.8"/>
    <property name="os.name" value="Mac OS X"/>
    <property name="user.country" value="CN"/>
    <property name="sun.java.launcher" value="SUN_STANDARD"/>
    <property name="sun.boot.library.path" value="/Users/chenyixuan/Library/Java/JavaVirtualMachines/corretto-1.8.0_382/Contents/Home/jre/lib"/>
    <property name="sun.java.command" value="/Users/chenyixuan/Downloads/Coverage/repos/sachin-handiekar_jInstagram/target/surefire/surefirebooter-20240225232228813_3.jar /Users/chenyixuan/Downloads/Coverage/repos/sachin-handiekar_jInstagram/target/surefire 2024-02-25T23-22-28_756-jvmRun1 surefire-20240225232228813_1tmp surefire_0-20240225232228813_2tmp"/>
    <property name="http.nonProxyHosts" value="192.168.0.0/16|*.192.168.0.0/16|10.0.0.0/8|*.10.0.0.0/8|172.16.0.0/12|*.172.16.0.0/12|127.0.0.1|localhost|*.localhost|local|*.local|timestamp.apple.com|*.timestamp.apple.com|sequoia.apple.com|*.sequoia.apple.com|seed-sequoia.siri.apple.com|*.seed-sequoia.siri.apple.com"/>
    <property name="surefire.test.class.path" value="/Users/chenyixuan/Downloads/Coverage/repos/sachin-handiekar_jInstagram/target/test-classes:/Users/chenyixuan/Downloads/Coverage/repos/sachin-handiekar_jInstagram/target/classes:/Users/chenyixuan/.m2/repository/com/google/code/gson/gson/2.7/gson-2.7.jar:/Users/chenyixuan/.m2/repository/org/apache/commons/commons-lang3/3.4/commons-lang3-3.4.jar:/Users/chenyixuan/.m2/repository/commons-codec/commons-codec/1.10/commons-codec-1.10.jar:/Users/chenyixuan/.m2/repository/org/slf4j/slf4j-api/1.7.21/slf4j-api-1.7.21.jar:/Users/chenyixuan/.m2/repository/junit/junit/4.12/junit-4.12.jar:/Users/chenyixuan/.m2/repository/org/hamcrest/hamcrest-core/1.3/hamcrest-core-1.3.jar:/Users/chenyixuan/.m2/repository/org/mockito/mockito-core/1.10.19/mockito-core-1.10.19.jar:/Users/chenyixuan/.m2/repository/org/objenesis/objenesis/2.1/objenesis-2.1.jar:/Users/chenyixuan/.m2/repository/ch/qos/logback/logback-classic/1.1.7/logback-classic-1.1.7.jar:/Users/chenyixuan/.m2/repository/ch/qos/logback/logback-core/1.1.7/logback-core-1.1.7.jar:/Users/chenyixuan/.m2/repository/org/powermock/powermock-api-mockito/1.6.6/powermock-api-mockito-1.6.6.jar:/Users/chenyixuan/.m2/repository/org/powermock/powermock-api-mockito-common/1.6.6/powermock-api-mockito-common-1.6.6.jar:/Users/chenyixuan/.m2/repository/org/powermock/powermock-api-support/1.6.6/powermock-api-support-1.6.6.jar:/Users/chenyixuan/.m2/repository/org/powermock/powermock-module-junit4/1.6.6/powermock-module-junit4-1.6.6.jar:/Users/chenyixuan/.m2/repository/org/powermock/powermock-module-junit4-common/1.6.6/powermock-module-junit4-common-1.6.6.jar:/Users/chenyixuan/.m2/repository/org/powermock/powermock-core/1.6.6/powermock-core-1.6.6.jar:/Users/chenyixuan/.m2/repository/org/javassist/javassist/3.21.0-GA/javassist-3.21.0-GA.jar:/Users/chenyixuan/.m2/repository/org/powermock/powermock-reflect/1.6.6/powermock-reflect-1.6.6.jar:/Users/chenyixuan/.m2/repository/org/evosuite/evosuite-standalone-runtime/1.2.0/evosuite-standalone-runtime-1.2.0.jar:/Users/chenyixuan/.m2/repository/org/jacoco/jacoco-maven-plugin/0.8.7/jacoco-maven-plugin-0.8.7.jar:/Users/chenyixuan/.m2/repository/org/apache/maven/maven-plugin-api/3.0/maven-plugin-api-3.0.jar:/Users/chenyixuan/.m2/repository/org/apache/maven/maven-model/3.0/maven-model-3.0.jar:/Users/chenyixuan/.m2/repository/org/apache/maven/maven-artifact/3.0/maven-artifact-3.0.jar:/Users/chenyixuan/.m2/repository/org/sonatype/sisu/sisu-inject-plexus/1.4.2/sisu-inject-plexus-1.4.2.jar:/Users/chenyixuan/.m2/repository/org/sonatype/sisu/sisu-inject-bean/1.4.2/sisu-inject-bean-1.4.2.jar:/Users/chenyixuan/.m2/repository/org/sonatype/sisu/sisu-guice/2.1.7/sisu-guice-2.1.7-noaop.jar:/Users/chenyixuan/.m2/repository/org/apache/maven/maven-core/3.0/maven-core-3.0.jar:/Users/chenyixuan/.m2/repository/org/apache/maven/maven-settings/3.0/maven-settings-3.0.jar:/Users/chenyixuan/.m2/repository/org/apache/maven/maven-settings-builder/3.0/maven-settings-builder-3.0.jar:/Users/chenyixuan/.m2/repository/org/apache/maven/maven-repository-metadata/3.0/maven-repository-metadata-3.0.jar:/Users/chenyixuan/.m2/repository/org/apache/maven/maven-model-builder/3.0/maven-model-builder-3.0.jar:/Users/chenyixuan/.m2/repository/org/apache/maven/maven-aether-provider/3.0/maven-aether-provider-3.0.jar:/Users/chenyixuan/.m2/repository/org/sonatype/aether/aether-impl/1.7/aether-impl-1.7.jar:/Users/chenyixuan/.m2/repository/org/sonatype/aether/aether-spi/1.7/aether-spi-1.7.jar:/Users/chenyixuan/.m2/repository/org/sonatype/aether/aether-api/1.7/aether-api-1.7.jar:/Users/chenyixuan/.m2/repository/org/sonatype/aether/aether-util/1.7/aether-util-1.7.jar:/Users/chenyixuan/.m2/repository/org/codehaus/plexus/plexus-interpolation/1.14/plexus-interpolation-1.14.jar:/Users/chenyixuan/.m2/repository/org/codehaus/plexus/plexus-classworlds/2.2.3/plexus-classworlds-2.2.3.jar:/Users/chenyixuan/.m2/repository/org/codehaus/plexus/plexus-component-annotations/1.5.5/plexus-component-annotations-1.5.5.jar:/Users/chenyixuan/.m2/repository/org/sonatype/plexus/plexus-sec-dispatcher/1.3/plexus-sec-dispatcher-1.3.jar:/Users/chenyixuan/.m2/repository/org/sonatype/plexus/plexus-cipher/1.4/plexus-cipher-1.4.jar:/Users/chenyixuan/.m2/repository/org/codehaus/plexus/plexus-utils/3.0.22/plexus-utils-3.0.22.jar:/Users/chenyixuan/.m2/repository/org/apache/maven/shared/file-management/1.2.1/file-management-1.2.1.jar:/Users/chenyixuan/.m2/repository/org/apache/maven/shared/maven-shared-io/1.1/maven-shared-io-1.1.jar:/Users/chenyixuan/.m2/repository/org/apache/maven/maven-artifact-manager/2.0.2/maven-artifact-manager-2.0.2.jar:/Users/chenyixuan/.m2/repository/org/apache/maven/wagon/wagon-provider-api/1.0-alpha-6/wagon-provider-api-1.0-alpha-6.jar:/Users/chenyixuan/.m2/repository/org/codehaus/plexus/plexus-container-default/1.0-alpha-9/plexus-container-default-1.0-alpha-9.jar:/Users/chenyixuan/.m2/repository/classworlds/classworlds/1.1-alpha-2/classworlds-1.1-alpha-2.jar:/Users/chenyixuan/.m2/repository/org/apache/maven/reporting/maven-reporting-api/3.0/maven-reporting-api-3.0.jar:/Users/chenyixuan/.m2/repository/org/apache/maven/doxia/doxia-sink-api/1.0/doxia-sink-api-1.0.jar:/Users/chenyixuan/.m2/repository/org/jacoco/org.jacoco.agent/0.8.7/org.jacoco.agent-0.8.7-runtime.jar:/Users/chenyixuan/.m2/repository/org/jacoco/org.jacoco.core/0.8.7/org.jacoco.core-0.8.7.jar:/Users/chenyixuan/.m2/repository/org/ow2/asm/asm/9.1/asm-9.1.jar:/Users/chenyixuan/.m2/repository/org/ow2/asm/asm-commons/9.1/asm-commons-9.1.jar:/Users/chenyixuan/.m2/repository/org/ow2/asm/asm-analysis/9.1/asm-analysis-9.1.jar:/Users/chenyixuan/.m2/repository/org/ow2/asm/asm-tree/9.1/asm-tree-9.1.jar:/Users/chenyixuan/.m2/repository/org/jacoco/org.jacoco.report/0.8.7/org.jacoco.report-0.8.7.jar:"/>
    <property name="sun.cpu.endian" value="little"/>
    <property name="user.home" value="/Users/chenyixuan"/>
    <property name="user.language" value="zh"/>
    <property name="java.specification.vendor" value="Oracle Corporation"/>
    <property name="java.home" value="/Users/chenyixuan/Library/Java/JavaVirtualMachines/corretto-1.8.0_382/Contents/Home/jre"/>
    <property name="basedir" value="/Users/chenyixuan/Downloads/Coverage/repos/sachin-handiekar_jInstagram"/>
    <property name="https.proxyHost" value="127.0.0.1"/>
    <property name="file.separator" value="/"/>
    <property name="line.separator" value="&#10;"/>
    <property name="java.vm.specification.vendor" value="Oracle Corporation"/>
    <property name="java.specification.name" value="Java Platform API Specification"/>
    <property name="java.awt.graphicsenv" value="sun.awt.CGraphicsEnvironment"/>
    <property name="surefire.real.class.path" value="/Users/chenyixuan/Downloads/Coverage/repos/sachin-handiekar_jInstagram/target/surefire/surefirebooter-20240225232228813_3.jar:/Users/chenyixuan/.m2/repository/org/jacoco/org.jacoco.agent/0.8.7/org.jacoco.agent-0.8.7-runtime.jar"/>
    <property name="sun.boot.class.path" value="/Users/chenyixuan/Library/Java/JavaVirtualMachines/corretto-1.8.0_382/Contents/Home/jre/lib/resources.jar:/Users/chenyixuan/Library/Java/JavaVirtualMachines/corretto-1.8.0_382/Contents/Home/jre/lib/rt.jar:/Users/chenyixuan/Library/Java/JavaVirtualMachines/corretto-1.8.0_382/Contents/Home/jre/lib/sunrsasign.jar:/Users/chenyixuan/Library/Java/JavaVirtualMachines/corretto-1.8.0_382/Contents/Home/jre/lib/jsse.jar:/Users/chenyixuan/Library/Java/JavaVirtualMachines/corretto-1.8.0_382/Contents/Home/jre/lib/jce.jar:/Users/chenyixuan/Library/Java/JavaVirtualMachines/corretto-1.8.0_382/Contents/Home/jre/lib/charsets.jar:/Users/chenyixuan/Library/Java/JavaVirtualMachines/corretto-1.8.0_382/Contents/Home/jre/lib/jfr.jar:/Users/chenyixuan/Library/Java/JavaVirtualMachines/corretto-1.8.0_382/Contents/Home/jre/classes"/>
    <property name="sun.management.compiler" value="HotSpot 64-Bit Tiered Compilers"/>
    <property name="ftp.nonProxyHosts" value="192.168.0.0/16|*.192.168.0.0/16|10.0.0.0/8|*.10.0.0.0/8|172.16.0.0/12|*.172.16.0.0/12|127.0.0.1|localhost|*.localhost|local|*.local|timestamp.apple.com|*.timestamp.apple.com|sequoia.apple.com|*.sequoia.apple.com|seed-sequoia.siri.apple.com|*.seed-sequoia.siri.apple.com"/>
    <property name="java.runtime.version" value="1.8.0_382-b05"/>
    <property name="user.name" value="chenyixuan"/>
    <property name="path.separator" value=":"/>
    <property name="os.version" value="14.0"/>
    <property name="java.endorsed.dirs" value="/Users/chenyixuan/Library/Java/JavaVirtualMachines/corretto-1.8.0_382/Contents/Home/jre/lib/endorsed"/>
    <property name="java.runtime.name" value="OpenJDK Runtime Environment"/>
    <property name="file.encoding" value="UTF-8"/>
    <property name="java.vm.name" value="OpenJDK 64-Bit Server VM"/>
    <property name="localRepository" value="/Users/chenyixuan/.m2/repository"/>
    <property name="java.vendor.url.bug" value="https://github.com/corretto/corretto-8/issues/"/>
    <property name="java.io.tmpdir" value="/var/folders/r5/6b6m61414l7b5_zdmnydcm2c0000gp/T/"/>
    <property name="java.version" value="1.8.0_382"/>
    <property name="user.dir" value="/Users/chenyixuan/Downloads/Coverage/repos/sachin-handiekar_jInstagram"/>
    <property name="os.arch" value="aarch64"/>
    <property name="socksProxyPort" value="7890"/>
    <property name="java.vm.specification.name" value="Java Virtual Machine Specification"/>
    <property name="java.awt.printerjob" value="sun.lwawt.macosx.CPrinterJob"/>
    <property name="sun.os.patch.level" value="unknown"/>
    <property name="java.library.path" value="/Users/chenyixuan/Library/Java/Extensions:/Library/Java/Extensions:/Network/Library/Java/Extensions:/System/Library/Java/Extensions:/usr/lib/java:."/>
    <property name="java.vm.info" value="mixed mode"/>
    <property name="java.vendor" value="Amazon.com Inc."/>
    <property name="java.vm.version" value="25.382-b05"/>
    <property name="java.specification.maintenance.version" value="5"/>
    <property name="java.ext.dirs" value="/Users/chenyixuan/Library/Java/Extensions:/Users/chenyixuan/Library/Java/JavaVirtualMachines/corretto-1.8.0_382/Contents/Home/jre/lib/ext:/Library/Java/Extensions:/Network/Library/Java/Extensions:/System/Library/Java/Extensions:/usr/lib/java"/>
    <property name="sun.io.unicode.encoding" value="UnicodeBig"/>
    <property name="java.class.version" value="52.0"/>
    <property name="socksNonProxyHosts" value="192.168.0.0/16|*.192.168.0.0/16|10.0.0.0/8|*.10.0.0.0/8|172.16.0.0/12|*.172.16.0.0/12|127.0.0.1|localhost|*.localhost|local|*.local|timestamp.apple.com|*.timestamp.apple.com|sequoia.apple.com|*.sequoia.apple.com|seed-sequoia.siri.apple.com|*.seed-sequoia.siri.apple.com"/>
    <property name="jacoco-agent.destfile" value="/Users/chenyixuan/Downloads/Coverage/repos/sachin-handiekar_jInstagram/../target/jacoco.exec"/>
    <property name="http.proxyPort" value="7890"/>
  </properties>
  <testcase name="testGetLocationData" classname="org.jinstagram.entity.locations.LocationInfo_ESTest" time="0">
    <system-out><![CDATA[23:22:30.423 [main] DEBUG org.evosuite.runtime.sandbox.MSecurityManager - Adding privileged thread: "Reference Handler"
23:22:30.423 [main] DEBUG org.evosuite.runtime.sandbox.MSecurityManager - Adding privileged thread: "Finalizer"
23:22:30.423 [main] DEBUG org.evosuite.runtime.sandbox.MSecurityManager - Adding privileged thread: "Signal Dispatcher"
23:22:30.423 [main] DEBUG org.evosuite.runtime.sandbox.MSecurityManager - Adding privileged thread: "Attach Listener"
23:22:30.423 [main] DEBUG org.evosuite.runtime.sandbox.MSecurityManager - Adding privileged thread: "AppKit Thread"
23:22:30.423 [main] DEBUG org.evosuite.runtime.sandbox.MSecurityManager - Adding privileged thread: "AWT-Shutdown"
23:22:30.423 [main] DEBUG org.evosuite.runtime.sandbox.MSecurityManager - Adding privileged thread: "Java2D Queue Flusher"
23:22:30.423 [main] DEBUG org.evosuite.runtime.sandbox.MSecurityManager - Adding privileged thread: "Java2D Disposer"
23:22:30.423 [main] DEBUG org.evosuite.runtime.sandbox.MSecurityManager - Adding privileged thread: "main"
23:22:30.423 [main] DEBUG org.evosuite.runtime.sandbox.MSecurityManager - Adding privileged thread: "surefire-forkedjvm-stream-flusher"
23:22:30.423 [main] DEBUG org.evosuite.runtime.sandbox.MSecurityManager - Adding privileged thread: "surefire-forkedjvm-command-thread"
23:22:30.424 [main] DEBUG org.evosuite.runtime.agent.TransformerForTests - Going to instrument: org.jinstagram.entity.locations.LocationInfo
23:22:30.425 [main] INFO org.evosuite.runtime.instrumentation.MethodCallReplacementClassAdapter - Adding mock interface to class org/jinstagram/entity/locations/LocationInfo
23:22:30.425 [main] INFO org.evosuite.runtime.instrumentation.CreateClassResetClassAdapter - Creating brand-new static initializer in class org/jinstagram/entity/locations/LocationInfo
23:22:30.426 [main] ERROR org.evosuite.runtime.classhandling.ClassStateSupport - Found $jacocoInit in class org.jinstagram.entity.locations.LocationInfo
23:22:30.426 [main] DEBUG org.evosuite.runtime.classhandling.ClassResetter - __STATIC_RESET() method does not exists in class org.jinstagram.http.APILimitUtils
]]></system-out>
  </testcase>
  <testcase name="testSetLocationData" classname="org.jinstagram.entity.locations.LocationInfo_ESTest" time="0">
    <system-out><![CDATA[23:22:30.428 [main] DEBUG org.evosuite.runtime.classhandling.ClassResetter - __STATIC_RESET() method does not exists in class org.jinstagram.http.APILimitUtils
]]></system-out>
  </testcase>
</testsuite>