<?xml version="1.0" encoding="UTF-8"?>
<testsuite xmlns:xsi="http://www.w3.org/2001/XMLSchema-instance" xsi:noNamespaceSchemaLocation="https://maven.apache.org/surefire/maven-surefire-plugin/xsd/surefire-test-report-3.0.xsd" version="3.0" name="org.jinstagram.entity.media.MediaInfoFeed_ESTest" time="1.475" tests="1" errors="0" skipped="0" failures="1">
  <properties>
    <property name="gopherProxySet" value="false"/>
    <property name="awt.toolkit" value="sun.lwawt.macosx.LWCToolkit"/>
    <property name="file.encoding.pkg" value="sun.io"/>
    <property name="java.specification.version" value="1.8"/>
    <property name="sun.cpu.isalist" value=""/>
    <property name="sun.jnu.encoding" value="UTF-8"/>
    <property name="java.class.path" value="/Users/zhi/Documents/PH.D/Project/Testing/ChatTESTER/CodePackage/Prompt2Testing/repo_get/Four_project/sachin-handiekar_jInstagram/target/test-classes:/Users/zhi/Documents/PH.D/Project/Testing/ChatTESTER/CodePackage/Prompt2Testing/repo_get/Four_project/sachin-handiekar_jInstagram/target/classes:/Users/zhi/.m2/repository/com/google/code/gson/gson/2.7/gson-2.7.jar:/Users/zhi/.m2/repository/org/apache/commons/commons-lang3/3.4/commons-lang3-3.4.jar:/Users/zhi/.m2/repository/commons-codec/commons-codec/1.10/commons-codec-1.10.jar:/Users/zhi/.m2/repository/org/slf4j/slf4j-api/1.7.21/slf4j-api-1.7.21.jar:/Users/zhi/.m2/repository/junit/junit/4.12/junit-4.12.jar:/Users/zhi/.m2/repository/org/hamcrest/hamcrest-core/1.3/hamcrest-core-1.3.jar:/Users/zhi/.m2/repository/org/mockito/mockito-core/1.10.19/mockito-core-1.10.19.jar:/Users/zhi/.m2/repository/org/objenesis/objenesis/2.1/objenesis-2.1.jar:/Users/zhi/.m2/repository/ch/qos/logback/logback-classic/1.1.7/logback-classic-1.1.7.jar:/Users/zhi/.m2/repository/ch/qos/logback/logback-core/1.1.7/logback-core-1.1.7.jar:/Users/zhi/.m2/repository/org/powermock/powermock-api-mockito/1.6.6/powermock-api-mockito-1.6.6.jar:/Users/zhi/.m2/repository/org/powermock/powermock-api-mockito-common/1.6.6/powermock-api-mockito-common-1.6.6.jar:/Users/zhi/.m2/repository/org/powermock/powermock-api-support/1.6.6/powermock-api-support-1.6.6.jar:/Users/zhi/.m2/repository/org/powermock/powermock-module-junit4/1.6.6/powermock-module-junit4-1.6.6.jar:/Users/zhi/.m2/repository/org/powermock/powermock-module-junit4-common/1.6.6/powermock-module-junit4-common-1.6.6.jar:/Users/zhi/.m2/repository/org/powermock/powermock-core/1.6.6/powermock-core-1.6.6.jar:/Users/zhi/.m2/repository/org/javassist/javassist/3.21.0-GA/javassist-3.21.0-GA.jar:/Users/zhi/.m2/repository/org/powermock/powermock-reflect/1.6.6/powermock-reflect-1.6.6.jar:/Users/zhi/.m2/repository/org/evosuite/evosuite-standalone-runtime/1.2.0/evosuite-standalone-runtime-1.2.0.jar:/Users/zhi/.m2/repository/org/junit/jupiter/junit-jupiter-api/5.9.0/junit-jupiter-api-5.9.0.jar:/Users/zhi/.m2/repository/org/opentest4j/opentest4j/1.2.0/opentest4j-1.2.0.jar:/Users/zhi/.m2/repository/org/junit/platform/junit-platform-commons/1.9.0/junit-platform-commons-1.9.0.jar:/Users/zhi/.m2/repository/org/apiguardian/apiguardian-api/1.1.2/apiguardian-api-1.1.2.jar:"/>
    <property name="java.vm.vendor" value="Oracle Corporation"/>
    <property name="sun.arch.data.model" value="64"/>
    <property name="java.vendor.url" value="http://java.oracle.com/"/>
    <property name="user.timezone" value="Asia/Shanghai"/>
    <property name="java.vm.specification.version" value="1.8"/>
    <property name="os.name" value="Mac OS X"/>
    <property name="user.country" value="US"/>
    <property name="sun.java.launcher" value="SUN_STANDARD"/>
    <property name="sun.boot.library.path" value="/Library/Java/JavaVirtualMachines/jdk1.8.0_131.jdk/Contents/Home/jre/lib"/>
    <property name="sun.java.command" value="/Users/zhi/Documents/PH.D/Project/Testing/ChatTESTER/CodePackage/Prompt2Testing/repo_get/Four_project/sachin-handiekar_jInstagram/target/surefire/surefirebooter-20240430234703497_3.jar /Users/zhi/Documents/PH.D/Project/Testing/ChatTESTER/CodePackage/Prompt2Testing/repo_get/Four_project/sachin-handiekar_jInstagram/target/surefire 2024-04-30T23-47-03_212-jvmRun1 surefire-20240430234703497_1tmp surefire_0-20240430234703497_2tmp"/>
    <property name="surefire.test.class.path" value="/Users/zhi/Documents/PH.D/Project/Testing/ChatTESTER/CodePackage/Prompt2Testing/repo_get/Four_project/sachin-handiekar_jInstagram/target/test-classes:/Users/zhi/Documents/PH.D/Project/Testing/ChatTESTER/CodePackage/Prompt2Testing/repo_get/Four_project/sachin-handiekar_jInstagram/target/classes:/Users/zhi/.m2/repository/com/google/code/gson/gson/2.7/gson-2.7.jar:/Users/zhi/.m2/repository/org/apache/commons/commons-lang3/3.4/commons-lang3-3.4.jar:/Users/zhi/.m2/repository/commons-codec/commons-codec/1.10/commons-codec-1.10.jar:/Users/zhi/.m2/repository/org/slf4j/slf4j-api/1.7.21/slf4j-api-1.7.21.jar:/Users/zhi/.m2/repository/junit/junit/4.12/junit-4.12.jar:/Users/zhi/.m2/repository/org/hamcrest/hamcrest-core/1.3/hamcrest-core-1.3.jar:/Users/zhi/.m2/repository/org/mockito/mockito-core/1.10.19/mockito-core-1.10.19.jar:/Users/zhi/.m2/repository/org/objenesis/objenesis/2.1/objenesis-2.1.jar:/Users/zhi/.m2/repository/ch/qos/logback/logback-classic/1.1.7/logback-classic-1.1.7.jar:/Users/zhi/.m2/repository/ch/qos/logback/logback-core/1.1.7/logback-core-1.1.7.jar:/Users/zhi/.m2/repository/org/powermock/powermock-api-mockito/1.6.6/powermock-api-mockito-1.6.6.jar:/Users/zhi/.m2/repository/org/powermock/powermock-api-mockito-common/1.6.6/powermock-api-mockito-common-1.6.6.jar:/Users/zhi/.m2/repository/org/powermock/powermock-api-support/1.6.6/powermock-api-support-1.6.6.jar:/Users/zhi/.m2/repository/org/powermock/powermock-module-junit4/1.6.6/powermock-module-junit4-1.6.6.jar:/Users/zhi/.m2/repository/org/powermock/powermock-module-junit4-common/1.6.6/powermock-module-junit4-common-1.6.6.jar:/Users/zhi/.m2/repository/org/powermock/powermock-core/1.6.6/powermock-core-1.6.6.jar:/Users/zhi/.m2/repository/org/javassist/javassist/3.21.0-GA/javassist-3.21.0-GA.jar:/Users/zhi/.m2/repository/org/powermock/powermock-reflect/1.6.6/powermock-reflect-1.6.6.jar:/Users/zhi/.m2/repository/org/evosuite/evosuite-standalone-runtime/1.2.0/evosuite-standalone-runtime-1.2.0.jar:/Users/zhi/.m2/repository/org/junit/jupiter/junit-jupiter-api/5.9.0/junit-jupiter-api-5.9.0.jar:/Users/zhi/.m2/repository/org/opentest4j/opentest4j/1.2.0/opentest4j-1.2.0.jar:/Users/zhi/.m2/repository/org/junit/platform/junit-platform-commons/1.9.0/junit-platform-commons-1.9.0.jar:/Users/zhi/.m2/repository/org/apiguardian/apiguardian-api/1.1.2/apiguardian-api-1.1.2.jar:"/>
    <property name="sun.cpu.endian" value="little"/>
    <property name="user.home" value="/Users/zhi"/>
    <property name="user.language" value="en"/>
    <property name="java.specification.vendor" value="Oracle Corporation"/>
    <property name="java.home" value="/Library/Java/JavaVirtualMachines/jdk1.8.0_131.jdk/Contents/Home/jre"/>
    <property name="basedir" value="/Users/zhi/Documents/PH.D/Project/Testing/ChatTESTER/CodePackage/Prompt2Testing/repo_get/Four_project/sachin-handiekar_jInstagram"/>
    <property name="file.separator" value="/"/>
    <property name="checkstyle.skip" value="true"/>
    <property name="line.separator" value="&#10;"/>
    <property name="java.vm.specification.vendor" value="Oracle Corporation"/>
    <property name="java.specification.name" value="Java Platform API Specification"/>
    <property name="java.awt.graphicsenv" value="sun.awt.CGraphicsEnvironment"/>
    <property name="surefire.real.class.path" value="/Users/zhi/Documents/PH.D/Project/Testing/ChatTESTER/CodePackage/Prompt2Testing/repo_get/Four_project/sachin-handiekar_jInstagram/target/surefire/surefirebooter-20240430234703497_3.jar"/>
    <property name="sun.boot.class.path" value="/Library/Java/JavaVirtualMachines/jdk1.8.0_131.jdk/Contents/Home/jre/lib/resources.jar:/Library/Java/JavaVirtualMachines/jdk1.8.0_131.jdk/Contents/Home/jre/lib/rt.jar:/Library/Java/JavaVirtualMachines/jdk1.8.0_131.jdk/Contents/Home/jre/lib/sunrsasign.jar:/Library/Java/JavaVirtualMachines/jdk1.8.0_131.jdk/Contents/Home/jre/lib/jsse.jar:/Library/Java/JavaVirtualMachines/jdk1.8.0_131.jdk/Contents/Home/jre/lib/jce.jar:/Library/Java/JavaVirtualMachines/jdk1.8.0_131.jdk/Contents/Home/jre/lib/charsets.jar:/Library/Java/JavaVirtualMachines/jdk1.8.0_131.jdk/Contents/Home/jre/lib/jfr.jar:/Library/Java/JavaVirtualMachines/jdk1.8.0_131.jdk/Contents/Home/jre/classes"/>
    <property name="sun.management.compiler" value="HotSpot 64-Bit Tiered Compilers"/>
    <property name="java.runtime.version" value="1.8.0_131-b11"/>
    <property name="user.name" value="zhi"/>
    <property name="path.separator" value=":"/>
    <property name="os.version" value="10.16"/>
    <property name="java.endorsed.dirs" value="/Library/Java/JavaVirtualMachines/jdk1.8.0_131.jdk/Contents/Home/jre/lib/endorsed"/>
    <property name="java.runtime.name" value="Java(TM) SE Runtime Environment"/>
    <property name="file.encoding" value="UTF-8"/>
    <property name="java.vm.name" value="Java HotSpot(TM) 64-Bit Server VM"/>
    <property name="localRepository" value="/Users/zhi/.m2/repository"/>
    <property name="java.vendor.url.bug" value="http://bugreport.sun.com/bugreport/"/>
    <property name="java.io.tmpdir" value="/var/folders/8x/v938mdr1749_v11p_3wlpvn00000gn/T/"/>
    <property name="java.version" value="1.8.0_131"/>
    <property name="user.dir" value="/Users/zhi/Documents/PH.D/Project/Testing/ChatTESTER/CodePackage/Prompt2Testing/repo_get/Four_project/sachin-handiekar_jInstagram"/>
    <property name="os.arch" value="x86_64"/>
    <property name="java.vm.specification.name" value="Java Virtual Machine Specification"/>
    <property name="java.awt.printerjob" value="sun.lwawt.macosx.CPrinterJob"/>
    <property name="sun.os.patch.level" value="unknown"/>
    <property name="java.library.path" value="/Users/zhi/Library/Java/Extensions:/Library/Java/Extensions:/Network/Library/Java/Extensions:/System/Library/Java/Extensions:/usr/lib/java:."/>
    <property name="java.vm.info" value="mixed mode"/>
    <property name="java.vendor" value="Oracle Corporation"/>
    <property name="java.vm.version" value="25.131-b11"/>
    <property name="java.ext.dirs" value="/Users/zhi/Library/Java/Extensions:/Library/Java/JavaVirtualMachines/jdk1.8.0_131.jdk/Contents/Home/jre/lib/ext:/Library/Java/Extensions:/Network/Library/Java/Extensions:/System/Library/Java/Extensions:/usr/lib/java"/>
    <property name="sun.io.unicode.encoding" value="UnicodeBig"/>
    <property name="java.class.version" value="52.0"/>
  </properties>
  <testcase name="testToString" classname="org.jinstagram.entity.media.MediaInfoFeed_ESTest" time="0.095">
    <failure message="expected:&lt;... [data=MediaFeedData[{id=&apos;12345&apos;, type=&apos;image&apos;}, meta=Meta{code=200, errorType=&apos;none&apos;}]]&gt; but was:&lt;... [data=MediaFeedData[ [caption=null, comments=null, createdTime=null, id=12345, imageFilter=null, images=null, likes=null, link=null, location=null, tags=null, type=image, user=null, userHasLiked=false, usersInPhoto=null], meta=Meta [code=200, errorMessage=null, errorType=none]]]&gt;" type="org.junit.ComparisonFailure"><![CDATA[org.junit.ComparisonFailure: expected:<... [data=MediaFeedData[{id='12345', type='image'}, meta=Meta{code=200, errorType='none'}]]]]><![CDATA[> but was:<... [data=MediaFeedData[ [caption=null, comments=null, createdTime=null, id=12345, imageFilter=null, images=null, likes=null, link=null, location=null, tags=null, type=image, user=null, userHasLiked=false, usersInPhoto=null], meta=Meta [code=200, errorMessage=null, errorType=none]]]]]><![CDATA[>
	at org.junit.Assert.assertEquals(Assert.java:115)
	at org.junit.Assert.assertEquals(Assert.java:144)
	at org.jinstagram.entity.media.MediaInfoFeed_ESTest.testToString(MediaInfoFeed_ESTest.java:38)
	at sun.reflect.NativeMethodAccessorImpl.invoke0(Native Method)
	at sun.reflect.NativeMethodAccessorImpl.invoke(NativeMethodAccessorImpl.java:62)
	at sun.reflect.DelegatingMethodAccessorImpl.invoke(DelegatingMethodAccessorImpl.java:43)
	at java.lang.reflect.Method.invoke(Method.java:498)
	at org.junit.runners.model.FrameworkMethod$1.runReflectiveCall(FrameworkMethod.java:50)
	at org.junit.internal.runners.model.ReflectiveCallable.run(ReflectiveCallable.java:12)
	at org.junit.runners.model.FrameworkMethod.invokeExplosively(FrameworkMethod.java:47)
	at org.junit.internal.runners.statements.InvokeMethod.evaluate(InvokeMethod.java:17)
	at org.junit.internal.runners.statements.RunBefores.evaluate(RunBefores.java:26)
	at org.junit.internal.runners.statements.RunAfters.evaluate(RunAfters.java:27)
	at org.evosuite.runtime.vnet.NonFunctionalRequirementRule$1.evaluate(NonFunctionalRequirementRule.java:41)
	at org.junit.rules.RunRules.evaluate(RunRules.java:20)
	at org.junit.runners.ParentRunner.runLeaf(ParentRunner.java:325)
	at org.junit.runners.BlockJUnit4ClassRunner.runChild(BlockJUnit4ClassRunner.java:78)
	at org.junit.runners.BlockJUnit4ClassRunner.runChild(BlockJUnit4ClassRunner.java:57)
	at org.junit.runners.ParentRunner$3.run(ParentRunner.java:290)
	at org.junit.runners.ParentRunner$1.schedule(ParentRunner.java:71)
	at org.junit.runners.ParentRunner.runChildren(ParentRunner.java:288)
	at org.junit.runners.ParentRunner.access$000(ParentRunner.java:58)
	at org.junit.runners.ParentRunner$2.evaluate(ParentRunner.java:268)
	at org.junit.internal.runners.statements.RunBefores.evaluate(RunBefores.java:26)
	at org.junit.internal.runners.statements.RunAfters.evaluate(RunAfters.java:27)
	at org.junit.runners.ParentRunner.run(ParentRunner.java:363)
	at org.junit.runner.JUnitCore.run(JUnitCore.java:137)
	at org.junit.runner.JUnitCore.run(JUnitCore.java:115)
	at org.junit.vintage.engine.execution.RunnerExecutor.execute(RunnerExecutor.java:42)
	at org.junit.vintage.engine.VintageTestEngine.executeAllChildren(VintageTestEngine.java:80)
	at org.junit.vintage.engine.VintageTestEngine.execute(VintageTestEngine.java:72)
	at org.junit.platform.launcher.core.EngineExecutionOrchestrator.execute(EngineExecutionOrchestrator.java:147)
	at org.junit.platform.launcher.core.EngineExecutionOrchestrator.execute(EngineExecutionOrchestrator.java:127)
	at org.junit.platform.launcher.core.EngineExecutionOrchestrator.execute(EngineExecutionOrchestrator.java:90)
	at org.junit.platform.launcher.core.EngineExecutionOrchestrator.lambda$execute$0(EngineExecutionOrchestrator.java:55)
	at org.junit.platform.launcher.core.EngineExecutionOrchestrator.withInterceptedStreams(EngineExecutionOrchestrator.java:102)
	at org.junit.platform.launcher.core.EngineExecutionOrchestrator.execute(EngineExecutionOrchestrator.java:54)
	at org.junit.platform.launcher.core.DefaultLauncher.execute(DefaultLauncher.java:114)
	at org.junit.platform.launcher.core.DefaultLauncher.execute(DefaultLauncher.java:86)
	at org.junit.platform.launcher.core.DefaultLauncherSession$DelegatingLauncher.execute(DefaultLauncherSession.java:86)
	at org.apache.maven.surefire.junitplatform.LazyLauncher.execute(LazyLauncher.java:56)
	at org.apache.maven.surefire.junitplatform.JUnitPlatformProvider.execute(JUnitPlatformProvider.java:184)
	at org.apache.maven.surefire.junitplatform.JUnitPlatformProvider.invokeAllTests(JUnitPlatformProvider.java:148)
	at org.apache.maven.surefire.junitplatform.JUnitPlatformProvider.invoke(JUnitPlatformProvider.java:122)
	at org.apache.maven.surefire.booter.ForkedBooter.runSuitesInProcess(ForkedBooter.java:385)
	at org.apache.maven.surefire.booter.ForkedBooter.execute(ForkedBooter.java:162)
	at org.apache.maven.surefire.booter.ForkedBooter.run(ForkedBooter.java:507)
	at org.apache.maven.surefire.booter.ForkedBooter.main(ForkedBooter.java:495)
]]></failure>
    <system-out><![CDATA[23:47:04.314 [main] INFO org.evosuite.runtime.instrumentation.EvoClassLoader - Seeing class for first time: org.jinstagram.entity.media.MediaInfoFeed_ESTest
23:47:04.317 [main] INFO org.evosuite.runtime.instrumentation.EvoClassLoader - Instrumenting class 'org.jinstagram.entity.media.MediaInfoFeed_ESTest'.
23:47:04.344 [main] INFO org.evosuite.runtime.instrumentation.EvoClassLoader - Seeing class for first time: org.jinstagram.entity.media.MediaInfoFeed_ESTest_scaffolding
23:47:04.344 [main] INFO org.evosuite.runtime.instrumentation.EvoClassLoader - Instrumenting class 'org.jinstagram.entity.media.MediaInfoFeed_ESTest_scaffolding'.
23:47:04.348 [main] INFO org.evosuite.runtime.instrumentation.EvoClassLoader - Keeping class: org.jinstagram.entity.media.MediaInfoFeed_ESTest_scaffolding
23:47:04.348 [main] INFO org.evosuite.runtime.instrumentation.EvoClassLoader - Keeping class: org.jinstagram.entity.media.MediaInfoFeed_ESTest
23:47:04.423 [main] INFO org.evosuite.runtime.instrumentation.EvoClassLoader - Seeing class for first time: org.jinstagram.entity.media.MediaInfoFeed_ESTest
23:47:04.424 [main] INFO org.evosuite.runtime.instrumentation.EvoClassLoader - Instrumenting class 'org.jinstagram.entity.media.MediaInfoFeed_ESTest'.
23:47:04.425 [main] INFO org.evosuite.runtime.instrumentation.EvoClassLoader - Seeing class for first time: org.jinstagram.entity.media.MediaInfoFeed_ESTest_scaffolding
23:47:04.425 [main] INFO org.evosuite.runtime.instrumentation.EvoClassLoader - Instrumenting class 'org.jinstagram.entity.media.MediaInfoFeed_ESTest_scaffolding'.
23:47:04.429 [main] INFO org.evosuite.runtime.instrumentation.EvoClassLoader - Keeping class: org.jinstagram.entity.media.MediaInfoFeed_ESTest_scaffolding
23:47:04.429 [main] INFO org.evosuite.runtime.instrumentation.EvoClassLoader - Keeping class: org.jinstagram.entity.media.MediaInfoFeed_ESTest
23:47:05.465 [main] DEBUG org.evosuite.runtime.sandbox.MSecurityManager - Adding privileged thread: "Reference Handler"
23:47:05.466 [main] DEBUG org.evosuite.runtime.sandbox.MSecurityManager - Adding privileged thread: "Finalizer"
23:47:05.467 [main] DEBUG org.evosuite.runtime.sandbox.MSecurityManager - Adding privileged thread: "Signal Dispatcher"
23:47:05.467 [main] DEBUG org.evosuite.runtime.sandbox.MSecurityManager - Adding privileged thread: "AppKit Thread"
23:47:05.467 [main] DEBUG org.evosuite.runtime.sandbox.MSecurityManager - Adding privileged thread: "AWT-Shutdown"
23:47:05.467 [main] DEBUG org.evosuite.runtime.sandbox.MSecurityManager - Adding privileged thread: "Java2D Queue Flusher"
23:47:05.467 [main] DEBUG org.evosuite.runtime.sandbox.MSecurityManager - Adding privileged thread: "Java2D Disposer"
23:47:05.467 [main] DEBUG org.evosuite.runtime.sandbox.MSecurityManager - Adding privileged thread: "main"
23:47:05.467 [main] DEBUG org.evosuite.runtime.sandbox.MSecurityManager - Adding privileged thread: "surefire-forkedjvm-stream-flusher"
23:47:05.467 [main] DEBUG org.evosuite.runtime.sandbox.MSecurityManager - Adding privileged thread: "surefire-forkedjvm-command-thread"
23:47:05.519 [main] INFO org.evosuite.runtime.instrumentation.EvoClassLoader - Seeing class for first time: org.jinstagram.InstagramResponse
23:47:05.519 [main] INFO org.evosuite.runtime.instrumentation.EvoClassLoader - Instrumenting class 'org.jinstagram.InstagramResponse'.
23:47:05.611 [main] INFO org.evosuite.runtime.instrumentation.EvoClassLoader - Defined package (3): package org.jinstagram, 657905618
23:47:05.612 [main] INFO org.evosuite.runtime.instrumentation.EvoClassLoader - Keeping class: org.jinstagram.InstagramResponse
23:47:05.614 [main] INFO org.evosuite.runtime.instrumentation.EvoClassLoader - Seeing class for first time: org.jinstagram.entity.common.Videos
23:47:05.614 [main] INFO org.evosuite.runtime.instrumentation.EvoClassLoader - Instrumenting class 'org.jinstagram.entity.common.Videos'.
23:47:05.617 [main] INFO org.evosuite.runtime.instrumentation.MethodCallReplacementClassAdapter - Adding mock interface to class org/jinstagram/entity/common/Videos
23:47:05.789 [main] INFO org.evosuite.runtime.instrumentation.CreateClassResetClassAdapter - Creating brand-new static initializer in class org/jinstagram/entity/common/Videos
23:47:05.790 [main] INFO org.evosuite.runtime.instrumentation.EvoClassLoader - Defined package (3): package org.jinstagram.entity.common, 1839157562
23:47:05.791 [main] INFO org.evosuite.runtime.instrumentation.EvoClassLoader - Keeping class: org.jinstagram.entity.common.Videos
23:47:05.792 [main] INFO org.evosuite.runtime.instrumentation.EvoClassLoader - Seeing class for first time: org.jinstagram.entity.common.Comments
23:47:05.792 [main] INFO org.evosuite.runtime.instrumentation.EvoClassLoader - Instrumenting class 'org.jinstagram.entity.common.Comments'.
23:47:05.796 [main] INFO org.evosuite.runtime.instrumentation.MethodCallReplacementClassAdapter - Adding mock interface to class org/jinstagram/entity/common/Comments
23:47:05.797 [main] INFO org.evosuite.runtime.instrumentation.CreateClassResetClassAdapter - Creating brand-new static initializer in class org/jinstagram/entity/common/Comments
23:47:05.798 [main] INFO org.evosuite.runtime.instrumentation.EvoClassLoader - Keeping class: org.jinstagram.entity.common.Comments
23:47:05.798 [main] INFO org.evosuite.runtime.instrumentation.EvoClassLoader - Seeing class for first time: org.jinstagram.entity.media.MediaInfoFeed
23:47:05.798 [main] INFO org.evosuite.runtime.instrumentation.EvoClassLoader - Instrumenting class 'org.jinstagram.entity.media.MediaInfoFeed'.
23:47:05.801 [main] INFO org.evosuite.runtime.instrumentation.MethodCallReplacementClassAdapter - Adding mock interface to class org/jinstagram/entity/media/MediaInfoFeed
23:47:05.803 [main] INFO org.evosuite.runtime.instrumentation.CreateClassResetClassAdapter - Creating brand-new static initializer in class org/jinstagram/entity/media/MediaInfoFeed
23:47:05.803 [main] INFO org.evosuite.runtime.instrumentation.EvoClassLoader - Seeing class for first time: org.jinstagram.InstagramObject
23:47:05.803 [main] INFO org.evosuite.runtime.instrumentation.EvoClassLoader - Instrumenting class 'org.jinstagram.InstagramObject'.
23:47:05.804 [main] INFO org.evosuite.runtime.instrumentation.MethodCallReplacementClassAdapter - Adding mock interface to class org/jinstagram/InstagramObject
23:47:05.805 [main] INFO org.evosuite.runtime.instrumentation.CreateClassResetClassAdapter - Creating brand-new static initializer in class org/jinstagram/InstagramObject
23:47:05.805 [main] INFO org.evosuite.runtime.instrumentation.EvoClassLoader - Keeping class: org.jinstagram.InstagramObject
23:47:05.805 [main] INFO org.evosuite.runtime.instrumentation.EvoClassLoader - Keeping class: org.jinstagram.entity.media.MediaInfoFeed
23:47:05.805 [main] INFO org.evosuite.runtime.instrumentation.EvoClassLoader - Seeing class for first time: org.jinstagram.entity.common.Meta
23:47:05.806 [main] INFO org.evosuite.runtime.instrumentation.EvoClassLoader - Instrumenting class 'org.jinstagram.entity.common.Meta'.
23:47:05.807 [main] INFO org.evosuite.runtime.instrumentation.MethodCallReplacementClassAdapter - Adding mock interface to class org/jinstagram/entity/common/Meta
23:47:05.809 [main] INFO org.evosuite.runtime.instrumentation.CreateClassResetClassAdapter - Creating brand-new static initializer in class org/jinstagram/entity/common/Meta
23:47:05.809 [main] INFO org.evosuite.runtime.instrumentation.EvoClassLoader - Keeping class: org.jinstagram.entity.common.Meta
23:47:05.810 [main] INFO org.evosuite.runtime.instrumentation.EvoClassLoader - Seeing class for first time: org.jinstagram.entity.common.Images
23:47:05.810 [main] INFO org.evosuite.runtime.instrumentation.EvoClassLoader - Instrumenting class 'org.jinstagram.entity.common.Images'.
23:47:05.811 [main] INFO org.evosuite.runtime.instrumentation.MethodCallReplacementClassAdapter - Adding mock interface to class org/jinstagram/entity/common/Images
23:47:05.813 [main] INFO org.evosuite.runtime.instrumentation.CreateClassResetClassAdapter - Creating brand-new static initializer in class org/jinstagram/entity/common/Images
23:47:05.813 [main] INFO org.evosuite.runtime.instrumentation.EvoClassLoader - Keeping class: org.jinstagram.entity.common.Images
23:47:05.818 [main] INFO org.evosuite.runtime.instrumentation.EvoClassLoader - Seeing class for first time: org.jinstagram.entity.common.User
23:47:05.818 [main] INFO org.evosuite.runtime.instrumentation.EvoClassLoader - Instrumenting class 'org.jinstagram.entity.common.User'.
23:47:05.819 [main] INFO org.evosuite.runtime.instrumentation.MethodCallReplacementClassAdapter - Adding mock interface to class org/jinstagram/entity/common/User
23:47:05.820 [main] INFO org.evosuite.runtime.instrumentation.CreateClassResetClassAdapter - Creating brand-new static initializer in class org/jinstagram/entity/common/User
23:47:05.821 [main] INFO org.evosuite.runtime.instrumentation.EvoClassLoader - Keeping class: org.jinstagram.entity.common.User
23:47:05.821 [main] INFO org.evosuite.runtime.instrumentation.EvoClassLoader - Seeing class for first time: org.jinstagram.entity.users.feed.MediaFeedData
23:47:05.821 [main] INFO org.evosuite.runtime.instrumentation.EvoClassLoader - Instrumenting class 'org.jinstagram.entity.users.feed.MediaFeedData'.
23:47:05.823 [main] INFO org.evosuite.runtime.instrumentation.MethodCallReplacementClassAdapter - Adding mock interface to class org/jinstagram/entity/users/feed/MediaFeedData
23:47:05.829 [main] INFO org.evosuite.runtime.instrumentation.CreateClassResetClassAdapter - Creating brand-new static initializer in class org/jinstagram/entity/users/feed/MediaFeedData
23:47:05.829 [main] INFO org.evosuite.runtime.instrumentation.CreateClassResetClassAdapter - Adding bytecode for initializing field TYPE_IMAGE
23:47:05.829 [main] INFO org.evosuite.runtime.instrumentation.CreateClassResetClassAdapter - Adding bytecode for initializing field TYPE_VIDEO
23:47:05.831 [main] INFO org.evosuite.runtime.instrumentation.CreateClassResetClassAdapter - Adding bytecode for initializing field TYPE_CAROUSEL
23:47:05.832 [main] INFO org.evosuite.runtime.instrumentation.EvoClassLoader - Defined package (3): package org.jinstagram.entity.users.feed, 1240399251
23:47:05.832 [main] INFO org.evosuite.runtime.instrumentation.EvoClassLoader - Keeping class: org.jinstagram.entity.users.feed.MediaFeedData
23:47:05.833 [main] INFO org.evosuite.runtime.instrumentation.EvoClassLoader - Seeing class for first time: org.jinstagram.entity.common.Location
23:47:05.833 [main] INFO org.evosuite.runtime.instrumentation.EvoClassLoader - Instrumenting class 'org.jinstagram.entity.common.Location'.
23:47:05.835 [main] INFO org.evosuite.runtime.instrumentation.MethodCallReplacementClassAdapter - Adding mock interface to class org/jinstagram/entity/common/Location
23:47:05.839 [main] INFO org.evosuite.runtime.instrumentation.CreateClassResetClassAdapter - Creating brand-new static initializer in class org/jinstagram/entity/common/Location
23:47:05.840 [main] INFO org.evosuite.runtime.instrumentation.EvoClassLoader - Keeping class: org.jinstagram.entity.common.Location
23:47:05.841 [main] INFO org.evosuite.runtime.instrumentation.EvoClassLoader - Seeing class for first time: org.jinstagram.entity.common.Likes
23:47:05.841 [main] INFO org.evosuite.runtime.instrumentation.EvoClassLoader - Instrumenting class 'org.jinstagram.entity.common.Likes'.
23:47:05.843 [main] INFO org.evosuite.runtime.instrumentation.MethodCallReplacementClassAdapter - Adding mock interface to class org/jinstagram/entity/common/Likes
23:47:05.846 [main] INFO org.evosuite.runtime.instrumentation.CreateClassResetClassAdapter - Creating brand-new static initializer in class org/jinstagram/entity/common/Likes
23:47:05.846 [main] INFO org.evosuite.runtime.instrumentation.EvoClassLoader - Keeping class: org.jinstagram.entity.common.Likes
23:47:05.846 [main] INFO org.evosuite.runtime.instrumentation.EvoClassLoader - Seeing class for first time: org.jinstagram.entity.common.Caption
23:47:05.847 [main] INFO org.evosuite.runtime.instrumentation.EvoClassLoader - Instrumenting class 'org.jinstagram.entity.common.Caption'.
23:47:05.848 [main] INFO org.evosuite.runtime.instrumentation.MethodCallReplacementClassAdapter - Adding mock interface to class org/jinstagram/entity/common/Caption
23:47:05.851 [main] INFO org.evosuite.runtime.instrumentation.CreateClassResetClassAdapter - Creating brand-new static initializer in class org/jinstagram/entity/common/Caption
23:47:05.851 [main] INFO org.evosuite.runtime.instrumentation.EvoClassLoader - Keeping class: org.jinstagram.entity.common.Caption
23:47:05.852 [main] INFO org.evosuite.runtime.instrumentation.EvoClassLoader - Seeing class for first time: org.jinstagram.entity.common.VideoData
23:47:05.852 [main] INFO org.evosuite.runtime.instrumentation.EvoClassLoader - Instrumenting class 'org.jinstagram.entity.common.VideoData'.
23:47:05.852 [main] INFO org.evosuite.runtime.instrumentation.MethodCallReplacementClassAdapter - Adding mock interface to class org/jinstagram/entity/common/VideoData
23:47:05.853 [main] INFO org.evosuite.runtime.instrumentation.CreateClassResetClassAdapter - Creating brand-new static initializer in class org/jinstagram/entity/common/VideoData
23:47:05.853 [main] INFO org.evosuite.runtime.instrumentation.EvoClassLoader - Keeping class: org.jinstagram.entity.common.VideoData
23:47:05.854 [main] INFO org.evosuite.runtime.instrumentation.EvoClassLoader - Seeing class for first time: org.jinstagram.entity.common.ImageData
23:47:05.854 [main] INFO org.evosuite.runtime.instrumentation.EvoClassLoader - Instrumenting class 'org.jinstagram.entity.common.ImageData'.
23:47:05.854 [main] INFO org.evosuite.runtime.instrumentation.MethodCallReplacementClassAdapter - Adding mock interface to class org/jinstagram/entity/common/ImageData
23:47:05.855 [main] INFO org.evosuite.runtime.instrumentation.CreateClassResetClassAdapter - Creating brand-new static initializer in class org/jinstagram/entity/common/ImageData
23:47:05.855 [main] INFO org.evosuite.runtime.instrumentation.EvoClassLoader - Keeping class: org.jinstagram.entity.common.ImageData
23:47:05.855 [main] INFO org.evosuite.runtime.instrumentation.EvoClassLoader - Seeing class for first time: org.jinstagram.entity.common.FromTagData
23:47:05.855 [main] INFO org.evosuite.runtime.instrumentation.EvoClassLoader - Instrumenting class 'org.jinstagram.entity.common.FromTagData'.
23:47:05.856 [main] INFO org.evosuite.runtime.instrumentation.MethodCallReplacementClassAdapter - Adding mock interface to class org/jinstagram/entity/common/FromTagData
23:47:05.862 [main] INFO org.evosuite.runtime.instrumentation.CreateClassResetClassAdapter - Creating brand-new static initializer in class org/jinstagram/entity/common/FromTagData
23:47:05.863 [main] INFO org.evosuite.runtime.instrumentation.EvoClassLoader - Keeping class: org.jinstagram.entity.common.FromTagData
23:47:05.906 [main] INFO org.evosuite.runtime.instrumentation.EvoClassLoader - Seeing class for first time: org.jinstagram.http.APILimitUtils
23:47:05.906 [main] INFO org.evosuite.runtime.instrumentation.EvoClassLoader - Instrumenting class 'org.jinstagram.http.APILimitUtils'.
23:47:05.921 [main] INFO org.evosuite.runtime.instrumentation.MethodCallReplacementClassAdapter - Adding mock interface to class org/jinstagram/http/APILimitUtils
23:47:05.930 [main] INFO org.evosuite.runtime.instrumentation.CreateClassResetClassAdapter - Found static initializer in class org/jinstagram/http/APILimitUtils
23:47:05.931 [main] INFO org.evosuite.runtime.instrumentation.EvoClassLoader - Defined package (3): package org.jinstagram.http, 898268452
23:47:05.932 [main] INFO org.evosuite.runtime.instrumentation.EvoClassLoader - Keeping class: org.jinstagram.http.APILimitUtils
23:47:05.937 [main] INFO org.evosuite.runtime.instrumentation.EvoClassLoader - Seeing class for first time: org.jinstagram.entity.users.feed.CarouselMedia
23:47:05.937 [main] INFO org.evosuite.runtime.instrumentation.EvoClassLoader - Instrumenting class 'org.jinstagram.entity.users.feed.CarouselMedia'.
23:47:05.939 [main] INFO org.evosuite.runtime.instrumentation.MethodCallReplacementClassAdapter - Adding mock interface to class org/jinstagram/entity/users/feed/CarouselMedia
23:47:05.944 [main] INFO org.evosuite.runtime.instrumentation.CreateClassResetClassAdapter - Creating brand-new static initializer in class org/jinstagram/entity/users/feed/CarouselMedia
23:47:05.945 [main] INFO org.evosuite.runtime.instrumentation.EvoClassLoader - Keeping class: org.jinstagram.entity.users.feed.CarouselMedia
23:47:05.947 [main] INFO org.evosuite.runtime.instrumentation.EvoClassLoader - Seeing class for first time: org.jinstagram.entity.common.UsersInPhoto
23:47:05.947 [main] INFO org.evosuite.runtime.instrumentation.EvoClassLoader - Instrumenting class 'org.jinstagram.entity.common.UsersInPhoto'.
23:47:05.949 [main] INFO org.evosuite.runtime.instrumentation.MethodCallReplacementClassAdapter - Adding mock interface to class org/jinstagram/entity/common/UsersInPhoto
23:47:05.951 [main] INFO org.evosuite.runtime.instrumentation.CreateClassResetClassAdapter - Creating brand-new static initializer in class org/jinstagram/entity/common/UsersInPhoto
23:47:05.951 [main] INFO org.evosuite.runtime.instrumentation.EvoClassLoader - Keeping class: org.jinstagram.entity.common.UsersInPhoto
23:47:05.952 [main] INFO org.evosuite.runtime.instrumentation.EvoClassLoader - Seeing class for first time: org.jinstagram.entity.common.GridPosition
23:47:05.952 [main] INFO org.evosuite.runtime.instrumentation.EvoClassLoader - Instrumenting class 'org.jinstagram.entity.common.GridPosition'.
23:47:05.954 [main] INFO org.evosuite.runtime.instrumentation.MethodCallReplacementClassAdapter - Adding mock interface to class org/jinstagram/entity/common/GridPosition
23:47:05.957 [main] INFO org.evosuite.runtime.instrumentation.CreateClassResetClassAdapter - Creating brand-new static initializer in class org/jinstagram/entity/common/GridPosition
23:47:05.958 [main] INFO org.evosuite.runtime.instrumentation.EvoClassLoader - Keeping class: org.jinstagram.entity.common.GridPosition
23:47:05.959 [main] INFO org.evosuite.runtime.instrumentation.EvoClassLoader - Seeing class for first time: org.jinstagram.entity.comments.CommentData
23:47:05.959 [main] INFO org.evosuite.runtime.instrumentation.EvoClassLoader - Instrumenting class 'org.jinstagram.entity.comments.CommentData'.
23:47:05.962 [main] INFO org.evosuite.runtime.instrumentation.MethodCallReplacementClassAdapter - Adding mock interface to class org/jinstagram/entity/comments/CommentData
23:47:05.963 [main] INFO org.evosuite.runtime.instrumentation.CreateClassResetClassAdapter - Creating brand-new static initializer in class org/jinstagram/entity/comments/CommentData
23:47:05.964 [main] INFO org.evosuite.runtime.instrumentation.EvoClassLoader - Defined package (3): package org.jinstagram.entity.comments, -2096403069
23:47:05.964 [main] INFO org.evosuite.runtime.instrumentation.EvoClassLoader - Keeping class: org.jinstagram.entity.comments.CommentData
]]></system-out>
    <system-err><![CDATA[Warning: the font "Times" is not available, so "Lucida Bright" has been substituted, but may have unexpected appearance or behavor. Re-enable the "Times" font to remove this warning.
]]></system-err>
  </testcase>
</testsuite>