<?xml version="1.0" encoding="UTF-8"?>
<testsuite xmlns:xsi="http://www.w3.org/2001/XMLSchema-instance" xsi:noNamespaceSchemaLocation="https://maven.apache.org/surefire/maven-surefire-plugin/xsd/surefire-test-report-3.0.xsd" version="3.0" name="org.jinstagram.auth.oauth.InstagramService_ESTest" time="2.153" tests="1" errors="1" skipped="0" failures="0">
  <properties>
    <property name="gopherProxySet" value="false"/>
    <property name="awt.toolkit" value="sun.lwawt.macosx.LWCToolkit"/>
    <property name="socksProxyHost" value="127.0.0.1"/>
    <property name="http.proxyHost" value="127.0.0.1"/>
    <property name="java.specification.version" value="1.8"/>
    <property name="file.encoding.pkg" value="sun.io"/>
    <property name="sun.cpu.isalist" value=""/>
    <property name="sun.jnu.encoding" value="UTF-8"/>
    <property name="java.class.path" value="/Users/zhi/Documents/PH.D/Project/Testing/ChatTESTER/CodePackage/Prompt2Testing/repo_get/Four_project/sachin-handiekar_jInstagram/target/test-classes:/Users/zhi/Documents/PH.D/Project/Testing/ChatTESTER/CodePackage/Prompt2Testing/repo_get/Four_project/sachin-handiekar_jInstagram/target/classes:/Users/zhi/.m2/repository/com/google/code/gson/gson/2.7/gson-2.7.jar:/Users/zhi/.m2/repository/org/apache/commons/commons-lang3/3.4/commons-lang3-3.4.jar:/Users/zhi/.m2/repository/commons-codec/commons-codec/1.10/commons-codec-1.10.jar:/Users/zhi/.m2/repository/org/slf4j/slf4j-api/1.7.21/slf4j-api-1.7.21.jar:/Users/zhi/.m2/repository/junit/junit/4.12/junit-4.12.jar:/Users/zhi/.m2/repository/org/hamcrest/hamcrest-core/1.3/hamcrest-core-1.3.jar:/Users/zhi/.m2/repository/org/mockito/mockito-core/1.10.19/mockito-core-1.10.19.jar:/Users/zhi/.m2/repository/org/objenesis/objenesis/2.1/objenesis-2.1.jar:/Users/zhi/.m2/repository/ch/qos/logback/logback-classic/1.1.7/logback-classic-1.1.7.jar:/Users/zhi/.m2/repository/ch/qos/logback/logback-core/1.1.7/logback-core-1.1.7.jar:/Users/zhi/.m2/repository/org/powermock/powermock-api-mockito/1.6.6/powermock-api-mockito-1.6.6.jar:/Users/zhi/.m2/repository/org/powermock/powermock-api-mockito-common/1.6.6/powermock-api-mockito-common-1.6.6.jar:/Users/zhi/.m2/repository/org/powermock/powermock-api-support/1.6.6/powermock-api-support-1.6.6.jar:/Users/zhi/.m2/repository/org/powermock/powermock-module-junit4/1.6.6/powermock-module-junit4-1.6.6.jar:/Users/zhi/.m2/repository/org/powermock/powermock-module-junit4-common/1.6.6/powermock-module-junit4-common-1.6.6.jar:/Users/zhi/.m2/repository/org/powermock/powermock-core/1.6.6/powermock-core-1.6.6.jar:/Users/zhi/.m2/repository/org/javassist/javassist/3.21.0-GA/javassist-3.21.0-GA.jar:/Users/zhi/.m2/repository/org/powermock/powermock-reflect/1.6.6/powermock-reflect-1.6.6.jar:/Users/zhi/.m2/repository/org/evosuite/evosuite-standalone-runtime/1.2.0/evosuite-standalone-runtime-1.2.0.jar:/Users/zhi/.m2/repository/org/junit/jupiter/junit-jupiter-api/5.9.0/junit-jupiter-api-5.9.0.jar:/Users/zhi/.m2/repository/org/opentest4j/opentest4j/1.2.0/opentest4j-1.2.0.jar:/Users/zhi/.m2/repository/org/junit/platform/junit-platform-commons/1.9.0/junit-platform-commons-1.9.0.jar:/Users/zhi/.m2/repository/org/apiguardian/apiguardian-api/1.1.2/apiguardian-api-1.1.2.jar:"/>
    <property name="https.proxyPort" value="7890"/>
    <property name="java.vm.vendor" value="Oracle Corporation"/>
    <property name="sun.arch.data.model" value="64"/>
    <property name="java.vendor.url" value="http://java.oracle.com/"/>
    <property name="user.timezone" value="Asia/Shanghai"/>
    <property name="java.vm.specification.version" value="1.8"/>
    <property name="os.name" value="Mac OS X"/>
    <property name="user.country" value="US"/>
    <property name="sun.java.launcher" value="SUN_STANDARD"/>
    <property name="sun.boot.library.path" value="/Library/Java/JavaVirtualMachines/jdk1.8.0_131.jdk/Contents/Home/jre/lib"/>
    <property name="sun.java.command" value="/Users/zhi/Documents/PH.D/Project/Testing/ChatTESTER/CodePackage/Prompt2Testing/repo_get/Four_project/sachin-handiekar_jInstagram/target/surefire/surefirebooter-20240212164025352_3.jar /Users/zhi/Documents/PH.D/Project/Testing/ChatTESTER/CodePackage/Prompt2Testing/repo_get/Four_project/sachin-handiekar_jInstagram/target/surefire 2024-02-12T16-40-25_055-jvmRun1 surefire-20240212164025352_1tmp surefire_0-20240212164025352_2tmp"/>
    <property name="http.nonProxyHosts" value="192.168.0.0/16|*.192.168.0.0/16|10.0.0.0/8|*.10.0.0.0/8|172.16.0.0/12|*.172.16.0.0/12|127.0.0.1|localhost|*.localhost|local|*.local|timestamp.apple.com|*.timestamp.apple.com|sequoia.apple.com|*.sequoia.apple.com|seed-sequoia.siri.apple.com|*.seed-sequoia.siri.apple.com"/>
    <property name="surefire.test.class.path" value="/Users/zhi/Documents/PH.D/Project/Testing/ChatTESTER/CodePackage/Prompt2Testing/repo_get/Four_project/sachin-handiekar_jInstagram/target/test-classes:/Users/zhi/Documents/PH.D/Project/Testing/ChatTESTER/CodePackage/Prompt2Testing/repo_get/Four_project/sachin-handiekar_jInstagram/target/classes:/Users/zhi/.m2/repository/com/google/code/gson/gson/2.7/gson-2.7.jar:/Users/zhi/.m2/repository/org/apache/commons/commons-lang3/3.4/commons-lang3-3.4.jar:/Users/zhi/.m2/repository/commons-codec/commons-codec/1.10/commons-codec-1.10.jar:/Users/zhi/.m2/repository/org/slf4j/slf4j-api/1.7.21/slf4j-api-1.7.21.jar:/Users/zhi/.m2/repository/junit/junit/4.12/junit-4.12.jar:/Users/zhi/.m2/repository/org/hamcrest/hamcrest-core/1.3/hamcrest-core-1.3.jar:/Users/zhi/.m2/repository/org/mockito/mockito-core/1.10.19/mockito-core-1.10.19.jar:/Users/zhi/.m2/repository/org/objenesis/objenesis/2.1/objenesis-2.1.jar:/Users/zhi/.m2/repository/ch/qos/logback/logback-classic/1.1.7/logback-classic-1.1.7.jar:/Users/zhi/.m2/repository/ch/qos/logback/logback-core/1.1.7/logback-core-1.1.7.jar:/Users/zhi/.m2/repository/org/powermock/powermock-api-mockito/1.6.6/powermock-api-mockito-1.6.6.jar:/Users/zhi/.m2/repository/org/powermock/powermock-api-mockito-common/1.6.6/powermock-api-mockito-common-1.6.6.jar:/Users/zhi/.m2/repository/org/powermock/powermock-api-support/1.6.6/powermock-api-support-1.6.6.jar:/Users/zhi/.m2/repository/org/powermock/powermock-module-junit4/1.6.6/powermock-module-junit4-1.6.6.jar:/Users/zhi/.m2/repository/org/powermock/powermock-module-junit4-common/1.6.6/powermock-module-junit4-common-1.6.6.jar:/Users/zhi/.m2/repository/org/powermock/powermock-core/1.6.6/powermock-core-1.6.6.jar:/Users/zhi/.m2/repository/org/javassist/javassist/3.21.0-GA/javassist-3.21.0-GA.jar:/Users/zhi/.m2/repository/org/powermock/powermock-reflect/1.6.6/powermock-reflect-1.6.6.jar:/Users/zhi/.m2/repository/org/evosuite/evosuite-standalone-runtime/1.2.0/evosuite-standalone-runtime-1.2.0.jar:/Users/zhi/.m2/repository/org/junit/jupiter/junit-jupiter-api/5.9.0/junit-jupiter-api-5.9.0.jar:/Users/zhi/.m2/repository/org/opentest4j/opentest4j/1.2.0/opentest4j-1.2.0.jar:/Users/zhi/.m2/repository/org/junit/platform/junit-platform-commons/1.9.0/junit-platform-commons-1.9.0.jar:/Users/zhi/.m2/repository/org/apiguardian/apiguardian-api/1.1.2/apiguardian-api-1.1.2.jar:"/>
    <property name="sun.cpu.endian" value="little"/>
    <property name="user.home" value="/Users/zhi"/>
    <property name="user.language" value="en"/>
    <property name="java.specification.vendor" value="Oracle Corporation"/>
    <property name="java.home" value="/Library/Java/JavaVirtualMachines/jdk1.8.0_131.jdk/Contents/Home/jre"/>
    <property name="basedir" value="/Users/zhi/Documents/PH.D/Project/Testing/ChatTESTER/CodePackage/Prompt2Testing/repo_get/Four_project/sachin-handiekar_jInstagram"/>
    <property name="https.proxyHost" value="127.0.0.1"/>
    <property name="file.separator" value="/"/>
    <property name="checkstyle.skip" value="true"/>
    <property name="line.separator" value="&#10;"/>
    <property name="java.vm.specification.vendor" value="Oracle Corporation"/>
    <property name="java.specification.name" value="Java Platform API Specification"/>
    <property name="java.awt.graphicsenv" value="sun.awt.CGraphicsEnvironment"/>
    <property name="surefire.real.class.path" value="/Users/zhi/Documents/PH.D/Project/Testing/ChatTESTER/CodePackage/Prompt2Testing/repo_get/Four_project/sachin-handiekar_jInstagram/target/surefire/surefirebooter-20240212164025352_3.jar"/>
    <property name="sun.boot.class.path" value="/Library/Java/JavaVirtualMachines/jdk1.8.0_131.jdk/Contents/Home/jre/lib/resources.jar:/Library/Java/JavaVirtualMachines/jdk1.8.0_131.jdk/Contents/Home/jre/lib/rt.jar:/Library/Java/JavaVirtualMachines/jdk1.8.0_131.jdk/Contents/Home/jre/lib/sunrsasign.jar:/Library/Java/JavaVirtualMachines/jdk1.8.0_131.jdk/Contents/Home/jre/lib/jsse.jar:/Library/Java/JavaVirtualMachines/jdk1.8.0_131.jdk/Contents/Home/jre/lib/jce.jar:/Library/Java/JavaVirtualMachines/jdk1.8.0_131.jdk/Contents/Home/jre/lib/charsets.jar:/Library/Java/JavaVirtualMachines/jdk1.8.0_131.jdk/Contents/Home/jre/lib/jfr.jar:/Library/Java/JavaVirtualMachines/jdk1.8.0_131.jdk/Contents/Home/jre/classes"/>
    <property name="sun.management.compiler" value="HotSpot 64-Bit Tiered Compilers"/>
    <property name="ftp.nonProxyHosts" value="192.168.0.0/16|*.192.168.0.0/16|10.0.0.0/8|*.10.0.0.0/8|172.16.0.0/12|*.172.16.0.0/12|127.0.0.1|localhost|*.localhost|local|*.local|timestamp.apple.com|*.timestamp.apple.com|sequoia.apple.com|*.sequoia.apple.com|seed-sequoia.siri.apple.com|*.seed-sequoia.siri.apple.com"/>
    <property name="java.runtime.version" value="1.8.0_131-b11"/>
    <property name="user.name" value="zhi"/>
    <property name="path.separator" value=":"/>
    <property name="os.version" value="10.16"/>
    <property name="java.endorsed.dirs" value="/Library/Java/JavaVirtualMachines/jdk1.8.0_131.jdk/Contents/Home/jre/lib/endorsed"/>
    <property name="java.runtime.name" value="Java(TM) SE Runtime Environment"/>
    <property name="file.encoding" value="UTF-8"/>
    <property name="java.vm.name" value="Java HotSpot(TM) 64-Bit Server VM"/>
    <property name="localRepository" value="/Users/zhi/.m2/repository"/>
    <property name="java.vendor.url.bug" value="http://bugreport.sun.com/bugreport/"/>
    <property name="java.io.tmpdir" value="/var/folders/8x/v938mdr1749_v11p_3wlpvn00000gn/T/"/>
    <property name="java.version" value="1.8.0_131"/>
    <property name="user.dir" value="/Users/zhi/Documents/PH.D/Project/Testing/ChatTESTER/CodePackage/Prompt2Testing/repo_get/Four_project/sachin-handiekar_jInstagram"/>
    <property name="os.arch" value="x86_64"/>
    <property name="socksProxyPort" value="7891"/>
    <property name="java.vm.specification.name" value="Java Virtual Machine Specification"/>
    <property name="java.awt.printerjob" value="sun.lwawt.macosx.CPrinterJob"/>
    <property name="sun.os.patch.level" value="unknown"/>
    <property name="java.library.path" value="/Users/zhi/Library/Java/Extensions:/Library/Java/Extensions:/Network/Library/Java/Extensions:/System/Library/Java/Extensions:/usr/lib/java:."/>
    <property name="java.vm.info" value="mixed mode"/>
    <property name="java.vendor" value="Oracle Corporation"/>
    <property name="java.vm.version" value="25.131-b11"/>
    <property name="java.ext.dirs" value="/Users/zhi/Library/Java/Extensions:/Library/Java/JavaVirtualMachines/jdk1.8.0_131.jdk/Contents/Home/jre/lib/ext:/Library/Java/Extensions:/Network/Library/Java/Extensions:/System/Library/Java/Extensions:/usr/lib/java"/>
    <property name="sun.io.unicode.encoding" value="UnicodeBig"/>
    <property name="java.class.version" value="52.0"/>
    <property name="socksNonProxyHosts" value="192.168.0.0/16|*.192.168.0.0/16|10.0.0.0/8|*.10.0.0.0/8|172.16.0.0/12|*.172.16.0.0/12|127.0.0.1|localhost|*.localhost|local|*.local|timestamp.apple.com|*.timestamp.apple.com|sequoia.apple.com|*.sequoia.apple.com|seed-sequoia.siri.apple.com|*.seed-sequoia.siri.apple.com"/>
    <property name="http.proxyPort" value="7890"/>
  </properties>
  <testcase name="testGetAuthorizationUrl" classname="org.jinstagram.auth.oauth.InstagramService_ESTest" time="0.379">
    <error type="java.lang.ExceptionInInitializerError"><![CDATA[java.lang.ExceptionInInitializerError
	at org.mockito.internal.exceptions.stacktrace.ConditionalStackTraceFilter.<init>(ConditionalStackTraceFilter.java:17)
	at org.mockito.exceptions.base.MockitoException.filterStackTrace(MockitoException.java:41)
	at org.mockito.exceptions.base.MockitoException.<init>(MockitoException.java:30)
	at org.mockito.exceptions.misusing.MockitoConfigurationException.<init>(MockitoConfigurationException.java:18)
	at org.mockito.internal.configuration.plugins.PluginLoader.loadImpl(PluginLoader.java:66)
	at org.mockito.internal.configuration.plugins.PluginLoader.loadPlugin(PluginLoader.java:24)
	at org.mockito.internal.configuration.plugins.PluginRegistry.<init>(PluginRegistry.java:12)
	at org.mockito.internal.configuration.plugins.Plugins.<clinit>(Plugins.java)
	at org.mockito.internal.util.MockUtil.<clinit>(MockUtil.java)
	at org.mockito.internal.MockitoCore.<init>(MockitoCore.java:44)
	at org.mockito.Mockito.<clinit>(Mockito.java)
	at org.jinstagram.auth.oauth.InstagramService_ESTest.testGetAuthorizationUrl(InstagramService_ESTest.java:30)
	at sun.reflect.NativeMethodAccessorImpl.invoke0(Native Method)
	at sun.reflect.NativeMethodAccessorImpl.invoke(NativeMethodAccessorImpl.java:62)
	at sun.reflect.DelegatingMethodAccessorImpl.invoke(DelegatingMethodAccessorImpl.java:43)
	at java.lang.reflect.Method.invoke(Method.java:498)
	at org.junit.runners.model.FrameworkMethod$1.runReflectiveCall(FrameworkMethod.java:50)
	at org.junit.internal.runners.model.ReflectiveCallable.run(ReflectiveCallable.java:12)
	at org.junit.runners.model.FrameworkMethod.invokeExplosively(FrameworkMethod.java:47)
	at org.junit.internal.runners.statements.InvokeMethod.evaluate(InvokeMethod.java:17)
	at org.junit.internal.runners.statements.RunBefores.evaluate(RunBefores.java:26)
	at org.junit.internal.runners.statements.RunAfters.evaluate(RunAfters.java:27)
	at org.evosuite.runtime.vnet.NonFunctionalRequirementRule$1.evaluate(NonFunctionalRequirementRule.java:41)
	at org.junit.rules.RunRules.evaluate(RunRules.java:20)
	at org.junit.runners.ParentRunner.runLeaf(ParentRunner.java:325)
	at org.junit.runners.BlockJUnit4ClassRunner.runChild(BlockJUnit4ClassRunner.java:78)
	at org.junit.runners.BlockJUnit4ClassRunner.runChild(BlockJUnit4ClassRunner.java:57)
	at org.junit.runners.ParentRunner$3.run(ParentRunner.java:290)
	at org.junit.runners.ParentRunner$1.schedule(ParentRunner.java:71)
	at org.junit.runners.ParentRunner.runChildren(ParentRunner.java:288)
	at org.junit.runners.ParentRunner.access$000(ParentRunner.java:58)
	at org.junit.runners.ParentRunner$2.evaluate(ParentRunner.java:268)
	at org.junit.internal.runners.statements.RunBefores.evaluate(RunBefores.java:26)
	at org.junit.internal.runners.statements.RunAfters.evaluate(RunAfters.java:27)
	at org.junit.runners.ParentRunner.run(ParentRunner.java:363)
	at org.junit.runner.JUnitCore.run(JUnitCore.java:137)
	at org.junit.runner.JUnitCore.run(JUnitCore.java:115)
	at org.junit.vintage.engine.execution.RunnerExecutor.execute(RunnerExecutor.java:42)
	at org.junit.vintage.engine.VintageTestEngine.executeAllChildren(VintageTestEngine.java:80)
	at org.junit.vintage.engine.VintageTestEngine.execute(VintageTestEngine.java:72)
	at org.junit.platform.launcher.core.EngineExecutionOrchestrator.execute(EngineExecutionOrchestrator.java:147)
	at org.junit.platform.launcher.core.EngineExecutionOrchestrator.execute(EngineExecutionOrchestrator.java:127)
	at org.junit.platform.launcher.core.EngineExecutionOrchestrator.execute(EngineExecutionOrchestrator.java:90)
	at org.junit.platform.launcher.core.EngineExecutionOrchestrator.lambda$execute$0(EngineExecutionOrchestrator.java:55)
	at org.junit.platform.launcher.core.EngineExecutionOrchestrator.withInterceptedStreams(EngineExecutionOrchestrator.java:102)
	at org.junit.platform.launcher.core.EngineExecutionOrchestrator.execute(EngineExecutionOrchestrator.java:54)
	at org.junit.platform.launcher.core.DefaultLauncher.execute(DefaultLauncher.java:114)
	at org.junit.platform.launcher.core.DefaultLauncher.execute(DefaultLauncher.java:86)
	at org.junit.platform.launcher.core.DefaultLauncherSession$DelegatingLauncher.execute(DefaultLauncherSession.java:86)
	at org.apache.maven.surefire.junitplatform.LazyLauncher.execute(LazyLauncher.java:56)
	at org.apache.maven.surefire.junitplatform.JUnitPlatformProvider.execute(JUnitPlatformProvider.java:184)
	at org.apache.maven.surefire.junitplatform.JUnitPlatformProvider.invokeAllTests(JUnitPlatformProvider.java:148)
	at org.apache.maven.surefire.junitplatform.JUnitPlatformProvider.invoke(JUnitPlatformProvider.java:122)
	at org.apache.maven.surefire.booter.ForkedBooter.runSuitesInProcess(ForkedBooter.java:385)
	at org.apache.maven.surefire.booter.ForkedBooter.execute(ForkedBooter.java:162)
	at org.apache.maven.surefire.booter.ForkedBooter.run(ForkedBooter.java:507)
	at org.apache.maven.surefire.booter.ForkedBooter.main(ForkedBooter.java:495)
Caused by: java.lang.NullPointerException
	at org.mockito.internal.configuration.plugins.Plugins.getStackTraceCleanerProvider(Plugins.java:17)
	at org.mockito.internal.exceptions.stacktrace.StackTraceFilter.<clinit>(StackTraceFilter.java)
	... 57 more
]]></error>
    <system-out><![CDATA[16:40:26.229 [main] INFO org.evosuite.runtime.instrumentation.EvoClassLoader - Seeing class for first time: org.jinstagram.auth.oauth.InstagramService_ESTest
16:40:26.233 [main] INFO org.evosuite.runtime.instrumentation.EvoClassLoader - Instrumenting class 'org.jinstagram.auth.oauth.InstagramService_ESTest'.
16:40:26.264 [main] INFO org.evosuite.runtime.instrumentation.EvoClassLoader - Seeing class for first time: org.jinstagram.auth.oauth.InstagramService_ESTest_scaffolding
16:40:26.264 [main] INFO org.evosuite.runtime.instrumentation.EvoClassLoader - Instrumenting class 'org.jinstagram.auth.oauth.InstagramService_ESTest_scaffolding'.
16:40:26.267 [main] INFO org.evosuite.runtime.instrumentation.EvoClassLoader - Keeping class: org.jinstagram.auth.oauth.InstagramService_ESTest_scaffolding
16:40:26.268 [main] INFO org.evosuite.runtime.instrumentation.EvoClassLoader - Keeping class: org.jinstagram.auth.oauth.InstagramService_ESTest
16:40:26.358 [main] INFO org.evosuite.runtime.instrumentation.EvoClassLoader - Seeing class for first time: org.jinstagram.auth.oauth.InstagramService_ESTest
16:40:26.358 [main] INFO org.evosuite.runtime.instrumentation.EvoClassLoader - Instrumenting class 'org.jinstagram.auth.oauth.InstagramService_ESTest'.
16:40:26.360 [main] INFO org.evosuite.runtime.instrumentation.EvoClassLoader - Seeing class for first time: org.jinstagram.auth.oauth.InstagramService_ESTest_scaffolding
16:40:26.360 [main] INFO org.evosuite.runtime.instrumentation.EvoClassLoader - Instrumenting class 'org.jinstagram.auth.oauth.InstagramService_ESTest_scaffolding'.
16:40:26.363 [main] INFO org.evosuite.runtime.instrumentation.EvoClassLoader - Keeping class: org.jinstagram.auth.oauth.InstagramService_ESTest_scaffolding
16:40:26.363 [main] INFO org.evosuite.runtime.instrumentation.EvoClassLoader - Keeping class: org.jinstagram.auth.oauth.InstagramService_ESTest
16:40:27.616 [main] DEBUG org.evosuite.runtime.sandbox.MSecurityManager - Adding privileged thread: "Reference Handler"
16:40:27.617 [main] DEBUG org.evosuite.runtime.sandbox.MSecurityManager - Adding privileged thread: "Finalizer"
16:40:27.617 [main] DEBUG org.evosuite.runtime.sandbox.MSecurityManager - Adding privileged thread: "Signal Dispatcher"
16:40:27.617 [main] DEBUG org.evosuite.runtime.sandbox.MSecurityManager - Adding privileged thread: "AppKit Thread"
16:40:27.617 [main] DEBUG org.evosuite.runtime.sandbox.MSecurityManager - Adding privileged thread: "AWT-Shutdown"
16:40:27.617 [main] DEBUG org.evosuite.runtime.sandbox.MSecurityManager - Adding privileged thread: "Java2D Queue Flusher"
16:40:27.618 [main] DEBUG org.evosuite.runtime.sandbox.MSecurityManager - Adding privileged thread: "Java2D Disposer"
16:40:27.618 [main] DEBUG org.evosuite.runtime.sandbox.MSecurityManager - Adding privileged thread: "main"
16:40:27.618 [main] DEBUG org.evosuite.runtime.sandbox.MSecurityManager - Adding privileged thread: "surefire-forkedjvm-stream-flusher"
16:40:27.618 [main] DEBUG org.evosuite.runtime.sandbox.MSecurityManager - Adding privileged thread: "surefire-forkedjvm-command-thread"
16:40:27.680 [main] INFO org.evosuite.runtime.instrumentation.EvoClassLoader - Seeing class for first time: org.jinstagram.auth.model.OAuthRequest
16:40:27.680 [main] INFO org.evosuite.runtime.instrumentation.EvoClassLoader - Instrumenting class 'org.jinstagram.auth.model.OAuthRequest'.
16:40:27.694 [main] INFO org.evosuite.runtime.instrumentation.MethodCallReplacementClassAdapter - Adding mock interface to class org/jinstagram/auth/model/OAuthRequest
16:40:27.991 [main] INFO org.evosuite.runtime.instrumentation.CreateClassResetClassAdapter - Creating brand-new static initializer in class org/jinstagram/auth/model/OAuthRequest
16:40:27.992 [main] INFO org.evosuite.runtime.instrumentation.CreateClassResetClassAdapter - Adding bytecode for initializing field OAUTH_PREFIX
16:40:27.994 [main] INFO org.evosuite.runtime.instrumentation.EvoClassLoader - Defined package (3): package org.jinstagram.auth.model, -719554817
16:40:27.994 [main] INFO org.evosuite.runtime.instrumentation.EvoClassLoader - Seeing class for first time: org.jinstagram.http.Request
16:40:27.994 [main] INFO org.evosuite.runtime.instrumentation.EvoClassLoader - Instrumenting class 'org.jinstagram.http.Request'.
16:40:28.000 [main] INFO org.evosuite.runtime.instrumentation.MethodCallReplacementClassAdapter - Adding mock interface to class org/jinstagram/http/Request
16:40:28.017 [main] INFO org.evosuite.runtime.instrumentation.CreateClassResetClassAdapter - Creating brand-new static initializer in class org/jinstagram/http/Request
16:40:28.017 [main] INFO org.evosuite.runtime.instrumentation.CreateClassResetClassAdapter - Adding bytecode for initializing field CONTENT_LENGTH
16:40:28.017 [main] INFO org.evosuite.runtime.instrumentation.EvoClassLoader - Defined package (3): package org.jinstagram.http, 898268452
16:40:28.017 [main] INFO org.evosuite.runtime.instrumentation.EvoClassLoader - Keeping class: org.jinstagram.http.Request
16:40:28.018 [main] INFO org.evosuite.runtime.instrumentation.EvoClassLoader - Keeping class: org.jinstagram.auth.model.OAuthRequest
16:40:28.018 [main] INFO org.evosuite.runtime.instrumentation.EvoClassLoader - Seeing class for first time: org.jinstagram.auth.exceptions.OAuthException
16:40:28.018 [main] INFO org.evosuite.runtime.instrumentation.EvoClassLoader - Instrumenting class 'org.jinstagram.auth.exceptions.OAuthException'.
16:40:28.019 [main] INFO org.evosuite.runtime.instrumentation.MethodCallReplacementClassAdapter - Adding mock interface to class org/jinstagram/auth/exceptions/OAuthException
16:40:28.021 [main] INFO org.evosuite.runtime.instrumentation.CreateClassResetClassAdapter - Creating brand-new static initializer in class org/jinstagram/auth/exceptions/OAuthException
16:40:28.021 [main] INFO org.evosuite.runtime.instrumentation.EvoClassLoader - Defined package (3): package org.jinstagram.auth.exceptions, 1157870574
16:40:28.022 [main] INFO org.evosuite.runtime.instrumentation.EvoClassLoader - Keeping class: org.jinstagram.auth.exceptions.OAuthException
16:40:28.025 [main] INFO org.evosuite.runtime.instrumentation.EvoClassLoader - Seeing class for first time: org.jinstagram.auth.InstagramApi
16:40:28.025 [main] INFO org.evosuite.runtime.instrumentation.EvoClassLoader - Instrumenting class 'org.jinstagram.auth.InstagramApi'.
16:40:28.028 [main] INFO org.evosuite.runtime.instrumentation.MethodCallReplacementClassAdapter - Adding mock interface to class org/jinstagram/auth/InstagramApi
16:40:28.030 [main] INFO org.evosuite.runtime.instrumentation.CreateClassResetClassAdapter - Creating brand-new static initializer in class org/jinstagram/auth/InstagramApi
16:40:28.030 [main] INFO org.evosuite.runtime.instrumentation.EvoClassLoader - Defined package (3): package org.jinstagram.auth, 898060868
16:40:28.031 [main] INFO org.evosuite.runtime.instrumentation.EvoClassLoader - Keeping class: org.jinstagram.auth.InstagramApi
16:40:28.031 [main] INFO org.evosuite.runtime.instrumentation.EvoClassLoader - Seeing class for first time: org.jinstagram.auth.AccessTokenExtractor
16:40:28.031 [main] INFO org.evosuite.runtime.instrumentation.EvoClassLoader - Instrumenting class 'org.jinstagram.auth.AccessTokenExtractor'.
16:40:28.033 [main] INFO org.evosuite.runtime.instrumentation.EvoClassLoader - Keeping class: org.jinstagram.auth.AccessTokenExtractor
16:40:28.033 [main] INFO org.evosuite.runtime.instrumentation.EvoClassLoader - Seeing class for first time: org.jinstagram.http.Response
16:40:28.033 [main] INFO org.evosuite.runtime.instrumentation.EvoClassLoader - Instrumenting class 'org.jinstagram.http.Response'.
16:40:28.035 [main] INFO org.evosuite.runtime.instrumentation.MethodCallReplacementClassAdapter - Adding mock interface to class org/jinstagram/http/Response
16:40:28.047 [main] INFO org.evosuite.runtime.instrumentation.CreateClassResetClassAdapter - Creating brand-new static initializer in class org/jinstagram/http/Response
16:40:28.047 [main] INFO org.evosuite.runtime.instrumentation.CreateClassResetClassAdapter - Adding bytecode for initializing field EMPTY_RESPONSE
16:40:28.048 [main] INFO org.evosuite.runtime.instrumentation.EvoClassLoader - Keeping class: org.jinstagram.http.Response
16:40:28.048 [main] INFO org.evosuite.runtime.instrumentation.EvoClassLoader - Seeing class for first time: org.jinstagram.http.Verbs
16:40:28.048 [main] INFO org.evosuite.runtime.instrumentation.EvoClassLoader - Instrumenting class 'org.jinstagram.http.Verbs'.
16:40:28.049 [main] INFO org.evosuite.runtime.instrumentation.MethodCallReplacementClassAdapter - Adding mock interface to class org/jinstagram/http/Verbs
16:40:28.051 [main] INFO org.evosuite.runtime.instrumentation.CreateClassResetClassAdapter - Found static initializer in class org/jinstagram/http/Verbs
16:40:28.052 [main] INFO org.evosuite.runtime.instrumentation.EvoClassLoader - Keeping class: org.jinstagram.http.Verbs
16:40:28.053 [main] INFO org.evosuite.runtime.instrumentation.EvoClassLoader - Seeing class for first time: org.jinstagram.auth.oauth.InstagramService
16:40:28.053 [main] INFO org.evosuite.runtime.instrumentation.EvoClassLoader - Instrumenting class 'org.jinstagram.auth.oauth.InstagramService'.
16:40:28.054 [main] INFO org.evosuite.runtime.instrumentation.MethodCallReplacementClassAdapter - Adding mock interface to class org/jinstagram/auth/oauth/InstagramService
16:40:28.062 [main] INFO org.evosuite.runtime.instrumentation.CreateClassResetClassAdapter - Creating brand-new static initializer in class org/jinstagram/auth/oauth/InstagramService
16:40:28.062 [main] INFO org.evosuite.runtime.instrumentation.CreateClassResetClassAdapter - Adding bytecode for initializing field VERSION
16:40:28.062 [main] INFO org.evosuite.runtime.instrumentation.CreateClassResetClassAdapter - Adding bytecode for initializing field AUTHORIZATION_CODE
16:40:28.062 [main] INFO org.evosuite.runtime.instrumentation.EvoClassLoader - Keeping class: org.jinstagram.auth.oauth.InstagramService
16:40:28.063 [main] INFO org.evosuite.runtime.instrumentation.EvoClassLoader - Seeing class for first time: org.jinstagram.InstagramClient
16:40:28.063 [main] INFO org.evosuite.runtime.instrumentation.EvoClassLoader - Instrumenting class 'org.jinstagram.InstagramClient'.
16:40:28.067 [main] INFO org.evosuite.runtime.instrumentation.EvoClassLoader - Defined package (3): package org.jinstagram, 657905618
16:40:28.067 [main] INFO org.evosuite.runtime.instrumentation.EvoClassLoader - Keeping class: org.jinstagram.InstagramClient
16:40:28.072 [main] INFO org.evosuite.runtime.instrumentation.EvoClassLoader - Seeing class for first time: org.jinstagram.auth.model.Verifier
16:40:28.072 [main] INFO org.evosuite.runtime.instrumentation.EvoClassLoader - Instrumenting class 'org.jinstagram.auth.model.Verifier'.
16:40:28.075 [main] INFO org.evosuite.runtime.instrumentation.MethodCallReplacementClassAdapter - Adding mock interface to class org/jinstagram/auth/model/Verifier
16:40:28.078 [main] INFO org.evosuite.runtime.instrumentation.CreateClassResetClassAdapter - Creating brand-new static initializer in class org/jinstagram/auth/model/Verifier
16:40:28.079 [main] INFO org.evosuite.runtime.instrumentation.EvoClassLoader - Keeping class: org.jinstagram.auth.model.Verifier
16:40:28.080 [main] INFO org.evosuite.runtime.instrumentation.EvoClassLoader - Seeing class for first time: org.jinstagram.auth.model.OAuthConfig
16:40:28.080 [main] INFO org.evosuite.runtime.instrumentation.EvoClassLoader - Instrumenting class 'org.jinstagram.auth.model.OAuthConfig'.
16:40:28.080 [main] INFO org.evosuite.runtime.instrumentation.MethodCallReplacementClassAdapter - Adding mock interface to class org/jinstagram/auth/model/OAuthConfig
16:40:28.082 [main] INFO org.evosuite.runtime.instrumentation.CreateClassResetClassAdapter - Creating brand-new static initializer in class org/jinstagram/auth/model/OAuthConfig
16:40:28.083 [main] INFO org.evosuite.runtime.instrumentation.EvoClassLoader - Keeping class: org.jinstagram.auth.model.OAuthConfig
16:40:28.084 [main] INFO org.evosuite.runtime.instrumentation.EvoClassLoader - Seeing class for first time: org.jinstagram.auth.model.Token
16:40:28.085 [main] INFO org.evosuite.runtime.instrumentation.EvoClassLoader - Instrumenting class 'org.jinstagram.auth.model.Token'.
16:40:28.085 [main] INFO org.evosuite.runtime.instrumentation.MethodCallReplacementClassAdapter - Adding mock interface to class org/jinstagram/auth/model/Token
16:40:28.092 [main] INFO org.evosuite.runtime.instrumentation.CreateClassResetClassAdapter - Creating brand-new static initializer in class org/jinstagram/auth/model/Token
16:40:28.092 [main] INFO org.evosuite.runtime.instrumentation.EvoClassLoader - Keeping class: org.jinstagram.auth.model.Token
16:40:28.093 [main] INFO org.evosuite.runtime.instrumentation.EvoClassLoader - Seeing class for first time: org.jinstagram.utils.Preconditions
16:40:28.093 [main] INFO org.evosuite.runtime.instrumentation.EvoClassLoader - Instrumenting class 'org.jinstagram.utils.Preconditions'.
16:40:28.096 [main] INFO org.evosuite.runtime.instrumentation.MethodCallReplacementClassAdapter - Adding mock interface to class org/jinstagram/utils/Preconditions
16:40:28.100 [main] INFO org.evosuite.runtime.instrumentation.CreateClassResetClassAdapter - Found static initializer in class org/jinstagram/utils/Preconditions
16:40:28.100 [main] INFO org.evosuite.runtime.instrumentation.EvoClassLoader - Defined package (3): package org.jinstagram.utils, 2088513429
16:40:28.100 [main] INFO org.evosuite.runtime.instrumentation.EvoClassLoader - Keeping class: org.jinstagram.utils.Preconditions
16:40:28.102 [main] INFO org.evosuite.runtime.instrumentation.EvoClassLoader - Seeing class for first time: org.jinstagram.entity.users.basicinfo.UserInfo
16:40:28.102 [main] INFO org.evosuite.runtime.instrumentation.EvoClassLoader - Instrumenting class 'org.jinstagram.entity.users.basicinfo.UserInfo'.
16:40:28.104 [main] INFO org.evosuite.runtime.instrumentation.MethodCallReplacementClassAdapter - Adding mock interface to class org/jinstagram/entity/users/basicinfo/UserInfo
16:40:28.110 [main] INFO org.evosuite.runtime.instrumentation.CreateClassResetClassAdapter - Creating brand-new static initializer in class org/jinstagram/entity/users/basicinfo/UserInfo
16:40:28.111 [main] INFO org.evosuite.runtime.instrumentation.EvoClassLoader - Defined package (3): package org.jinstagram.entity.users.basicinfo, 1911360263
16:40:28.112 [main] INFO org.evosuite.runtime.instrumentation.EvoClassLoader - Seeing class for first time: org.jinstagram.InstagramObject
16:40:28.112 [main] INFO org.evosuite.runtime.instrumentation.EvoClassLoader - Instrumenting class 'org.jinstagram.InstagramObject'.
16:40:28.113 [main] INFO org.evosuite.runtime.instrumentation.MethodCallReplacementClassAdapter - Adding mock interface to class org/jinstagram/InstagramObject
16:40:28.114 [main] INFO org.evosuite.runtime.instrumentation.CreateClassResetClassAdapter - Creating brand-new static initializer in class org/jinstagram/InstagramObject
16:40:28.114 [main] INFO org.evosuite.runtime.instrumentation.EvoClassLoader - Seeing class for first time: org.jinstagram.InstagramResponse
16:40:28.114 [main] INFO org.evosuite.runtime.instrumentation.EvoClassLoader - Instrumenting class 'org.jinstagram.InstagramResponse'.
16:40:28.116 [main] INFO org.evosuite.runtime.instrumentation.EvoClassLoader - Keeping class: org.jinstagram.InstagramResponse
16:40:28.116 [main] INFO org.evosuite.runtime.instrumentation.EvoClassLoader - Keeping class: org.jinstagram.InstagramObject
16:40:28.116 [main] INFO org.evosuite.runtime.instrumentation.EvoClassLoader - Keeping class: org.jinstagram.entity.users.basicinfo.UserInfo
16:40:28.117 [main] INFO org.evosuite.runtime.instrumentation.EvoClassLoader - Seeing class for first time: org.jinstagram.exceptions.InstagramException
16:40:28.117 [main] INFO org.evosuite.runtime.instrumentation.EvoClassLoader - Instrumenting class 'org.jinstagram.exceptions.InstagramException'.
16:40:28.117 [main] INFO org.evosuite.runtime.instrumentation.MethodCallReplacementClassAdapter - Adding mock interface to class org/jinstagram/exceptions/InstagramException
16:40:28.119 [main] INFO org.evosuite.runtime.instrumentation.CreateClassResetClassAdapter - Creating brand-new static initializer in class org/jinstagram/exceptions/InstagramException
16:40:28.119 [main] INFO org.evosuite.runtime.instrumentation.EvoClassLoader - Defined package (3): package org.jinstagram.exceptions, 1332267424
16:40:28.119 [main] INFO org.evosuite.runtime.instrumentation.EvoClassLoader - Keeping class: org.jinstagram.exceptions.InstagramException
16:40:28.119 [main] INFO org.evosuite.runtime.instrumentation.EvoClassLoader - Seeing class for first time: org.jinstagram.entity.users.feed.MediaFeed
16:40:28.119 [main] INFO org.evosuite.runtime.instrumentation.EvoClassLoader - Instrumenting class 'org.jinstagram.entity.users.feed.MediaFeed'.
16:40:28.120 [main] INFO org.evosuite.runtime.instrumentation.MethodCallReplacementClassAdapter - Adding mock interface to class org/jinstagram/entity/users/feed/MediaFeed
16:40:28.120 [main] INFO org.evosuite.runtime.instrumentation.CreateClassResetClassAdapter - Creating brand-new static initializer in class org/jinstagram/entity/users/feed/MediaFeed
16:40:28.120 [main] INFO org.evosuite.runtime.instrumentation.EvoClassLoader - Defined package (3): package org.jinstagram.entity.users.feed, 1240399251
16:40:28.121 [main] INFO org.evosuite.runtime.instrumentation.EvoClassLoader - Keeping class: org.jinstagram.entity.users.feed.MediaFeed
16:40:28.121 [main] INFO org.evosuite.runtime.instrumentation.EvoClassLoader - Seeing class for first time: org.jinstagram.entity.common.Pagination
16:40:28.121 [main] INFO org.evosuite.runtime.instrumentation.EvoClassLoader - Instrumenting class 'org.jinstagram.entity.common.Pagination'.
16:40:28.130 [main] INFO org.evosuite.runtime.instrumentation.MethodCallReplacementClassAdapter - Adding mock interface to class org/jinstagram/entity/common/Pagination
16:40:28.133 [main] INFO org.evosuite.runtime.instrumentation.CreateClassResetClassAdapter - Creating brand-new static initializer in class org/jinstagram/entity/common/Pagination
16:40:28.133 [main] INFO org.evosuite.runtime.instrumentation.EvoClassLoader - Defined package (3): package org.jinstagram.entity.common, 1839157562
16:40:28.133 [main] INFO org.evosuite.runtime.instrumentation.EvoClassLoader - Keeping class: org.jinstagram.entity.common.Pagination
16:40:28.134 [main] INFO org.evosuite.runtime.instrumentation.EvoClassLoader - Seeing class for first time: org.jinstagram.entity.users.feed.UserFeed
16:40:28.134 [main] INFO org.evosuite.runtime.instrumentation.EvoClassLoader - Instrumenting class 'org.jinstagram.entity.users.feed.UserFeed'.
16:40:28.137 [main] INFO org.evosuite.runtime.instrumentation.MethodCallReplacementClassAdapter - Adding mock interface to class org/jinstagram/entity/users/feed/UserFeed
16:40:28.142 [main] INFO org.evosuite.runtime.instrumentation.CreateClassResetClassAdapter - Creating brand-new static initializer in class org/jinstagram/entity/users/feed/UserFeed
16:40:28.143 [main] INFO org.evosuite.runtime.instrumentation.EvoClassLoader - Keeping class: org.jinstagram.entity.users.feed.UserFeed
16:40:28.143 [main] INFO org.evosuite.runtime.instrumentation.EvoClassLoader - Seeing class for first time: org.jinstagram.entity.tags.TagMediaFeed
16:40:28.144 [main] INFO org.evosuite.runtime.instrumentation.EvoClassLoader - Instrumenting class 'org.jinstagram.entity.tags.TagMediaFeed'.
16:40:28.145 [main] INFO org.evosuite.runtime.instrumentation.MethodCallReplacementClassAdapter - Adding mock interface to class org/jinstagram/entity/tags/TagMediaFeed
16:40:28.148 [main] INFO org.evosuite.runtime.instrumentation.CreateClassResetClassAdapter - Creating brand-new static initializer in class org/jinstagram/entity/tags/TagMediaFeed
16:40:28.150 [main] INFO org.evosuite.runtime.instrumentation.EvoClassLoader - Defined package (3): package org.jinstagram.entity.tags, 1673913128
16:40:28.150 [main] INFO org.evosuite.runtime.instrumentation.EvoClassLoader - Keeping class: org.jinstagram.entity.tags.TagMediaFeed
16:40:28.150 [main] INFO org.evosuite.runtime.instrumentation.EvoClassLoader - Seeing class for first time: org.jinstagram.entity.relationships.RelationshipFeed
16:40:28.150 [main] INFO org.evosuite.runtime.instrumentation.EvoClassLoader - Instrumenting class 'org.jinstagram.entity.relationships.RelationshipFeed'.
16:40:28.153 [main] INFO org.evosuite.runtime.instrumentation.MethodCallReplacementClassAdapter - Adding mock interface to class org/jinstagram/entity/relationships/RelationshipFeed
16:40:28.153 [main] INFO org.evosuite.runtime.instrumentation.CreateClassResetClassAdapter - Creating brand-new static initializer in class org/jinstagram/entity/relationships/RelationshipFeed
16:40:28.153 [main] INFO org.evosuite.runtime.instrumentation.EvoClassLoader - Defined package (3): package org.jinstagram.entity.relationships, -836951284
16:40:28.153 [main] INFO org.evosuite.runtime.instrumentation.EvoClassLoader - Keeping class: org.jinstagram.entity.relationships.RelationshipFeed
16:40:28.154 [main] INFO org.evosuite.runtime.instrumentation.EvoClassLoader - Seeing class for first time: org.jinstagram.model.Relationship
16:40:28.154 [main] INFO org.evosuite.runtime.instrumentation.EvoClassLoader - Instrumenting class 'org.jinstagram.model.Relationship'.
16:40:28.154 [main] INFO org.evosuite.runtime.instrumentation.MethodCallReplacementClassAdapter - Adding mock interface to class org/jinstagram/model/Relationship
16:40:28.155 [main] INFO org.evosuite.runtime.instrumentation.CreateClassResetClassAdapter - Found static initializer in class org/jinstagram/model/Relationship
16:40:28.156 [main] INFO org.evosuite.runtime.instrumentation.EvoClassLoader - Defined package (3): package org.jinstagram.model, 2080971277
16:40:28.156 [main] INFO org.evosuite.runtime.instrumentation.EvoClassLoader - Keeping class: org.jinstagram.model.Relationship
16:40:28.156 [main] INFO org.evosuite.runtime.instrumentation.EvoClassLoader - Seeing class for first time: org.jinstagram.entity.media.MediaInfoFeed
16:40:28.156 [main] INFO org.evosuite.runtime.instrumentation.EvoClassLoader - Instrumenting class 'org.jinstagram.entity.media.MediaInfoFeed'.
16:40:28.156 [main] INFO org.evosuite.runtime.instrumentation.MethodCallReplacementClassAdapter - Adding mock interface to class org/jinstagram/entity/media/MediaInfoFeed
16:40:28.157 [main] INFO org.evosuite.runtime.instrumentation.CreateClassResetClassAdapter - Creating brand-new static initializer in class org/jinstagram/entity/media/MediaInfoFeed
16:40:28.157 [main] INFO org.evosuite.runtime.instrumentation.EvoClassLoader - Defined package (3): package org.jinstagram.entity.media, 345350837
16:40:28.158 [main] INFO org.evosuite.runtime.instrumentation.EvoClassLoader - Keeping class: org.jinstagram.entity.media.MediaInfoFeed
16:40:28.158 [main] INFO org.evosuite.runtime.instrumentation.EvoClassLoader - Seeing class for first time: org.jinstagram.entity.comments.MediaCommentsFeed
16:40:28.158 [main] INFO org.evosuite.runtime.instrumentation.EvoClassLoader - Instrumenting class 'org.jinstagram.entity.comments.MediaCommentsFeed'.
16:40:28.159 [main] INFO org.evosuite.runtime.instrumentation.MethodCallReplacementClassAdapter - Adding mock interface to class org/jinstagram/entity/comments/MediaCommentsFeed
16:40:28.160 [main] INFO org.evosuite.runtime.instrumentation.CreateClassResetClassAdapter - Creating brand-new static initializer in class org/jinstagram/entity/comments/MediaCommentsFeed
16:40:28.161 [main] INFO org.evosuite.runtime.instrumentation.EvoClassLoader - Defined package (3): package org.jinstagram.entity.comments, -2096403069
16:40:28.161 [main] INFO org.evosuite.runtime.instrumentation.EvoClassLoader - Keeping class: org.jinstagram.entity.comments.MediaCommentsFeed
16:40:28.161 [main] INFO org.evosuite.runtime.instrumentation.EvoClassLoader - Seeing class for first time: org.jinstagram.entity.comments.MediaCommentResponse
16:40:28.161 [main] INFO org.evosuite.runtime.instrumentation.EvoClassLoader - Instrumenting class 'org.jinstagram.entity.comments.MediaCommentResponse'.
16:40:28.166 [main] INFO org.evosuite.runtime.instrumentation.MethodCallReplacementClassAdapter - Adding mock interface to class org/jinstagram/entity/comments/MediaCommentResponse
16:40:28.170 [main] INFO org.evosuite.runtime.instrumentation.CreateClassResetClassAdapter - Creating brand-new static initializer in class org/jinstagram/entity/comments/MediaCommentResponse
16:40:28.170 [main] INFO org.evosuite.runtime.instrumentation.EvoClassLoader - Keeping class: org.jinstagram.entity.comments.MediaCommentResponse
16:40:28.171 [main] INFO org.evosuite.runtime.instrumentation.EvoClassLoader - Seeing class for first time: org.jinstagram.entity.likes.LikesFeed
16:40:28.171 [main] INFO org.evosuite.runtime.instrumentation.EvoClassLoader - Instrumenting class 'org.jinstagram.entity.likes.LikesFeed'.
16:40:28.173 [main] INFO org.evosuite.runtime.instrumentation.MethodCallReplacementClassAdapter - Adding mock interface to class org/jinstagram/entity/likes/LikesFeed
16:40:28.174 [main] INFO org.evosuite.runtime.instrumentation.CreateClassResetClassAdapter - Creating brand-new static initializer in class org/jinstagram/entity/likes/LikesFeed
16:40:28.175 [main] INFO org.evosuite.runtime.instrumentation.EvoClassLoader - Defined package (3): package org.jinstagram.entity.likes, 344553101
16:40:28.175 [main] INFO org.evosuite.runtime.instrumentation.EvoClassLoader - Keeping class: org.jinstagram.entity.likes.LikesFeed
16:40:28.175 [main] INFO org.evosuite.runtime.instrumentation.EvoClassLoader - Seeing class for first time: org.jinstagram.entity.tags.TagInfoFeed
16:40:28.177 [main] INFO org.evosuite.runtime.instrumentation.EvoClassLoader - Instrumenting class 'org.jinstagram.entity.tags.TagInfoFeed'.
16:40:28.178 [main] INFO org.evosuite.runtime.instrumentation.MethodCallReplacementClassAdapter - Adding mock interface to class org/jinstagram/entity/tags/TagInfoFeed
16:40:28.180 [main] INFO org.evosuite.runtime.instrumentation.CreateClassResetClassAdapter - Creating brand-new static initializer in class org/jinstagram/entity/tags/TagInfoFeed
16:40:28.181 [main] INFO org.evosuite.runtime.instrumentation.EvoClassLoader - Keeping class: org.jinstagram.entity.tags.TagInfoFeed
16:40:28.181 [main] INFO org.evosuite.runtime.instrumentation.EvoClassLoader - Seeing class for first time: org.jinstagram.entity.tags.TagSearchFeed
16:40:28.181 [main] INFO org.evosuite.runtime.instrumentation.EvoClassLoader - Instrumenting class 'org.jinstagram.entity.tags.TagSearchFeed'.
16:40:28.182 [main] INFO org.evosuite.runtime.instrumentation.MethodCallReplacementClassAdapter - Adding mock interface to class org/jinstagram/entity/tags/TagSearchFeed
16:40:28.183 [main] INFO org.evosuite.runtime.instrumentation.CreateClassResetClassAdapter - Creating brand-new static initializer in class org/jinstagram/entity/tags/TagSearchFeed
16:40:28.184 [main] INFO org.evosuite.runtime.instrumentation.EvoClassLoader - Keeping class: org.jinstagram.entity.tags.TagSearchFeed
16:40:28.184 [main] INFO org.evosuite.runtime.instrumentation.EvoClassLoader - Seeing class for first time: org.jinstagram.entity.locations.LocationInfo
16:40:28.184 [main] INFO org.evosuite.runtime.instrumentation.EvoClassLoader - Instrumenting class 'org.jinstagram.entity.locations.LocationInfo'.
16:40:28.184 [main] INFO org.evosuite.runtime.instrumentation.MethodCallReplacementClassAdapter - Adding mock interface to class org/jinstagram/entity/locations/LocationInfo
16:40:28.187 [main] INFO org.evosuite.runtime.instrumentation.CreateClassResetClassAdapter - Creating brand-new static initializer in class org/jinstagram/entity/locations/LocationInfo
16:40:28.187 [main] INFO org.evosuite.runtime.instrumentation.EvoClassLoader - Defined package (3): package org.jinstagram.entity.locations, -266159697
16:40:28.187 [main] INFO org.evosuite.runtime.instrumentation.EvoClassLoader - Keeping class: org.jinstagram.entity.locations.LocationInfo
16:40:28.187 [main] INFO org.evosuite.runtime.instrumentation.EvoClassLoader - Seeing class for first time: org.jinstagram.entity.locations.LocationSearchFeed
16:40:28.187 [main] INFO org.evosuite.runtime.instrumentation.EvoClassLoader - Instrumenting class 'org.jinstagram.entity.locations.LocationSearchFeed'.
16:40:28.188 [main] INFO org.evosuite.runtime.instrumentation.MethodCallReplacementClassAdapter - Adding mock interface to class org/jinstagram/entity/locations/LocationSearchFeed
16:40:28.190 [main] INFO org.evosuite.runtime.instrumentation.CreateClassResetClassAdapter - Creating brand-new static initializer in class org/jinstagram/entity/locations/LocationSearchFeed
16:40:28.190 [main] INFO org.evosuite.runtime.instrumentation.EvoClassLoader - Keeping class: org.jinstagram.entity.locations.LocationSearchFeed
16:40:28.233 [main] INFO org.evosuite.runtime.instrumentation.EvoClassLoader - Seeing class for first time: org.mockito.Mockito
16:40:28.235 [main] INFO org.evosuite.runtime.instrumentation.EvoClassLoader - Instrumenting class 'org.mockito.Mockito'.
16:40:28.241 [main] INFO org.evosuite.runtime.instrumentation.MethodCallReplacementClassAdapter - Adding mock interface to class org/mockito/Mockito
16:40:28.248 [main] INFO org.evosuite.runtime.instrumentation.CreateClassResetClassAdapter - Found static initializer in class org/mockito/Mockito
16:40:28.253 [main] INFO org.evosuite.runtime.instrumentation.EvoClassLoader - Defined package (3): package org.mockito, -218950192
16:40:28.254 [main] INFO org.evosuite.runtime.instrumentation.EvoClassLoader - Seeing class for first time: org.mockito.Matchers
16:40:28.254 [main] INFO org.evosuite.runtime.instrumentation.EvoClassLoader - Instrumenting class 'org.mockito.Matchers'.
16:40:28.270 [main] INFO org.evosuite.runtime.instrumentation.MethodCallReplacementClassAdapter - Adding mock interface to class org/mockito/Matchers
16:40:28.283 [main] INFO org.evosuite.runtime.instrumentation.CreateClassResetClassAdapter - Found static initializer in class org/mockito/Matchers
16:40:28.290 [main] INFO org.evosuite.runtime.instrumentation.EvoClassLoader - Keeping class: org.mockito.Matchers
16:40:28.291 [main] INFO org.evosuite.runtime.instrumentation.EvoClassLoader - Keeping class: org.mockito.Mockito
16:40:28.291 [main] INFO org.evosuite.runtime.instrumentation.EvoClassLoader - Seeing class for first time: org.hamcrest.Matcher
16:40:28.291 [main] INFO org.evosuite.runtime.instrumentation.EvoClassLoader - Instrumenting class 'org.hamcrest.Matcher'.
16:40:28.301 [main] INFO org.evosuite.runtime.instrumentation.EvoClassLoader - Seeing class for first time: org.hamcrest.SelfDescribing
16:40:28.301 [main] INFO org.evosuite.runtime.instrumentation.EvoClassLoader - Instrumenting class 'org.hamcrest.SelfDescribing'.
16:40:28.305 [main] INFO org.evosuite.runtime.instrumentation.EvoClassLoader - Keeping class: org.hamcrest.SelfDescribing
16:40:28.305 [main] INFO org.evosuite.runtime.instrumentation.EvoClassLoader - Keeping class: org.hamcrest.Matcher
16:40:28.305 [main] INFO org.evosuite.runtime.instrumentation.EvoClassLoader - Seeing class for first time: org.mockito.internal.progress.MockingProgress
16:40:28.305 [main] INFO org.evosuite.runtime.instrumentation.EvoClassLoader - Instrumenting class 'org.mockito.internal.progress.MockingProgress'.
16:40:28.310 [main] INFO org.evosuite.runtime.instrumentation.EvoClassLoader - Defined package (3): package org.mockito.internal.progress, -535423584
16:40:28.311 [main] INFO org.evosuite.runtime.instrumentation.EvoClassLoader - Keeping class: org.mockito.internal.progress.MockingProgress
16:40:28.313 [main] INFO org.evosuite.runtime.instrumentation.EvoClassLoader - Seeing class for first time: org.mockito.verification.VerificationMode
16:40:28.314 [main] INFO org.evosuite.runtime.instrumentation.EvoClassLoader - Instrumenting class 'org.mockito.verification.VerificationMode'.
16:40:28.316 [main] INFO org.evosuite.runtime.instrumentation.EvoClassLoader - Defined package (3): package org.mockito.verification, -390341255
16:40:28.316 [main] INFO org.evosuite.runtime.instrumentation.EvoClassLoader - Keeping class: org.mockito.verification.VerificationMode
16:40:28.316 [main] INFO org.evosuite.runtime.instrumentation.EvoClassLoader - Seeing class for first time: org.mockito.verification.VerificationAfterDelay
16:40:28.316 [main] INFO org.evosuite.runtime.instrumentation.EvoClassLoader - Instrumenting class 'org.mockito.verification.VerificationAfterDelay'.
16:40:28.318 [main] INFO org.evosuite.runtime.instrumentation.EvoClassLoader - Keeping class: org.mockito.verification.VerificationAfterDelay
16:40:28.318 [main] INFO org.evosuite.runtime.instrumentation.EvoClassLoader - Seeing class for first time: org.mockito.MockitoDebugger
16:40:28.318 [main] INFO org.evosuite.runtime.instrumentation.EvoClassLoader - Instrumenting class 'org.mockito.MockitoDebugger'.
16:40:28.320 [main] INFO org.evosuite.runtime.instrumentation.EvoClassLoader - Keeping class: org.mockito.MockitoDebugger
16:40:28.320 [main] INFO org.evosuite.runtime.instrumentation.EvoClassLoader - Seeing class for first time: org.mockito.stubbing.Answer
16:40:28.320 [main] INFO org.evosuite.runtime.instrumentation.EvoClassLoader - Instrumenting class 'org.mockito.stubbing.Answer'.
16:40:28.322 [main] INFO org.evosuite.runtime.instrumentation.EvoClassLoader - Defined package (3): package org.mockito.stubbing, 1147178060
16:40:28.322 [main] INFO org.evosuite.runtime.instrumentation.EvoClassLoader - Keeping class: org.mockito.stubbing.Answer
16:40:28.323 [main] INFO org.evosuite.runtime.instrumentation.EvoClassLoader - Seeing class for first time: org.mockito.verification.VerificationWithTimeout
16:40:28.323 [main] INFO org.evosuite.runtime.instrumentation.EvoClassLoader - Instrumenting class 'org.mockito.verification.VerificationWithTimeout'.
16:40:28.325 [main] INFO org.evosuite.runtime.instrumentation.EvoClassLoader - Keeping class: org.mockito.verification.VerificationWithTimeout
16:40:28.326 [main] INFO org.evosuite.runtime.instrumentation.EvoClassLoader - Seeing class for first time: org.mockito.internal.progress.ThreadSafeMockingProgress
16:40:28.326 [main] INFO org.evosuite.runtime.instrumentation.EvoClassLoader - Instrumenting class 'org.mockito.internal.progress.ThreadSafeMockingProgress'.
16:40:28.327 [main] INFO org.evosuite.runtime.instrumentation.MethodCallReplacementClassAdapter - Adding mock interface to class org/mockito/internal/progress/ThreadSafeMockingProgress
16:40:28.334 [main] INFO org.evosuite.runtime.instrumentation.CreateClassResetClassAdapter - Found static initializer in class org/mockito/internal/progress/ThreadSafeMockingProgress
16:40:28.335 [main] INFO org.evosuite.runtime.instrumentation.EvoClassLoader - Keeping class: org.mockito.internal.progress.ThreadSafeMockingProgress
16:40:28.336 [main] INFO org.evosuite.runtime.instrumentation.EvoClassLoader - Seeing class for first time: org.mockito.internal.MockitoCore
16:40:28.336 [main] INFO org.evosuite.runtime.instrumentation.EvoClassLoader - Instrumenting class 'org.mockito.internal.MockitoCore'.
16:40:28.340 [main] INFO org.evosuite.runtime.instrumentation.MethodCallReplacementClassAdapter - Adding mock interface to class org/mockito/internal/MockitoCore
16:40:28.355 [main] INFO org.evosuite.runtime.instrumentation.CreateClassResetClassAdapter - Creating brand-new static initializer in class org/mockito/internal/MockitoCore
16:40:28.356 [main] INFO org.evosuite.runtime.instrumentation.EvoClassLoader - Defined package (3): package org.mockito.internal, -156488421
16:40:28.356 [main] INFO org.evosuite.runtime.instrumentation.EvoClassLoader - Keeping class: org.mockito.internal.MockitoCore
16:40:28.357 [main] INFO org.evosuite.runtime.instrumentation.EvoClassLoader - Seeing class for first time: org.mockito.internal.verification.api.VerificationDataInOrder
16:40:28.357 [main] INFO org.evosuite.runtime.instrumentation.EvoClassLoader - Instrumenting class 'org.mockito.internal.verification.api.VerificationDataInOrder'.
16:40:28.359 [main] INFO org.evosuite.runtime.instrumentation.EvoClassLoader - Defined package (3): package org.mockito.internal.verification.api, -1145445318
16:40:28.359 [main] INFO org.evosuite.runtime.instrumentation.EvoClassLoader - Keeping class: org.mockito.internal.verification.api.VerificationDataInOrder
16:40:28.359 [main] INFO org.evosuite.runtime.instrumentation.EvoClassLoader - Seeing class for first time: org.mockito.InOrder
16:40:28.359 [main] INFO org.evosuite.runtime.instrumentation.EvoClassLoader - Instrumenting class 'org.mockito.InOrder'.
16:40:28.361 [main] INFO org.evosuite.runtime.instrumentation.EvoClassLoader - Keeping class: org.mockito.InOrder
16:40:28.362 [main] INFO org.evosuite.runtime.instrumentation.EvoClassLoader - Seeing class for first time: org.mockito.exceptions.misusing.NotAMockException
16:40:28.362 [main] INFO org.evosuite.runtime.instrumentation.EvoClassLoader - Instrumenting class 'org.mockito.exceptions.misusing.NotAMockException'.
16:40:28.362 [main] INFO org.evosuite.runtime.instrumentation.MethodCallReplacementClassAdapter - Adding mock interface to class org/mockito/exceptions/misusing/NotAMockException
16:40:28.363 [main] INFO org.evosuite.runtime.instrumentation.CreateClassResetClassAdapter - Creating brand-new static initializer in class org/mockito/exceptions/misusing/NotAMockException
16:40:28.364 [main] INFO org.evosuite.runtime.instrumentation.EvoClassLoader - Defined package (3): package org.mockito.exceptions.misusing, -1043487719
16:40:28.364 [main] INFO org.evosuite.runtime.instrumentation.EvoClassLoader - Seeing class for first time: org.mockito.exceptions.base.MockitoException
16:40:28.364 [main] INFO org.evosuite.runtime.instrumentation.EvoClassLoader - Instrumenting class 'org.mockito.exceptions.base.MockitoException'.
16:40:28.364 [main] INFO org.evosuite.runtime.instrumentation.MethodCallReplacementClassAdapter - Adding mock interface to class org/mockito/exceptions/base/MockitoException
16:40:28.365 [main] INFO org.evosuite.runtime.instrumentation.CreateClassResetClassAdapter - Creating brand-new static initializer in class org/mockito/exceptions/base/MockitoException
16:40:28.365 [main] INFO org.evosuite.runtime.instrumentation.EvoClassLoader - Defined package (3): package org.mockito.exceptions.base, 2039938141
16:40:28.366 [main] INFO org.evosuite.runtime.instrumentation.EvoClassLoader - Keeping class: org.mockito.exceptions.base.MockitoException
16:40:28.366 [main] INFO org.evosuite.runtime.instrumentation.EvoClassLoader - Keeping class: org.mockito.exceptions.misusing.NotAMockException
16:40:28.366 [main] INFO org.evosuite.runtime.instrumentation.EvoClassLoader - Seeing class for first time: org.mockito.internal.verification.api.VerificationData
16:40:28.366 [main] INFO org.evosuite.runtime.instrumentation.EvoClassLoader - Instrumenting class 'org.mockito.internal.verification.api.VerificationData'.
16:40:28.367 [main] INFO org.evosuite.runtime.instrumentation.EvoClassLoader - Keeping class: org.mockito.internal.verification.api.VerificationData
16:40:28.367 [main] INFO org.evosuite.runtime.instrumentation.EvoClassLoader - Seeing class for first time: org.mockito.internal.stubbing.InvocationContainer
16:40:28.367 [main] INFO org.evosuite.runtime.instrumentation.EvoClassLoader - Instrumenting class 'org.mockito.internal.stubbing.InvocationContainer'.
16:40:28.368 [main] INFO org.evosuite.runtime.instrumentation.EvoClassLoader - Defined package (3): package org.mockito.internal.stubbing, -1955235487
16:40:28.369 [main] INFO org.evosuite.runtime.instrumentation.EvoClassLoader - Keeping class: org.mockito.internal.stubbing.InvocationContainer
16:40:28.369 [main] INFO org.evosuite.runtime.instrumentation.EvoClassLoader - Seeing class for first time: org.mockito.MockingDetails
16:40:28.369 [main] INFO org.evosuite.runtime.instrumentation.EvoClassLoader - Instrumenting class 'org.mockito.MockingDetails'.
16:40:28.370 [main] INFO org.evosuite.runtime.instrumentation.EvoClassLoader - Keeping class: org.mockito.MockingDetails
16:40:28.370 [main] INFO org.evosuite.runtime.instrumentation.EvoClassLoader - Seeing class for first time: org.mockito.exceptions.Reporter
16:40:28.370 [main] INFO org.evosuite.runtime.instrumentation.EvoClassLoader - Instrumenting class 'org.mockito.exceptions.Reporter'.
16:40:28.371 [main] INFO org.evosuite.runtime.instrumentation.MethodCallReplacementClassAdapter - Adding mock interface to class org/mockito/exceptions/Reporter
16:40:28.383 [main] INFO org.evosuite.runtime.instrumentation.CreateClassResetClassAdapter - Creating brand-new static initializer in class org/mockito/exceptions/Reporter
16:40:28.391 [main] INFO org.evosuite.runtime.instrumentation.EvoClassLoader - Defined package (3): package org.mockito.exceptions, 215384290
16:40:28.392 [main] INFO org.evosuite.runtime.instrumentation.EvoClassLoader - Keeping class: org.mockito.exceptions.Reporter
16:40:28.393 [main] INFO org.evosuite.runtime.instrumentation.EvoClassLoader - Seeing class for first time: org.mockito.exceptions.misusing.NullInsteadOfMockException
16:40:28.393 [main] INFO org.evosuite.runtime.instrumentation.EvoClassLoader - Instrumenting class 'org.mockito.exceptions.misusing.NullInsteadOfMockException'.
16:40:28.394 [main] INFO org.evosuite.runtime.instrumentation.MethodCallReplacementClassAdapter - Adding mock interface to class org/mockito/exceptions/misusing/NullInsteadOfMockException
16:40:28.395 [main] INFO org.evosuite.runtime.instrumentation.CreateClassResetClassAdapter - Creating brand-new static initializer in class org/mockito/exceptions/misusing/NullInsteadOfMockException
16:40:28.396 [main] INFO org.evosuite.runtime.instrumentation.EvoClassLoader - Keeping class: org.mockito.exceptions.misusing.NullInsteadOfMockException
16:40:28.396 [main] INFO org.evosuite.runtime.instrumentation.EvoClassLoader - Seeing class for first time: org.mockito.exceptions.misusing.FriendlyReminderException
16:40:28.396 [main] INFO org.evosuite.runtime.instrumentation.EvoClassLoader - Instrumenting class 'org.mockito.exceptions.misusing.FriendlyReminderException'.
16:40:28.396 [main] INFO org.evosuite.runtime.instrumentation.MethodCallReplacementClassAdapter - Adding mock interface to class org/mockito/exceptions/misusing/FriendlyReminderException
16:40:28.397 [main] INFO org.evosuite.runtime.instrumentation.CreateClassResetClassAdapter - Creating brand-new static initializer in class org/mockito/exceptions/misusing/FriendlyReminderException
16:40:28.397 [main] INFO org.evosuite.runtime.instrumentation.EvoClassLoader - Keeping class: org.mockito.exceptions.misusing.FriendlyReminderException
16:40:28.397 [main] INFO org.evosuite.runtime.instrumentation.EvoClassLoader - Seeing class for first time: org.mockito.exceptions.verification.SmartNullPointerException
16:40:28.397 [main] INFO org.evosuite.runtime.instrumentation.EvoClassLoader - Instrumenting class 'org.mockito.exceptions.verification.SmartNullPointerException'.
16:40:28.399 [main] INFO org.evosuite.runtime.instrumentation.MethodCallReplacementClassAdapter - Adding mock interface to class org/mockito/exceptions/verification/SmartNullPointerException
16:40:28.399 [main] INFO org.evosuite.runtime.instrumentation.CreateClassResetClassAdapter - Creating brand-new static initializer in class org/mockito/exceptions/verification/SmartNullPointerException
16:40:28.399 [main] INFO org.evosuite.runtime.instrumentation.EvoClassLoader - Defined package (3): package org.mockito.exceptions.verification, -862552153
16:40:28.399 [main] INFO org.evosuite.runtime.instrumentation.EvoClassLoader - Keeping class: org.mockito.exceptions.verification.SmartNullPointerException
16:40:28.399 [main] INFO org.evosuite.runtime.instrumentation.EvoClassLoader - Seeing class for first time: org.mockito.exceptions.misusing.WrongTypeOfReturnValue
16:40:28.399 [main] INFO org.evosuite.runtime.instrumentation.EvoClassLoader - Instrumenting class 'org.mockito.exceptions.misusing.WrongTypeOfReturnValue'.
16:40:28.400 [main] INFO org.evosuite.runtime.instrumentation.MethodCallReplacementClassAdapter - Adding mock interface to class org/mockito/exceptions/misusing/WrongTypeOfReturnValue
16:40:28.400 [main] INFO org.evosuite.runtime.instrumentation.CreateClassResetClassAdapter - Creating brand-new static initializer in class org/mockito/exceptions/misusing/WrongTypeOfReturnValue
16:40:28.401 [main] INFO org.evosuite.runtime.instrumentation.EvoClassLoader - Keeping class: org.mockito.exceptions.misusing.WrongTypeOfReturnValue
16:40:28.401 [main] INFO org.evosuite.runtime.instrumentation.EvoClassLoader - Seeing class for first time: org.mockito.exceptions.misusing.CannotStubVoidMethodWithReturnValue
16:40:28.401 [main] INFO org.evosuite.runtime.instrumentation.EvoClassLoader - Instrumenting class 'org.mockito.exceptions.misusing.CannotStubVoidMethodWithReturnValue'.
16:40:28.402 [main] INFO org.evosuite.runtime.instrumentation.MethodCallReplacementClassAdapter - Adding mock interface to class org/mockito/exceptions/misusing/CannotStubVoidMethodWithReturnValue
16:40:28.402 [main] INFO org.evosuite.runtime.instrumentation.CreateClassResetClassAdapter - Creating brand-new static initializer in class org/mockito/exceptions/misusing/CannotStubVoidMethodWithReturnValue
16:40:28.403 [main] INFO org.evosuite.runtime.instrumentation.EvoClassLoader - Keeping class: org.mockito.exceptions.misusing.CannotStubVoidMethodWithReturnValue
16:40:28.404 [main] INFO org.evosuite.runtime.instrumentation.EvoClassLoader - Seeing class for first time: org.mockito.exceptions.verification.VerificationInOrderFailure
16:40:28.404 [main] INFO org.evosuite.runtime.instrumentation.EvoClassLoader - Instrumenting class 'org.mockito.exceptions.verification.VerificationInOrderFailure'.
16:40:28.406 [main] INFO org.evosuite.runtime.instrumentation.MethodCallReplacementClassAdapter - Adding mock interface to class org/mockito/exceptions/verification/VerificationInOrderFailure
16:40:28.406 [main] INFO org.evosuite.runtime.instrumentation.CreateClassResetClassAdapter - Creating brand-new static initializer in class org/mockito/exceptions/verification/VerificationInOrderFailure
16:40:28.406 [main] INFO org.evosuite.runtime.instrumentation.EvoClassLoader - Seeing class for first time: org.mockito.exceptions.base.MockitoAssertionError
16:40:28.407 [main] INFO org.evosuite.runtime.instrumentation.EvoClassLoader - Instrumenting class 'org.mockito.exceptions.base.MockitoAssertionError'.
16:40:28.408 [main] INFO org.evosuite.runtime.instrumentation.MethodCallReplacementClassAdapter - Adding mock interface to class org/mockito/exceptions/base/MockitoAssertionError
16:40:28.408 [main] INFO org.evosuite.runtime.instrumentation.CreateClassResetClassAdapter - Creating brand-new static initializer in class org/mockito/exceptions/base/MockitoAssertionError
16:40:28.409 [main] INFO org.evosuite.runtime.instrumentation.EvoClassLoader - Keeping class: org.mockito.exceptions.base.MockitoAssertionError
16:40:28.409 [main] INFO org.evosuite.runtime.instrumentation.EvoClassLoader - Keeping class: org.mockito.exceptions.verification.VerificationInOrderFailure
16:40:28.409 [main] INFO org.evosuite.runtime.instrumentation.EvoClassLoader - Seeing class for first time: org.mockito.exceptions.verification.TooLittleActualInvocations
16:40:28.409 [main] INFO org.evosuite.runtime.instrumentation.EvoClassLoader - Instrumenting class 'org.mockito.exceptions.verification.TooLittleActualInvocations'.
16:40:28.410 [main] INFO org.evosuite.runtime.instrumentation.MethodCallReplacementClassAdapter - Adding mock interface to class org/mockito/exceptions/verification/TooLittleActualInvocations
16:40:28.410 [main] INFO org.evosuite.runtime.instrumentation.CreateClassResetClassAdapter - Creating brand-new static initializer in class org/mockito/exceptions/verification/TooLittleActualInvocations
16:40:28.410 [main] INFO org.evosuite.runtime.instrumentation.EvoClassLoader - Keeping class: org.mockito.exceptions.verification.TooLittleActualInvocations
16:40:28.410 [main] INFO org.evosuite.runtime.instrumentation.EvoClassLoader - Seeing class for first time: org.mockito.exceptions.misusing.InvalidUseOfMatchersException
16:40:28.410 [main] INFO org.evosuite.runtime.instrumentation.EvoClassLoader - Instrumenting class 'org.mockito.exceptions.misusing.InvalidUseOfMatchersException'.
16:40:28.411 [main] INFO org.evosuite.runtime.instrumentation.MethodCallReplacementClassAdapter - Adding mock interface to class org/mockito/exceptions/misusing/InvalidUseOfMatchersException
16:40:28.412 [main] INFO org.evosuite.runtime.instrumentation.CreateClassResetClassAdapter - Creating brand-new static initializer in class org/mockito/exceptions/misusing/InvalidUseOfMatchersException
16:40:28.412 [main] INFO org.evosuite.runtime.instrumentation.EvoClassLoader - Keeping class: org.mockito.exceptions.misusing.InvalidUseOfMatchersException
16:40:28.412 [main] INFO org.evosuite.runtime.instrumentation.EvoClassLoader - Seeing class for first time: org.mockito.exceptions.misusing.UnfinishedVerificationException
16:40:28.412 [main] INFO org.evosuite.runtime.instrumentation.EvoClassLoader - Instrumenting class 'org.mockito.exceptions.misusing.UnfinishedVerificationException'.
16:40:28.413 [main] INFO org.evosuite.runtime.instrumentation.MethodCallReplacementClassAdapter - Adding mock interface to class org/mockito/exceptions/misusing/UnfinishedVerificationException
16:40:28.413 [main] INFO org.evosuite.runtime.instrumentation.CreateClassResetClassAdapter - Creating brand-new static initializer in class org/mockito/exceptions/misusing/UnfinishedVerificationException
16:40:28.413 [main] INFO org.evosuite.runtime.instrumentation.EvoClassLoader - Keeping class: org.mockito.exceptions.misusing.UnfinishedVerificationException
16:40:28.413 [main] INFO org.evosuite.runtime.instrumentation.EvoClassLoader - Seeing class for first time: org.mockito.exceptions.misusing.MissingMethodInvocationException
16:40:28.413 [main] INFO org.evosuite.runtime.instrumentation.EvoClassLoader - Instrumenting class 'org.mockito.exceptions.misusing.MissingMethodInvocationException'.
16:40:28.414 [main] INFO org.evosuite.runtime.instrumentation.MethodCallReplacementClassAdapter - Adding mock interface to class org/mockito/exceptions/misusing/MissingMethodInvocationException
16:40:28.414 [main] INFO org.evosuite.runtime.instrumentation.CreateClassResetClassAdapter - Creating brand-new static initializer in class org/mockito/exceptions/misusing/MissingMethodInvocationException
16:40:28.414 [main] INFO org.evosuite.runtime.instrumentation.EvoClassLoader - Keeping class: org.mockito.exceptions.misusing.MissingMethodInvocationException
16:40:28.415 [main] INFO org.evosuite.runtime.instrumentation.EvoClassLoader - Seeing class for first time: org.mockito.exceptions.verification.NoInteractionsWanted
16:40:28.415 [main] INFO org.evosuite.runtime.instrumentation.EvoClassLoader - Instrumenting class 'org.mockito.exceptions.verification.NoInteractionsWanted'.
16:40:28.415 [main] INFO org.evosuite.runtime.instrumentation.MethodCallReplacementClassAdapter - Adding mock interface to class org/mockito/exceptions/verification/NoInteractionsWanted
16:40:28.416 [main] INFO org.evosuite.runtime.instrumentation.CreateClassResetClassAdapter - Creating brand-new static initializer in class org/mockito/exceptions/verification/NoInteractionsWanted
16:40:28.416 [main] INFO org.evosuite.runtime.instrumentation.EvoClassLoader - Keeping class: org.mockito.exceptions.verification.NoInteractionsWanted
16:40:28.416 [main] INFO org.evosuite.runtime.instrumentation.EvoClassLoader - Seeing class for first time: org.mockito.exceptions.verification.NeverWantedButInvoked
16:40:28.416 [main] INFO org.evosuite.runtime.instrumentation.EvoClassLoader - Instrumenting class 'org.mockito.exceptions.verification.NeverWantedButInvoked'.
16:40:28.417 [main] INFO org.evosuite.runtime.instrumentation.MethodCallReplacementClassAdapter - Adding mock interface to class org/mockito/exceptions/verification/NeverWantedButInvoked
16:40:28.417 [main] INFO org.evosuite.runtime.instrumentation.CreateClassResetClassAdapter - Creating brand-new static initializer in class org/mockito/exceptions/verification/NeverWantedButInvoked
16:40:28.417 [main] INFO org.evosuite.runtime.instrumentation.EvoClassLoader - Keeping class: org.mockito.exceptions.verification.NeverWantedButInvoked
16:40:28.417 [main] INFO org.evosuite.runtime.instrumentation.EvoClassLoader - Seeing class for first time: org.mockito.exceptions.verification.TooManyActualInvocations
16:40:28.417 [main] INFO org.evosuite.runtime.instrumentation.EvoClassLoader - Instrumenting class 'org.mockito.exceptions.verification.TooManyActualInvocations'.
16:40:28.418 [main] INFO org.evosuite.runtime.instrumentation.MethodCallReplacementClassAdapter - Adding mock interface to class org/mockito/exceptions/verification/TooManyActualInvocations
16:40:28.418 [main] INFO org.evosuite.runtime.instrumentation.CreateClassResetClassAdapter - Creating brand-new static initializer in class org/mockito/exceptions/verification/TooManyActualInvocations
16:40:28.418 [main] INFO org.evosuite.runtime.instrumentation.EvoClassLoader - Keeping class: org.mockito.exceptions.verification.TooManyActualInvocations
16:40:28.419 [main] INFO org.evosuite.runtime.instrumentation.EvoClassLoader - Seeing class for first time: org.mockito.exceptions.verification.WantedButNotInvoked
16:40:28.419 [main] INFO org.evosuite.runtime.instrumentation.EvoClassLoader - Instrumenting class 'org.mockito.exceptions.verification.WantedButNotInvoked'.
16:40:28.419 [main] INFO org.evosuite.runtime.instrumentation.MethodCallReplacementClassAdapter - Adding mock interface to class org/mockito/exceptions/verification/WantedButNotInvoked
16:40:28.420 [main] INFO org.evosuite.runtime.instrumentation.CreateClassResetClassAdapter - Creating brand-new static initializer in class org/mockito/exceptions/verification/WantedButNotInvoked
16:40:28.420 [main] INFO org.evosuite.runtime.instrumentation.EvoClassLoader - Keeping class: org.mockito.exceptions.verification.WantedButNotInvoked
16:40:28.420 [main] INFO org.evosuite.runtime.instrumentation.EvoClassLoader - Seeing class for first time: org.mockito.exceptions.misusing.CannotVerifyStubOnlyMock
16:40:28.420 [main] INFO org.evosuite.runtime.instrumentation.EvoClassLoader - Instrumenting class 'org.mockito.exceptions.misusing.CannotVerifyStubOnlyMock'.
16:40:28.420 [main] INFO org.evosuite.runtime.instrumentation.MethodCallReplacementClassAdapter - Adding mock interface to class org/mockito/exceptions/misusing/CannotVerifyStubOnlyMock
16:40:28.421 [main] INFO org.evosuite.runtime.instrumentation.CreateClassResetClassAdapter - Creating brand-new static initializer in class org/mockito/exceptions/misusing/CannotVerifyStubOnlyMock
16:40:28.421 [main] INFO org.evosuite.runtime.instrumentation.EvoClassLoader - Keeping class: org.mockito.exceptions.misusing.CannotVerifyStubOnlyMock
16:40:28.421 [main] INFO org.evosuite.runtime.instrumentation.EvoClassLoader - Seeing class for first time: org.mockito.exceptions.misusing.UnfinishedStubbingException
16:40:28.421 [main] INFO org.evosuite.runtime.instrumentation.EvoClassLoader - Instrumenting class 'org.mockito.exceptions.misusing.UnfinishedStubbingException'.
16:40:28.421 [main] INFO org.evosuite.runtime.instrumentation.MethodCallReplacementClassAdapter - Adding mock interface to class org/mockito/exceptions/misusing/UnfinishedStubbingException
16:40:28.422 [main] INFO org.evosuite.runtime.instrumentation.CreateClassResetClassAdapter - Creating brand-new static initializer in class org/mockito/exceptions/misusing/UnfinishedStubbingException
16:40:28.422 [main] INFO org.evosuite.runtime.instrumentation.EvoClassLoader - Keeping class: org.mockito.exceptions.misusing.UnfinishedStubbingException
16:40:28.422 [main] INFO org.evosuite.runtime.instrumentation.EvoClassLoader - Seeing class for first time: org.mockito.internal.util.MockUtil
16:40:28.422 [main] INFO org.evosuite.runtime.instrumentation.EvoClassLoader - Instrumenting class 'org.mockito.internal.util.MockUtil'.
16:40:28.425 [main] INFO org.evosuite.runtime.instrumentation.MethodCallReplacementClassAdapter - Adding mock interface to class org/mockito/internal/util/MockUtil
16:40:28.433 [main] INFO org.evosuite.runtime.instrumentation.CreateClassResetClassAdapter - Found static initializer in class org/mockito/internal/util/MockUtil
16:40:28.435 [main] INFO org.evosuite.runtime.instrumentation.EvoClassLoader - Defined package (3): package org.mockito.internal.util, 1337586933
16:40:28.435 [main] INFO org.evosuite.runtime.instrumentation.EvoClassLoader - Keeping class: org.mockito.internal.util.MockUtil
16:40:28.435 [main] INFO org.evosuite.runtime.instrumentation.EvoClassLoader - Seeing class for first time: org.mockito.invocation.MockHandler
16:40:28.435 [main] INFO org.evosuite.runtime.instrumentation.EvoClassLoader - Instrumenting class 'org.mockito.invocation.MockHandler'.
16:40:28.438 [main] INFO org.evosuite.runtime.instrumentation.EvoClassLoader - Defined package (3): package org.mockito.invocation, -1026637970
16:40:28.438 [main] INFO org.evosuite.runtime.instrumentation.EvoClassLoader - Keeping class: org.mockito.invocation.MockHandler
16:40:28.439 [main] INFO org.evosuite.runtime.instrumentation.EvoClassLoader - Seeing class for first time: org.mockito.mock.MockName
16:40:28.439 [main] INFO org.evosuite.runtime.instrumentation.EvoClassLoader - Instrumenting class 'org.mockito.mock.MockName'.
16:40:28.440 [main] INFO org.evosuite.runtime.instrumentation.EvoClassLoader - Defined package (3): package org.mockito.mock, 677215976
16:40:28.440 [main] INFO org.evosuite.runtime.instrumentation.EvoClassLoader - Keeping class: org.mockito.mock.MockName
16:40:28.441 [main] INFO org.evosuite.runtime.instrumentation.EvoClassLoader - Seeing class for first time: org.mockito.internal.configuration.plugins.Plugins
16:40:28.441 [main] INFO org.evosuite.runtime.instrumentation.EvoClassLoader - Instrumenting class 'org.mockito.internal.configuration.plugins.Plugins'.
16:40:28.442 [main] INFO org.evosuite.runtime.instrumentation.MethodCallReplacementClassAdapter - Adding mock interface to class org/mockito/internal/configuration/plugins/Plugins
16:40:28.443 [main] INFO org.evosuite.runtime.instrumentation.CreateClassResetClassAdapter - Found static initializer in class org/mockito/internal/configuration/plugins/Plugins
16:40:28.445 [main] INFO org.evosuite.runtime.instrumentation.EvoClassLoader - Defined package (3): package org.mockito.internal.configuration.plugins, -1086470635
16:40:28.448 [main] INFO org.evosuite.runtime.instrumentation.EvoClassLoader - Keeping class: org.mockito.internal.configuration.plugins.Plugins
16:40:28.450 [main] INFO org.evosuite.runtime.instrumentation.EvoClassLoader - Seeing class for first time: org.mockito.internal.configuration.plugins.PluginRegistry
16:40:28.453 [main] INFO org.evosuite.runtime.instrumentation.EvoClassLoader - Instrumenting class 'org.mockito.internal.configuration.plugins.PluginRegistry'.
16:40:28.459 [main] INFO org.evosuite.runtime.instrumentation.MethodCallReplacementClassAdapter - Adding mock interface to class org/mockito/internal/configuration/plugins/PluginRegistry
16:40:28.462 [main] INFO org.evosuite.runtime.instrumentation.CreateClassResetClassAdapter - Creating brand-new static initializer in class org/mockito/internal/configuration/plugins/PluginRegistry
16:40:28.463 [main] INFO org.evosuite.runtime.instrumentation.EvoClassLoader - Keeping class: org.mockito.internal.configuration.plugins.PluginRegistry
16:40:28.463 [main] INFO org.evosuite.runtime.instrumentation.EvoClassLoader - Seeing class for first time: org.mockito.plugins.PluginSwitch
16:40:28.463 [main] INFO org.evosuite.runtime.instrumentation.EvoClassLoader - Instrumenting class 'org.mockito.plugins.PluginSwitch'.
16:40:28.465 [main] INFO org.evosuite.runtime.instrumentation.EvoClassLoader - Defined package (3): package org.mockito.plugins, -221983358
16:40:28.465 [main] INFO org.evosuite.runtime.instrumentation.EvoClassLoader - Keeping class: org.mockito.plugins.PluginSwitch
16:40:28.465 [main] INFO org.evosuite.runtime.instrumentation.EvoClassLoader - Seeing class for first time: org.mockito.internal.configuration.plugins.PluginLoader
16:40:28.465 [main] INFO org.evosuite.runtime.instrumentation.EvoClassLoader - Instrumenting class 'org.mockito.internal.configuration.plugins.PluginLoader'.
16:40:28.467 [main] INFO org.evosuite.runtime.instrumentation.MethodCallReplacementClassAdapter - Adding mock interface to class org/mockito/internal/configuration/plugins/PluginLoader
16:40:28.469 [main] INFO org.evosuite.runtime.instrumentation.CreateClassResetClassAdapter - Creating brand-new static initializer in class org/mockito/internal/configuration/plugins/PluginLoader
16:40:28.470 [main] INFO org.evosuite.runtime.instrumentation.EvoClassLoader - Keeping class: org.mockito.internal.configuration.plugins.PluginLoader
16:40:28.471 [main] INFO org.evosuite.runtime.instrumentation.EvoClassLoader - Seeing class for first time: org.mockito.exceptions.misusing.MockitoConfigurationException
16:40:28.471 [main] INFO org.evosuite.runtime.instrumentation.EvoClassLoader - Instrumenting class 'org.mockito.exceptions.misusing.MockitoConfigurationException'.
16:40:28.472 [main] INFO org.evosuite.runtime.instrumentation.MethodCallReplacementClassAdapter - Adding mock interface to class org/mockito/exceptions/misusing/MockitoConfigurationException
16:40:28.472 [main] INFO org.evosuite.runtime.instrumentation.CreateClassResetClassAdapter - Creating brand-new static initializer in class org/mockito/exceptions/misusing/MockitoConfigurationException
16:40:28.472 [main] INFO org.evosuite.runtime.instrumentation.EvoClassLoader - Keeping class: org.mockito.exceptions.misusing.MockitoConfigurationException
16:40:28.473 [main] INFO org.evosuite.runtime.instrumentation.EvoClassLoader - Seeing class for first time: org.mockito.internal.configuration.plugins.DefaultPluginSwitch
16:40:28.473 [main] INFO org.evosuite.runtime.instrumentation.EvoClassLoader - Instrumenting class 'org.mockito.internal.configuration.plugins.DefaultPluginSwitch'.
16:40:28.474 [main] INFO org.evosuite.runtime.instrumentation.MethodCallReplacementClassAdapter - Adding mock interface to class org/mockito/internal/configuration/plugins/DefaultPluginSwitch
16:40:28.476 [main] INFO org.evosuite.runtime.instrumentation.CreateClassResetClassAdapter - Creating brand-new static initializer in class org/mockito/internal/configuration/plugins/DefaultPluginSwitch
16:40:28.476 [main] INFO org.evosuite.runtime.instrumentation.EvoClassLoader - Keeping class: org.mockito.internal.configuration.plugins.DefaultPluginSwitch
16:40:28.477 [main] INFO org.evosuite.runtime.instrumentation.EvoClassLoader - Seeing class for first time: org.mockito.internal.configuration.plugins.PluginFinder
16:40:28.477 [main] INFO org.evosuite.runtime.instrumentation.EvoClassLoader - Instrumenting class 'org.mockito.internal.configuration.plugins.PluginFinder'.
16:40:28.478 [main] INFO org.evosuite.runtime.instrumentation.MethodCallReplacementClassAdapter - Adding mock interface to class org/mockito/internal/configuration/plugins/PluginFinder
16:40:28.485 [main] INFO org.evosuite.runtime.instrumentation.CreateClassResetClassAdapter - Creating brand-new static initializer in class org/mockito/internal/configuration/plugins/PluginFinder
16:40:28.486 [main] INFO org.evosuite.runtime.instrumentation.EvoClassLoader - Keeping class: org.mockito.internal.configuration.plugins.PluginFinder
16:40:28.487 [main] INFO org.evosuite.runtime.instrumentation.EvoClassLoader - Seeing class for first time: org.mockito.internal.util.collections.Iterables
16:40:28.487 [main] INFO org.evosuite.runtime.instrumentation.EvoClassLoader - Instrumenting class 'org.mockito.internal.util.collections.Iterables'.
16:40:28.488 [main] INFO org.evosuite.runtime.instrumentation.MethodCallReplacementClassAdapter - Adding mock interface to class org/mockito/internal/util/collections/Iterables
16:40:28.489 [main] INFO org.evosuite.runtime.instrumentation.CreateClassResetClassAdapter - Creating brand-new static initializer in class org/mockito/internal/util/collections/Iterables
16:40:28.489 [main] INFO org.evosuite.runtime.instrumentation.EvoClassLoader - Defined package (3): package org.mockito.internal.util.collections, 2017266204
16:40:28.489 [main] INFO org.evosuite.runtime.instrumentation.EvoClassLoader - Keeping class: org.mockito.internal.util.collections.Iterables
16:40:28.492 [main] INFO org.evosuite.runtime.instrumentation.EvoClassLoader - Seeing class for first time: org.mockito.plugins.MockMaker
16:40:28.492 [main] INFO org.evosuite.runtime.instrumentation.EvoClassLoader - Instrumenting class 'org.mockito.plugins.MockMaker'.
16:40:28.494 [main] INFO org.evosuite.runtime.instrumentation.EvoClassLoader - Keeping class: org.mockito.plugins.MockMaker
16:40:28.495 [main] INFO org.evosuite.runtime.instrumentation.EvoClassLoader - Seeing class for first time: org.mockito.internal.configuration.plugins.PluginFileReader
16:40:28.495 [main] INFO org.evosuite.runtime.instrumentation.EvoClassLoader - Instrumenting class 'org.mockito.internal.configuration.plugins.PluginFileReader'.
16:40:28.496 [main] INFO org.evosuite.runtime.instrumentation.MethodCallReplacementClassAdapter - Adding mock interface to class org/mockito/internal/configuration/plugins/PluginFileReader
16:40:28.499 [main] INFO org.evosuite.runtime.instrumentation.CreateClassResetClassAdapter - Creating brand-new static initializer in class org/mockito/internal/configuration/plugins/PluginFileReader
16:40:28.499 [main] INFO org.evosuite.runtime.instrumentation.EvoClassLoader - Keeping class: org.mockito.internal.configuration.plugins.PluginFileReader
16:40:28.499 [main] INFO org.evosuite.runtime.instrumentation.EvoClassLoader - Seeing class for first time: org.mockito.internal.util.io.IOUtil
16:40:28.499 [main] INFO org.evosuite.runtime.instrumentation.EvoClassLoader - Instrumenting class 'org.mockito.internal.util.io.IOUtil'.
16:40:28.500 [main] INFO org.evosuite.runtime.instrumentation.MethodCallReplacementClassAdapter - Adding mock interface to class org/mockito/internal/util/io/IOUtil
16:40:28.508 [main] INFO org.evosuite.runtime.instrumentation.CreateClassResetClassAdapter - Creating brand-new static initializer in class org/mockito/internal/util/io/IOUtil
16:40:28.508 [main] INFO org.evosuite.runtime.instrumentation.EvoClassLoader - Defined package (3): package org.mockito.internal.util.io, -654203713
16:40:28.510 [main] INFO org.evosuite.runtime.instrumentation.EvoClassLoader - Keeping class: org.mockito.internal.util.io.IOUtil
16:40:28.523 [main] INFO org.evosuite.runtime.instrumentation.EvoClassLoader - Seeing class for first time: org.mockito.internal.exceptions.stacktrace.ConditionalStackTraceFilter
16:40:28.523 [main] INFO org.evosuite.runtime.instrumentation.EvoClassLoader - Instrumenting class 'org.mockito.internal.exceptions.stacktrace.ConditionalStackTraceFilter'.
16:40:28.527 [main] INFO org.evosuite.runtime.instrumentation.MethodCallReplacementClassAdapter - Adding mock interface to class org/mockito/internal/exceptions/stacktrace/ConditionalStackTraceFilter
16:40:28.534 [main] INFO org.evosuite.runtime.instrumentation.CreateClassResetClassAdapter - Creating brand-new static initializer in class org/mockito/internal/exceptions/stacktrace/ConditionalStackTraceFilter
16:40:28.534 [main] INFO org.evosuite.runtime.instrumentation.EvoClassLoader - Defined package (3): package org.mockito.internal.exceptions.stacktrace, 1054137684
16:40:28.534 [main] INFO org.evosuite.runtime.instrumentation.EvoClassLoader - Keeping class: org.mockito.internal.exceptions.stacktrace.ConditionalStackTraceFilter
16:40:28.534 [main] INFO org.evosuite.runtime.instrumentation.EvoClassLoader - Seeing class for first time: org.mockito.configuration.IMockitoConfiguration
16:40:28.534 [main] INFO org.evosuite.runtime.instrumentation.EvoClassLoader - Instrumenting class 'org.mockito.configuration.IMockitoConfiguration'.
16:40:28.536 [main] INFO org.evosuite.runtime.instrumentation.EvoClassLoader - Defined package (3): package org.mockito.configuration, 1488869720
16:40:28.536 [main] INFO org.evosuite.runtime.instrumentation.EvoClassLoader - Keeping class: org.mockito.configuration.IMockitoConfiguration
16:40:28.536 [main] INFO org.evosuite.runtime.instrumentation.EvoClassLoader - Seeing class for first time: org.mockito.internal.configuration.GlobalConfiguration
16:40:28.536 [main] INFO org.evosuite.runtime.instrumentation.EvoClassLoader - Instrumenting class 'org.mockito.internal.configuration.GlobalConfiguration'.
16:40:28.538 [main] INFO org.evosuite.runtime.instrumentation.MethodCallReplacementClassAdapter - Adding mock interface to class org/mockito/internal/configuration/GlobalConfiguration
16:40:28.543 [main] INFO org.evosuite.runtime.instrumentation.CreateClassResetClassAdapter - Found static initializer in class org/mockito/internal/configuration/GlobalConfiguration
16:40:28.545 [main] INFO org.evosuite.runtime.instrumentation.EvoClassLoader - Defined package (3): package org.mockito.internal.configuration, -292859549
16:40:28.546 [main] INFO org.evosuite.runtime.instrumentation.EvoClassLoader - Keeping class: org.mockito.internal.configuration.GlobalConfiguration
16:40:28.546 [main] INFO org.evosuite.runtime.instrumentation.EvoClassLoader - Seeing class for first time: org.mockito.configuration.DefaultMockitoConfiguration
16:40:28.547 [main] INFO org.evosuite.runtime.instrumentation.EvoClassLoader - Instrumenting class 'org.mockito.configuration.DefaultMockitoConfiguration'.
16:40:28.547 [main] INFO org.evosuite.runtime.instrumentation.MethodCallReplacementClassAdapter - Adding mock interface to class org/mockito/configuration/DefaultMockitoConfiguration
16:40:28.551 [main] INFO org.evosuite.runtime.instrumentation.CreateClassResetClassAdapter - Creating brand-new static initializer in class org/mockito/configuration/DefaultMockitoConfiguration
16:40:28.551 [main] INFO org.evosuite.runtime.instrumentation.EvoClassLoader - Keeping class: org.mockito.configuration.DefaultMockitoConfiguration
16:40:28.551 [main] INFO org.evosuite.runtime.instrumentation.EvoClassLoader - Seeing class for first time: org.mockito.configuration.AnnotationEngine
16:40:28.551 [main] INFO org.evosuite.runtime.instrumentation.EvoClassLoader - Instrumenting class 'org.mockito.configuration.AnnotationEngine'.
16:40:28.552 [main] INFO org.evosuite.runtime.instrumentation.EvoClassLoader - Keeping class: org.mockito.configuration.AnnotationEngine
16:40:28.552 [main] INFO org.evosuite.runtime.instrumentation.EvoClassLoader - Seeing class for first time: org.mockito.internal.configuration.ClassPathLoader
16:40:28.552 [main] INFO org.evosuite.runtime.instrumentation.EvoClassLoader - Instrumenting class 'org.mockito.internal.configuration.ClassPathLoader'.
16:40:28.553 [main] INFO org.evosuite.runtime.instrumentation.MethodCallReplacementClassAdapter - Adding mock interface to class org/mockito/internal/configuration/ClassPathLoader
16:40:28.554 [main] INFO org.evosuite.runtime.instrumentation.CreateClassResetClassAdapter - Creating brand-new static initializer in class org/mockito/internal/configuration/ClassPathLoader
16:40:28.554 [main] INFO org.evosuite.runtime.instrumentation.CreateClassResetClassAdapter - Adding bytecode for initializing field MOCKITO_CONFIGURATION_CLASS_NAME
16:40:28.554 [main] INFO org.evosuite.runtime.instrumentation.EvoClassLoader - Keeping class: org.mockito.internal.configuration.ClassPathLoader
16:40:28.555 [main] INFO org.evosuite.runtime.instrumentation.EvoClassLoader - Seeing class for first time: org.mockito.configuration.MockitoConfiguration
16:40:28.555 [main] INFO org.evosuite.runtime.instrumentation.EvoClassLoader - Instrumenting class 'org.mockito.configuration.MockitoConfiguration'.
16:40:28.555 [main] INFO org.evosuite.runtime.instrumentation.EvoClassLoader - Error while loading class: java.lang.ClassNotFoundException: Class 'org/mockito/configuration/MockitoConfiguration.class' should be in target project, but could not be found!
16:40:28.555 [main] INFO org.evosuite.runtime.instrumentation.EvoClassLoader - Seeing class for first time: org.mockito.internal.exceptions.stacktrace.StackTraceFilter
16:40:28.555 [main] INFO org.evosuite.runtime.instrumentation.EvoClassLoader - Instrumenting class 'org.mockito.internal.exceptions.stacktrace.StackTraceFilter'.
16:40:28.556 [main] INFO org.evosuite.runtime.instrumentation.MethodCallReplacementClassAdapter - Adding mock interface to class org/mockito/internal/exceptions/stacktrace/StackTraceFilter
16:40:28.558 [main] INFO org.evosuite.runtime.instrumentation.CreateClassResetClassAdapter - Found static initializer in class org/mockito/internal/exceptions/stacktrace/StackTraceFilter
16:40:28.559 [main] INFO org.evosuite.runtime.instrumentation.EvoClassLoader - Keeping class: org.mockito.internal.exceptions.stacktrace.StackTraceFilter
16:40:28.559 [main] INFO org.evosuite.runtime.instrumentation.EvoClassLoader - Seeing class for first time: org.mockito.exceptions.stacktrace.StackTraceCleaner
16:40:28.559 [main] INFO org.evosuite.runtime.instrumentation.EvoClassLoader - Instrumenting class 'org.mockito.exceptions.stacktrace.StackTraceCleaner'.
16:40:28.560 [main] INFO org.evosuite.runtime.instrumentation.EvoClassLoader - Defined package (3): package org.mockito.exceptions.stacktrace, -1970331575
16:40:28.560 [main] INFO org.evosuite.runtime.instrumentation.EvoClassLoader - Keeping class: org.mockito.exceptions.stacktrace.StackTraceCleaner
16:40:28.566 [main] INFO org.evosuite.runtime.instrumentation.EvoClassLoader - Seeing class for first time: org.jinstagram.http.URLUtils$EncodingRule
16:40:28.566 [main] INFO org.evosuite.runtime.instrumentation.EvoClassLoader - Instrumenting class 'org.jinstagram.http.URLUtils$EncodingRule'.
16:40:28.567 [main] INFO org.evosuite.runtime.instrumentation.MethodCallReplacementClassAdapter - Adding mock interface to class org/jinstagram/http/URLUtils$EncodingRule
16:40:28.568 [main] INFO org.evosuite.runtime.instrumentation.CreateClassResetClassAdapter - Creating brand-new static initializer in class org/jinstagram/http/URLUtils$EncodingRule
16:40:28.568 [main] INFO org.evosuite.runtime.instrumentation.EvoClassLoader - Keeping class: org.jinstagram.http.URLUtils$EncodingRule
16:40:28.568 [main] INFO org.evosuite.runtime.instrumentation.EvoClassLoader - Seeing class for first time: org.jinstagram.http.URLUtils
16:40:28.568 [main] INFO org.evosuite.runtime.instrumentation.EvoClassLoader - Instrumenting class 'org.jinstagram.http.URLUtils'.
16:40:28.570 [main] INFO org.evosuite.runtime.instrumentation.MethodCallReplacementClassAdapter - Adding mock interface to class org/jinstagram/http/URLUtils
16:40:28.577 [main] INFO org.evosuite.runtime.instrumentation.CreateClassResetClassAdapter - Found static initializer in class org/jinstagram/http/URLUtils
16:40:28.578 [main] INFO org.evosuite.runtime.instrumentation.EvoClassLoader - Keeping class: org.jinstagram.http.URLUtils
]]></system-out>
    <system-err><![CDATA[Warning: the font "Times" is not available, so "Lucida Bright" has been substituted, but may have unexpected appearance or behavor. Re-enable the "Times" font to remove this warning.
]]></system-err>
  </testcase>
</testsuite>