<?xml version="1.0" encoding="UTF-8"?>
<testsuite xmlns:xsi="http://www.w3.org/2001/XMLSchema-instance" xsi:noNamespaceSchemaLocation="https://maven.apache.org/surefire/maven-surefire-plugin/xsd/surefire-test-report.xsd" name="technology.tabula.ProjectionProfile_ESTest" time="1.685" tests="1" errors="0" skipped="0" failures="1">
  <properties>
    <property name="gopherProxySet" value="false"/>
    <property name="awt.toolkit" value="sun.lwawt.macosx.LWCToolkit"/>
    <property name="file.encoding.pkg" value="sun.io"/>
    <property name="java.specification.version" value="1.8"/>
    <property name="sun.cpu.isalist" value=""/>
    <property name="sun.jnu.encoding" value="UTF-8"/>
    <property name="java.class.path" value="/Users/zhi/Documents/PH.D/Project/Testing/ChatTESTER/CodePackage/Prompt2Testing/repo_get/Four_project/tabulapdf_tabula-java/target/test-classes:/Users/zhi/Documents/PH.D/Project/Testing/ChatTESTER/CodePackage/Prompt2Testing/repo_get/Four_project/tabulapdf_tabula-java/target/classes:/Users/zhi/.m2/repository/org/locationtech/jts/jts-core/1.18.1/jts-core-1.18.1.jar:/Users/zhi/.m2/repository/org/slf4j/slf4j-api/1.7.35/slf4j-api-1.7.35.jar:/Users/zhi/.m2/repository/org/slf4j/slf4j-simple/1.7.32/slf4j-simple-1.7.32.jar:/Users/zhi/.m2/repository/org/apache/pdfbox/pdfbox/2.0.26/pdfbox-2.0.26.jar:/Users/zhi/.m2/repository/org/apache/pdfbox/fontbox/2.0.26/fontbox-2.0.26.jar:/Users/zhi/.m2/repository/commons-logging/commons-logging/1.2/commons-logging-1.2.jar:/Users/zhi/.m2/repository/org/bouncycastle/bcprov-jdk15on/1.70/bcprov-jdk15on-1.70.jar:/Users/zhi/.m2/repository/org/bouncycastle/bcmail-jdk15on/1.70/bcmail-jdk15on-1.70.jar:/Users/zhi/.m2/repository/org/bouncycastle/bcutil-jdk15on/1.70/bcutil-jdk15on-1.70.jar:/Users/zhi/.m2/repository/org/bouncycastle/bcpkix-jdk15on/1.70/bcpkix-jdk15on-1.70.jar:/Users/zhi/.m2/repository/junit/junit/4.13.2/junit-4.13.2.jar:/Users/zhi/.m2/repository/org/hamcrest/hamcrest-core/1.3/hamcrest-core-1.3.jar:/Users/zhi/.m2/repository/commons-cli/commons-cli/1.4/commons-cli-1.4.jar:/Users/zhi/.m2/repository/org/apache/commons/commons-csv/1.9.0/commons-csv-1.9.0.jar:/Users/zhi/.m2/repository/com/google/code/gson/gson/2.9.0/gson-2.9.0.jar:/Users/zhi/.m2/repository/com/github/jai-imageio/jai-imageio-core/1.4.0/jai-imageio-core-1.4.0.jar:/Users/zhi/.m2/repository/com/github/jai-imageio/jai-imageio-jpeg2000/1.4.0/jai-imageio-jpeg2000-1.4.0.jar:/Users/zhi/.m2/repository/org/apache/pdfbox/jbig2-imageio/3.0.4/jbig2-imageio-3.0.4.jar:/Users/zhi/.m2/repository/org/evosuite/evosuite-standalone-runtime/1.2.0/evosuite-standalone-runtime-1.2.0.jar:/Users/zhi/.m2/repository/org/junit/jupiter/junit-jupiter-api/5.9.0/junit-jupiter-api-5.9.0.jar:/Users/zhi/.m2/repository/org/opentest4j/opentest4j/1.2.0/opentest4j-1.2.0.jar:/Users/zhi/.m2/repository/org/junit/platform/junit-platform-commons/1.9.0/junit-platform-commons-1.9.0.jar:/Users/zhi/.m2/repository/org/apiguardian/apiguardian-api/1.1.2/apiguardian-api-1.1.2.jar:"/>
    <property name="java.vm.vendor" value="Oracle Corporation"/>
    <property name="sun.arch.data.model" value="64"/>
    <property name="java.vendor.url" value="http://java.oracle.com/"/>
    <property name="user.timezone" value=""/>
    <property name="java.vm.specification.version" value="1.8"/>
    <property name="os.name" value="Mac OS X"/>
    <property name="user.country" value="US"/>
    <property name="sun.java.launcher" value="SUN_STANDARD"/>
    <property name="sun.boot.library.path" value="/Library/Java/JavaVirtualMachines/jdk1.8.0_131.jdk/Contents/Home/jre/lib"/>
    <property name="sun.java.command" value="/Users/zhi/Documents/PH.D/Project/Testing/ChatTESTER/CodePackage/Prompt2Testing/repo_get/Four_project/tabulapdf_tabula-java/target/surefire/surefirebooter6132284921748016262.jar /Users/zhi/Documents/PH.D/Project/Testing/ChatTESTER/CodePackage/Prompt2Testing/repo_get/Four_project/tabulapdf_tabula-java/target/surefire 2024-05-01T00-30-37_459-jvmRun1 surefire5404913175451848543tmp surefire_08302875505389331725tmp"/>
    <property name="surefire.test.class.path" value="/Users/zhi/Documents/PH.D/Project/Testing/ChatTESTER/CodePackage/Prompt2Testing/repo_get/Four_project/tabulapdf_tabula-java/target/test-classes:/Users/zhi/Documents/PH.D/Project/Testing/ChatTESTER/CodePackage/Prompt2Testing/repo_get/Four_project/tabulapdf_tabula-java/target/classes:/Users/zhi/.m2/repository/org/locationtech/jts/jts-core/1.18.1/jts-core-1.18.1.jar:/Users/zhi/.m2/repository/org/slf4j/slf4j-api/1.7.35/slf4j-api-1.7.35.jar:/Users/zhi/.m2/repository/org/slf4j/slf4j-simple/1.7.32/slf4j-simple-1.7.32.jar:/Users/zhi/.m2/repository/org/apache/pdfbox/pdfbox/2.0.26/pdfbox-2.0.26.jar:/Users/zhi/.m2/repository/org/apache/pdfbox/fontbox/2.0.26/fontbox-2.0.26.jar:/Users/zhi/.m2/repository/commons-logging/commons-logging/1.2/commons-logging-1.2.jar:/Users/zhi/.m2/repository/org/bouncycastle/bcprov-jdk15on/1.70/bcprov-jdk15on-1.70.jar:/Users/zhi/.m2/repository/org/bouncycastle/bcmail-jdk15on/1.70/bcmail-jdk15on-1.70.jar:/Users/zhi/.m2/repository/org/bouncycastle/bcutil-jdk15on/1.70/bcutil-jdk15on-1.70.jar:/Users/zhi/.m2/repository/org/bouncycastle/bcpkix-jdk15on/1.70/bcpkix-jdk15on-1.70.jar:/Users/zhi/.m2/repository/junit/junit/4.13.2/junit-4.13.2.jar:/Users/zhi/.m2/repository/org/hamcrest/hamcrest-core/1.3/hamcrest-core-1.3.jar:/Users/zhi/.m2/repository/commons-cli/commons-cli/1.4/commons-cli-1.4.jar:/Users/zhi/.m2/repository/org/apache/commons/commons-csv/1.9.0/commons-csv-1.9.0.jar:/Users/zhi/.m2/repository/com/google/code/gson/gson/2.9.0/gson-2.9.0.jar:/Users/zhi/.m2/repository/com/github/jai-imageio/jai-imageio-core/1.4.0/jai-imageio-core-1.4.0.jar:/Users/zhi/.m2/repository/com/github/jai-imageio/jai-imageio-jpeg2000/1.4.0/jai-imageio-jpeg2000-1.4.0.jar:/Users/zhi/.m2/repository/org/apache/pdfbox/jbig2-imageio/3.0.4/jbig2-imageio-3.0.4.jar:/Users/zhi/.m2/repository/org/evosuite/evosuite-standalone-runtime/1.2.0/evosuite-standalone-runtime-1.2.0.jar:/Users/zhi/.m2/repository/org/junit/jupiter/junit-jupiter-api/5.9.0/junit-jupiter-api-5.9.0.jar:/Users/zhi/.m2/repository/org/opentest4j/opentest4j/1.2.0/opentest4j-1.2.0.jar:/Users/zhi/.m2/repository/org/junit/platform/junit-platform-commons/1.9.0/junit-platform-commons-1.9.0.jar:/Users/zhi/.m2/repository/org/apiguardian/apiguardian-api/1.1.2/apiguardian-api-1.1.2.jar:"/>
    <property name="sun.cpu.endian" value="little"/>
    <property name="user.home" value="/Users/zhi"/>
    <property name="user.language" value="en"/>
    <property name="java.specification.vendor" value="Oracle Corporation"/>
    <property name="java.home" value="/Library/Java/JavaVirtualMachines/jdk1.8.0_131.jdk/Contents/Home/jre"/>
    <property name="basedir" value="/Users/zhi/Documents/PH.D/Project/Testing/ChatTESTER/CodePackage/Prompt2Testing/repo_get/Four_project/tabulapdf_tabula-java"/>
    <property name="file.separator" value="/"/>
    <property name="checkstyle.skip" value="true"/>
    <property name="line.separator" value="&#10;"/>
    <property name="java.vm.specification.vendor" value="Oracle Corporation"/>
    <property name="java.specification.name" value="Java Platform API Specification"/>
    <property name="java.awt.graphicsenv" value="sun.awt.CGraphicsEnvironment"/>
    <property name="surefire.real.class.path" value="/Users/zhi/Documents/PH.D/Project/Testing/ChatTESTER/CodePackage/Prompt2Testing/repo_get/Four_project/tabulapdf_tabula-java/target/surefire/surefirebooter6132284921748016262.jar"/>
    <property name="sun.boot.class.path" value="/Library/Java/JavaVirtualMachines/jdk1.8.0_131.jdk/Contents/Home/jre/lib/resources.jar:/Library/Java/JavaVirtualMachines/jdk1.8.0_131.jdk/Contents/Home/jre/lib/rt.jar:/Library/Java/JavaVirtualMachines/jdk1.8.0_131.jdk/Contents/Home/jre/lib/sunrsasign.jar:/Library/Java/JavaVirtualMachines/jdk1.8.0_131.jdk/Contents/Home/jre/lib/jsse.jar:/Library/Java/JavaVirtualMachines/jdk1.8.0_131.jdk/Contents/Home/jre/lib/jce.jar:/Library/Java/JavaVirtualMachines/jdk1.8.0_131.jdk/Contents/Home/jre/lib/charsets.jar:/Library/Java/JavaVirtualMachines/jdk1.8.0_131.jdk/Contents/Home/jre/lib/jfr.jar:/Library/Java/JavaVirtualMachines/jdk1.8.0_131.jdk/Contents/Home/jre/classes"/>
    <property name="sun.management.compiler" value="HotSpot 64-Bit Tiered Compilers"/>
    <property name="java.runtime.version" value="1.8.0_131-b11"/>
    <property name="user.name" value="zhi"/>
    <property name="path.separator" value=":"/>
    <property name="os.version" value="10.16"/>
    <property name="java.endorsed.dirs" value="/Library/Java/JavaVirtualMachines/jdk1.8.0_131.jdk/Contents/Home/jre/lib/endorsed"/>
    <property name="java.runtime.name" value="Java(TM) SE Runtime Environment"/>
    <property name="file.encoding" value="UTF-8"/>
    <property name="java.vm.name" value="Java HotSpot(TM) 64-Bit Server VM"/>
    <property name="localRepository" value="/Users/zhi/.m2/repository"/>
    <property name="java.vendor.url.bug" value="http://bugreport.sun.com/bugreport/"/>
    <property name="java.io.tmpdir" value="/var/folders/8x/v938mdr1749_v11p_3wlpvn00000gn/T/"/>
    <property name="java.version" value="1.8.0_131"/>
    <property name="user.dir" value="/Users/zhi/Documents/PH.D/Project/Testing/ChatTESTER/CodePackage/Prompt2Testing/repo_get/Four_project/tabulapdf_tabula-java"/>
    <property name="os.arch" value="x86_64"/>
    <property name="java.vm.specification.name" value="Java Virtual Machine Specification"/>
    <property name="java.awt.printerjob" value="sun.lwawt.macosx.CPrinterJob"/>
    <property name="sun.os.patch.level" value="unknown"/>
    <property name="java.library.path" value="/Users/zhi/Library/Java/Extensions:/Library/Java/Extensions:/Network/Library/Java/Extensions:/System/Library/Java/Extensions:/usr/lib/java:."/>
    <property name="java.vm.info" value="mixed mode"/>
    <property name="java.vendor" value="Oracle Corporation"/>
    <property name="java.vm.version" value="25.131-b11"/>
    <property name="java.ext.dirs" value="/Users/zhi/Library/Java/Extensions:/Library/Java/JavaVirtualMachines/jdk1.8.0_131.jdk/Contents/Home/jre/lib/ext:/Library/Java/Extensions:/Network/Library/Java/Extensions:/System/Library/Java/Extensions:/usr/lib/java"/>
    <property name="sun.io.unicode.encoding" value="UnicodeBig"/>
    <property name="java.class.version" value="52.0"/>
  </properties>
  <testcase name="testGetAutocorrelation" classname="technology.tabula.ProjectionProfile_ESTest" time="0.032">
    <failure message="arrays first differed at element [0]; expected:&lt;0.02&gt; but was:&lt;0.0&gt;" type="org.junit.internal.ArrayComparisonFailure"><![CDATA[org.junit.internal.ArrayComparisonFailure: arrays first differed at element [0]; expected:<0.02> but was:<0.0>
	at technology.tabula.ProjectionProfile_ESTest.testGetAutocorrelation(ProjectionProfile_ESTest.java:30)
Caused by: java.lang.AssertionError: expected:<0.02> but was:<0.0>
	at technology.tabula.ProjectionProfile_ESTest.testGetAutocorrelation(ProjectionProfile_ESTest.java:30)
]]></failure>
    <system-err><![CDATA[[main] INFO org.evosuite.runtime.instrumentation.EvoClassLoader - Seeing class for first time: technology.tabula.ProjectionProfile_ESTest
[main] INFO org.evosuite.runtime.instrumentation.EvoClassLoader - Instrumenting class 'technology.tabula.ProjectionProfile_ESTest'.
[main] INFO org.evosuite.runtime.instrumentation.EvoClassLoader - Seeing class for first time: technology.tabula.ProjectionProfile_ESTest_scaffolding
[main] INFO org.evosuite.runtime.instrumentation.EvoClassLoader - Instrumenting class 'technology.tabula.ProjectionProfile_ESTest_scaffolding'.
[main] INFO org.evosuite.runtime.instrumentation.EvoClassLoader - Keeping class: technology.tabula.ProjectionProfile_ESTest_scaffolding
[main] INFO org.evosuite.runtime.instrumentation.EvoClassLoader - Keeping class: technology.tabula.ProjectionProfile_ESTest
Warning: the font "Times" is not available, so "Lucida Bright" has been substituted, but may have unexpected appearance or behavor. Re-enable the "Times" font to remove this warning.
[main] INFO org.evosuite.runtime.instrumentation.EvoClassLoader - Seeing class for first time: technology.tabula.Rectangle
[main] INFO org.evosuite.runtime.instrumentation.EvoClassLoader - Instrumenting class 'technology.tabula.Rectangle'.
[main] INFO org.evosuite.runtime.instrumentation.MethodCallReplacementClassAdapter - Adding mock interface to class technology/tabula/Rectangle
[main] INFO org.evosuite.runtime.instrumentation.CreateClassResetClassAdapter - Found static initializer in class technology/tabula/Rectangle
[main] INFO org.evosuite.runtime.instrumentation.EvoClassLoader - Keeping class: technology.tabula.Rectangle
[main] INFO org.evosuite.runtime.instrumentation.EvoClassLoader - Seeing class for first time: technology.tabula.Rectangle$1
[main] INFO org.evosuite.runtime.instrumentation.EvoClassLoader - Instrumenting class 'technology.tabula.Rectangle$1'.
[main] INFO org.evosuite.runtime.instrumentation.MethodCallReplacementClassAdapter - Adding mock interface to class technology/tabula/Rectangle$1
[main] INFO org.evosuite.runtime.instrumentation.EvoClassLoader - Keeping class: technology.tabula.Rectangle$1
[main] INFO org.evosuite.runtime.instrumentation.EvoClassLoader - Seeing class for first time: technology.tabula.ProjectionProfile
[main] INFO org.evosuite.runtime.instrumentation.EvoClassLoader - Instrumenting class 'technology.tabula.ProjectionProfile'.
[main] INFO org.evosuite.runtime.instrumentation.MethodCallReplacementClassAdapter - Adding mock interface to class technology/tabula/ProjectionProfile
[main] INFO org.evosuite.runtime.instrumentation.CreateClassResetClassAdapter - Creating brand-new static initializer in class technology/tabula/ProjectionProfile
[main] INFO org.evosuite.runtime.instrumentation.CreateClassResetClassAdapter - Adding bytecode for initializing field DECIMAL_PLACES
[main] INFO org.evosuite.runtime.instrumentation.EvoClassLoader - Keeping class: technology.tabula.ProjectionProfile
[main] INFO org.evosuite.runtime.instrumentation.EvoClassLoader - Seeing class for first time: technology.tabula.Page
[main] INFO org.evosuite.runtime.instrumentation.EvoClassLoader - Instrumenting class 'technology.tabula.Page'.
[main] INFO org.evosuite.runtime.instrumentation.MethodCallReplacementClassAdapter - Adding mock interface to class technology/tabula/Page
[main] INFO org.evosuite.runtime.instrumentation.CreateClassResetClassAdapter - Creating brand-new static initializer in class technology/tabula/Page
[main] INFO org.evosuite.runtime.instrumentation.CreateClassResetClassAdapter - Adding bytecode for initializing field DEFAULT_MIN_CHAR_LENGTH
[main] INFO org.evosuite.runtime.instrumentation.EvoClassLoader - Keeping class: technology.tabula.Page
[main] INFO org.evosuite.runtime.instrumentation.EvoClassLoader - Seeing class for first time: org.apache.pdfbox.pdmodel.PDDocument
[main] INFO org.evosuite.runtime.instrumentation.EvoClassLoader - Instrumenting class 'org.apache.pdfbox.pdmodel.PDDocument'.
[main] INFO org.evosuite.runtime.instrumentation.MethodCallReplacementClassAdapter - Adding mock interface to class org/apache/pdfbox/pdmodel/PDDocument
[main] INFO org.evosuite.runtime.instrumentation.CreateClassResetClassAdapter - Found static initializer in class org/apache/pdfbox/pdmodel/PDDocument
[main] INFO org.evosuite.runtime.instrumentation.EvoClassLoader - Defined package (3): package org.apache.pdfbox.pdmodel, 2144800118
[main] INFO org.evosuite.runtime.instrumentation.EvoClassLoader - Keeping class: org.apache.pdfbox.pdmodel.PDDocument
[main] INFO org.evosuite.runtime.instrumentation.EvoClassLoader - Seeing class for first time: technology.tabula.RectangleSpatialIndex
[main] INFO org.evosuite.runtime.instrumentation.EvoClassLoader - Instrumenting class 'technology.tabula.RectangleSpatialIndex'.
[main] INFO org.evosuite.runtime.instrumentation.MethodCallReplacementClassAdapter - Adding mock interface to class technology/tabula/RectangleSpatialIndex
[main] INFO org.evosuite.runtime.instrumentation.CreateClassResetClassAdapter - Creating brand-new static initializer in class technology/tabula/RectangleSpatialIndex
[main] INFO org.evosuite.runtime.instrumentation.EvoClassLoader - Keeping class: technology.tabula.RectangleSpatialIndex
[main] INFO org.evosuite.runtime.instrumentation.EvoClassLoader - Seeing class for first time: technology.tabula.Ruling
[main] INFO org.evosuite.runtime.instrumentation.EvoClassLoader - Instrumenting class 'technology.tabula.Ruling'.
[main] INFO org.evosuite.runtime.instrumentation.MethodCallReplacementClassAdapter - Adding mock interface to class technology/tabula/Ruling
[main] INFO org.evosuite.runtime.instrumentation.CreateClassResetClassAdapter - Found static initializer in class technology/tabula/Ruling
[main] INFO org.evosuite.runtime.instrumentation.EvoClassLoader - Keeping class: technology.tabula.Ruling
[main] INFO org.evosuite.runtime.instrumentation.EvoClassLoader - Seeing class for first time: org.apache.pdfbox.pdmodel.PDPage
[main] INFO org.evosuite.runtime.instrumentation.EvoClassLoader - Instrumenting class 'org.apache.pdfbox.pdmodel.PDPage'.
[main] INFO org.evosuite.runtime.instrumentation.MethodCallReplacementClassAdapter - Adding mock interface to class org/apache/pdfbox/pdmodel/PDPage
[main] INFO org.evosuite.runtime.instrumentation.CreateClassResetClassAdapter - Found static initializer in class org/apache/pdfbox/pdmodel/PDPage
[main] INFO org.evosuite.runtime.instrumentation.EvoClassLoader - Seeing class for first time: org.apache.pdfbox.pdmodel.common.COSObjectable
[main] INFO org.evosuite.runtime.instrumentation.EvoClassLoader - Instrumenting class 'org.apache.pdfbox.pdmodel.common.COSObjectable'.
[main] INFO org.evosuite.runtime.instrumentation.EvoClassLoader - Defined package (3): package org.apache.pdfbox.pdmodel.common, -772222621
[main] INFO org.evosuite.runtime.instrumentation.EvoClassLoader - Keeping class: org.apache.pdfbox.pdmodel.common.COSObjectable
[main] INFO org.evosuite.runtime.instrumentation.EvoClassLoader - Seeing class for first time: org.apache.pdfbox.contentstream.PDContentStream
[main] INFO org.evosuite.runtime.instrumentation.EvoClassLoader - Instrumenting class 'org.apache.pdfbox.contentstream.PDContentStream'.
[main] INFO org.evosuite.runtime.instrumentation.EvoClassLoader - Defined package (3): package org.apache.pdfbox.contentstream, 1430091834
[main] INFO org.evosuite.runtime.instrumentation.EvoClassLoader - Keeping class: org.apache.pdfbox.contentstream.PDContentStream
[main] INFO org.evosuite.runtime.instrumentation.EvoClassLoader - Keeping class: org.apache.pdfbox.pdmodel.PDPage
[main] INFO org.evosuite.runtime.instrumentation.EvoClassLoader - Seeing class for first time: technology.tabula.TextElement
[main] INFO org.evosuite.runtime.instrumentation.EvoClassLoader - Instrumenting class 'technology.tabula.TextElement'.
[main] INFO org.evosuite.runtime.instrumentation.MethodCallReplacementClassAdapter - Adding mock interface to class technology/tabula/TextElement
[main] INFO org.evosuite.runtime.instrumentation.CreateClassResetClassAdapter - Creating brand-new static initializer in class technology/tabula/TextElement
[main] INFO org.evosuite.runtime.instrumentation.CreateClassResetClassAdapter - Adding bytecode for initializing field AVERAGE_CHAR_TOLERANCE
[main] INFO org.evosuite.runtime.instrumentation.EvoClassLoader - Seeing class for first time: technology.tabula.HasText
[main] INFO org.evosuite.runtime.instrumentation.EvoClassLoader - Instrumenting class 'technology.tabula.HasText'.
[main] INFO org.evosuite.runtime.instrumentation.EvoClassLoader - Keeping class: technology.tabula.HasText
[main] INFO org.evosuite.runtime.instrumentation.EvoClassLoader - Keeping class: technology.tabula.TextElement
]]></system-err>
  </testcase>
</testsuite>