<?xml version="1.0" encoding="UTF-8"?>
<testsuite xmlns:xsi="http://www.w3.org/2001/XMLSchema-instance" xsi:noNamespaceSchemaLocation="https://maven.apache.org/surefire/maven-surefire-plugin/xsd/surefire-test-report-3.0.xsd" version="3.0" name="org.jinstagram.auth.oauth.InstagramService_ESTest" time="1.832" tests="1" errors="1" skipped="0" failures="0">
  <properties>
    <property name="gopherProxySet" value="false"/>
    <property name="awt.toolkit" value="sun.lwawt.macosx.LWCToolkit"/>
    <property name="file.encoding.pkg" value="sun.io"/>
    <property name="java.specification.version" value="1.8"/>
    <property name="sun.cpu.isalist" value=""/>
    <property name="sun.jnu.encoding" value="UTF-8"/>
    <property name="java.class.path" value="/Users/zhi/Documents/PH.D/Project/Testing/ChatTESTER/CodePackage/Prompt2Testing/repo_get/Four_project/sachin-handiekar_jInstagram/target/test-classes:/Users/zhi/Documents/PH.D/Project/Testing/ChatTESTER/CodePackage/Prompt2Testing/repo_get/Four_project/sachin-handiekar_jInstagram/target/classes:/Users/zhi/.m2/repository/com/google/code/gson/gson/2.7/gson-2.7.jar:/Users/zhi/.m2/repository/org/apache/commons/commons-lang3/3.4/commons-lang3-3.4.jar:/Users/zhi/.m2/repository/commons-codec/commons-codec/1.10/commons-codec-1.10.jar:/Users/zhi/.m2/repository/org/slf4j/slf4j-api/1.7.21/slf4j-api-1.7.21.jar:/Users/zhi/.m2/repository/junit/junit/4.12/junit-4.12.jar:/Users/zhi/.m2/repository/org/hamcrest/hamcrest-core/1.3/hamcrest-core-1.3.jar:/Users/zhi/.m2/repository/org/mockito/mockito-core/1.10.19/mockito-core-1.10.19.jar:/Users/zhi/.m2/repository/org/objenesis/objenesis/2.1/objenesis-2.1.jar:/Users/zhi/.m2/repository/ch/qos/logback/logback-classic/1.1.7/logback-classic-1.1.7.jar:/Users/zhi/.m2/repository/ch/qos/logback/logback-core/1.1.7/logback-core-1.1.7.jar:/Users/zhi/.m2/repository/org/powermock/powermock-api-mockito/1.6.6/powermock-api-mockito-1.6.6.jar:/Users/zhi/.m2/repository/org/powermock/powermock-api-mockito-common/1.6.6/powermock-api-mockito-common-1.6.6.jar:/Users/zhi/.m2/repository/org/powermock/powermock-api-support/1.6.6/powermock-api-support-1.6.6.jar:/Users/zhi/.m2/repository/org/powermock/powermock-module-junit4/1.6.6/powermock-module-junit4-1.6.6.jar:/Users/zhi/.m2/repository/org/powermock/powermock-module-junit4-common/1.6.6/powermock-module-junit4-common-1.6.6.jar:/Users/zhi/.m2/repository/org/powermock/powermock-core/1.6.6/powermock-core-1.6.6.jar:/Users/zhi/.m2/repository/org/javassist/javassist/3.21.0-GA/javassist-3.21.0-GA.jar:/Users/zhi/.m2/repository/org/powermock/powermock-reflect/1.6.6/powermock-reflect-1.6.6.jar:/Users/zhi/.m2/repository/org/evosuite/evosuite-standalone-runtime/1.2.0/evosuite-standalone-runtime-1.2.0.jar:/Users/zhi/.m2/repository/org/junit/jupiter/junit-jupiter-api/5.9.0/junit-jupiter-api-5.9.0.jar:/Users/zhi/.m2/repository/org/opentest4j/opentest4j/1.2.0/opentest4j-1.2.0.jar:/Users/zhi/.m2/repository/org/junit/platform/junit-platform-commons/1.9.0/junit-platform-commons-1.9.0.jar:/Users/zhi/.m2/repository/org/apiguardian/apiguardian-api/1.1.2/apiguardian-api-1.1.2.jar:"/>
    <property name="java.vm.vendor" value="Oracle Corporation"/>
    <property name="sun.arch.data.model" value="64"/>
    <property name="java.vendor.url" value="http://java.oracle.com/"/>
    <property name="user.timezone" value="Asia/Shanghai"/>
    <property name="java.vm.specification.version" value="1.8"/>
    <property name="os.name" value="Mac OS X"/>
    <property name="user.country" value="US"/>
    <property name="sun.java.launcher" value="SUN_STANDARD"/>
    <property name="sun.boot.library.path" value="/Library/Java/JavaVirtualMachines/jdk1.8.0_131.jdk/Contents/Home/jre/lib"/>
    <property name="sun.java.command" value="/Users/zhi/Documents/PH.D/Project/Testing/ChatTESTER/CodePackage/Prompt2Testing/repo_get/Four_project/sachin-handiekar_jInstagram/target/surefire/surefirebooter-20240504001935803_3.jar /Users/zhi/Documents/PH.D/Project/Testing/ChatTESTER/CodePackage/Prompt2Testing/repo_get/Four_project/sachin-handiekar_jInstagram/target/surefire 2024-05-04T00-19-35_543-jvmRun1 surefire-20240504001935803_1tmp surefire_0-20240504001935803_2tmp"/>
    <property name="surefire.test.class.path" value="/Users/zhi/Documents/PH.D/Project/Testing/ChatTESTER/CodePackage/Prompt2Testing/repo_get/Four_project/sachin-handiekar_jInstagram/target/test-classes:/Users/zhi/Documents/PH.D/Project/Testing/ChatTESTER/CodePackage/Prompt2Testing/repo_get/Four_project/sachin-handiekar_jInstagram/target/classes:/Users/zhi/.m2/repository/com/google/code/gson/gson/2.7/gson-2.7.jar:/Users/zhi/.m2/repository/org/apache/commons/commons-lang3/3.4/commons-lang3-3.4.jar:/Users/zhi/.m2/repository/commons-codec/commons-codec/1.10/commons-codec-1.10.jar:/Users/zhi/.m2/repository/org/slf4j/slf4j-api/1.7.21/slf4j-api-1.7.21.jar:/Users/zhi/.m2/repository/junit/junit/4.12/junit-4.12.jar:/Users/zhi/.m2/repository/org/hamcrest/hamcrest-core/1.3/hamcrest-core-1.3.jar:/Users/zhi/.m2/repository/org/mockito/mockito-core/1.10.19/mockito-core-1.10.19.jar:/Users/zhi/.m2/repository/org/objenesis/objenesis/2.1/objenesis-2.1.jar:/Users/zhi/.m2/repository/ch/qos/logback/logback-classic/1.1.7/logback-classic-1.1.7.jar:/Users/zhi/.m2/repository/ch/qos/logback/logback-core/1.1.7/logback-core-1.1.7.jar:/Users/zhi/.m2/repository/org/powermock/powermock-api-mockito/1.6.6/powermock-api-mockito-1.6.6.jar:/Users/zhi/.m2/repository/org/powermock/powermock-api-mockito-common/1.6.6/powermock-api-mockito-common-1.6.6.jar:/Users/zhi/.m2/repository/org/powermock/powermock-api-support/1.6.6/powermock-api-support-1.6.6.jar:/Users/zhi/.m2/repository/org/powermock/powermock-module-junit4/1.6.6/powermock-module-junit4-1.6.6.jar:/Users/zhi/.m2/repository/org/powermock/powermock-module-junit4-common/1.6.6/powermock-module-junit4-common-1.6.6.jar:/Users/zhi/.m2/repository/org/powermock/powermock-core/1.6.6/powermock-core-1.6.6.jar:/Users/zhi/.m2/repository/org/javassist/javassist/3.21.0-GA/javassist-3.21.0-GA.jar:/Users/zhi/.m2/repository/org/powermock/powermock-reflect/1.6.6/powermock-reflect-1.6.6.jar:/Users/zhi/.m2/repository/org/evosuite/evosuite-standalone-runtime/1.2.0/evosuite-standalone-runtime-1.2.0.jar:/Users/zhi/.m2/repository/org/junit/jupiter/junit-jupiter-api/5.9.0/junit-jupiter-api-5.9.0.jar:/Users/zhi/.m2/repository/org/opentest4j/opentest4j/1.2.0/opentest4j-1.2.0.jar:/Users/zhi/.m2/repository/org/junit/platform/junit-platform-commons/1.9.0/junit-platform-commons-1.9.0.jar:/Users/zhi/.m2/repository/org/apiguardian/apiguardian-api/1.1.2/apiguardian-api-1.1.2.jar:"/>
    <property name="sun.cpu.endian" value="little"/>
    <property name="user.home" value="/Users/zhi"/>
    <property name="user.language" value="en"/>
    <property name="java.specification.vendor" value="Oracle Corporation"/>
    <property name="java.home" value="/Library/Java/JavaVirtualMachines/jdk1.8.0_131.jdk/Contents/Home/jre"/>
    <property name="basedir" value="/Users/zhi/Documents/PH.D/Project/Testing/ChatTESTER/CodePackage/Prompt2Testing/repo_get/Four_project/sachin-handiekar_jInstagram"/>
    <property name="file.separator" value="/"/>
    <property name="checkstyle.skip" value="true"/>
    <property name="line.separator" value="&#10;"/>
    <property name="java.vm.specification.vendor" value="Oracle Corporation"/>
    <property name="java.specification.name" value="Java Platform API Specification"/>
    <property name="java.awt.graphicsenv" value="sun.awt.CGraphicsEnvironment"/>
    <property name="surefire.real.class.path" value="/Users/zhi/Documents/PH.D/Project/Testing/ChatTESTER/CodePackage/Prompt2Testing/repo_get/Four_project/sachin-handiekar_jInstagram/target/surefire/surefirebooter-20240504001935803_3.jar"/>
    <property name="sun.boot.class.path" value="/Library/Java/JavaVirtualMachines/jdk1.8.0_131.jdk/Contents/Home/jre/lib/resources.jar:/Library/Java/JavaVirtualMachines/jdk1.8.0_131.jdk/Contents/Home/jre/lib/rt.jar:/Library/Java/JavaVirtualMachines/jdk1.8.0_131.jdk/Contents/Home/jre/lib/sunrsasign.jar:/Library/Java/JavaVirtualMachines/jdk1.8.0_131.jdk/Contents/Home/jre/lib/jsse.jar:/Library/Java/JavaVirtualMachines/jdk1.8.0_131.jdk/Contents/Home/jre/lib/jce.jar:/Library/Java/JavaVirtualMachines/jdk1.8.0_131.jdk/Contents/Home/jre/lib/charsets.jar:/Library/Java/JavaVirtualMachines/jdk1.8.0_131.jdk/Contents/Home/jre/lib/jfr.jar:/Library/Java/JavaVirtualMachines/jdk1.8.0_131.jdk/Contents/Home/jre/classes"/>
    <property name="sun.management.compiler" value="HotSpot 64-Bit Tiered Compilers"/>
    <property name="java.runtime.version" value="1.8.0_131-b11"/>
    <property name="user.name" value="zhi"/>
    <property name="path.separator" value=":"/>
    <property name="os.version" value="10.16"/>
    <property name="java.endorsed.dirs" value="/Library/Java/JavaVirtualMachines/jdk1.8.0_131.jdk/Contents/Home/jre/lib/endorsed"/>
    <property name="java.runtime.name" value="Java(TM) SE Runtime Environment"/>
    <property name="file.encoding" value="UTF-8"/>
    <property name="java.vm.name" value="Java HotSpot(TM) 64-Bit Server VM"/>
    <property name="localRepository" value="/Users/zhi/.m2/repository"/>
    <property name="java.vendor.url.bug" value="http://bugreport.sun.com/bugreport/"/>
    <property name="java.io.tmpdir" value="/var/folders/8x/v938mdr1749_v11p_3wlpvn00000gn/T/"/>
    <property name="java.version" value="1.8.0_131"/>
    <property name="user.dir" value="/Users/zhi/Documents/PH.D/Project/Testing/ChatTESTER/CodePackage/Prompt2Testing/repo_get/Four_project/sachin-handiekar_jInstagram"/>
    <property name="os.arch" value="x86_64"/>
    <property name="java.vm.specification.name" value="Java Virtual Machine Specification"/>
    <property name="java.awt.printerjob" value="sun.lwawt.macosx.CPrinterJob"/>
    <property name="sun.os.patch.level" value="unknown"/>
    <property name="java.library.path" value="/Users/zhi/Library/Java/Extensions:/Library/Java/Extensions:/Network/Library/Java/Extensions:/System/Library/Java/Extensions:/usr/lib/java:."/>
    <property name="java.vm.info" value="mixed mode"/>
    <property name="java.vendor" value="Oracle Corporation"/>
    <property name="java.vm.version" value="25.131-b11"/>
    <property name="java.ext.dirs" value="/Users/zhi/Library/Java/Extensions:/Library/Java/JavaVirtualMachines/jdk1.8.0_131.jdk/Contents/Home/jre/lib/ext:/Library/Java/Extensions:/Network/Library/Java/Extensions:/System/Library/Java/Extensions:/usr/lib/java"/>
    <property name="sun.io.unicode.encoding" value="UnicodeBig"/>
    <property name="java.class.version" value="52.0"/>
  </properties>
  <testcase name="testSignRequest" classname="org.jinstagram.auth.oauth.InstagramService_ESTest" time="0.336">
    <error type="java.lang.ExceptionInInitializerError"><![CDATA[java.lang.ExceptionInInitializerError
	at org.mockito.internal.exceptions.stacktrace.ConditionalStackTraceFilter.<init>(ConditionalStackTraceFilter.java:17)
	at org.mockito.exceptions.base.MockitoException.filterStackTrace(MockitoException.java:41)
	at org.mockito.exceptions.base.MockitoException.<init>(MockitoException.java:30)
	at org.mockito.exceptions.misusing.MockitoConfigurationException.<init>(MockitoConfigurationException.java:18)
	at org.mockito.internal.configuration.plugins.PluginLoader.loadImpl(PluginLoader.java:66)
	at org.mockito.internal.configuration.plugins.PluginLoader.loadPlugin(PluginLoader.java:24)
	at org.mockito.internal.configuration.plugins.PluginRegistry.<init>(PluginRegistry.java:12)
	at org.mockito.internal.configuration.plugins.Plugins.<clinit>(Plugins.java)
	at org.mockito.internal.util.MockUtil.<clinit>(MockUtil.java)
	at org.mockito.internal.MockitoCore.<init>(MockitoCore.java:44)
	at org.mockito.Mockito.<clinit>(Mockito.java)
	at org.jinstagram.auth.oauth.InstagramService_ESTest.testSignRequest(InstagramService_ESTest.java:43)
	at sun.reflect.NativeMethodAccessorImpl.invoke0(Native Method)
	at sun.reflect.NativeMethodAccessorImpl.invoke(NativeMethodAccessorImpl.java:62)
	at sun.reflect.DelegatingMethodAccessorImpl.invoke(DelegatingMethodAccessorImpl.java:43)
	at java.lang.reflect.Method.invoke(Method.java:498)
	at org.junit.runners.model.FrameworkMethod$1.runReflectiveCall(FrameworkMethod.java:50)
	at org.junit.internal.runners.model.ReflectiveCallable.run(ReflectiveCallable.java:12)
	at org.junit.runners.model.FrameworkMethod.invokeExplosively(FrameworkMethod.java:47)
	at org.junit.internal.runners.statements.InvokeMethod.evaluate(InvokeMethod.java:17)
	at org.junit.internal.runners.statements.RunBefores.evaluate(RunBefores.java:26)
	at org.junit.internal.runners.statements.RunAfters.evaluate(RunAfters.java:27)
	at org.evosuite.runtime.vnet.NonFunctionalRequirementRule$1.evaluate(NonFunctionalRequirementRule.java:41)
	at org.junit.rules.RunRules.evaluate(RunRules.java:20)
	at org.junit.runners.ParentRunner.runLeaf(ParentRunner.java:325)
	at org.junit.runners.BlockJUnit4ClassRunner.runChild(BlockJUnit4ClassRunner.java:78)
	at org.junit.runners.BlockJUnit4ClassRunner.runChild(BlockJUnit4ClassRunner.java:57)
	at org.junit.runners.ParentRunner$3.run(ParentRunner.java:290)
	at org.junit.runners.ParentRunner$1.schedule(ParentRunner.java:71)
	at org.junit.runners.ParentRunner.runChildren(ParentRunner.java:288)
	at org.junit.runners.ParentRunner.access$000(ParentRunner.java:58)
	at org.junit.runners.ParentRunner$2.evaluate(ParentRunner.java:268)
	at org.junit.internal.runners.statements.RunBefores.evaluate(RunBefores.java:26)
	at org.junit.internal.runners.statements.RunAfters.evaluate(RunAfters.java:27)
	at org.junit.runners.ParentRunner.run(ParentRunner.java:363)
	at org.junit.runner.JUnitCore.run(JUnitCore.java:137)
	at org.junit.runner.JUnitCore.run(JUnitCore.java:115)
	at org.junit.vintage.engine.execution.RunnerExecutor.execute(RunnerExecutor.java:42)
	at org.junit.vintage.engine.VintageTestEngine.executeAllChildren(VintageTestEngine.java:80)
	at org.junit.vintage.engine.VintageTestEngine.execute(VintageTestEngine.java:72)
	at org.junit.platform.launcher.core.EngineExecutionOrchestrator.execute(EngineExecutionOrchestrator.java:147)
	at org.junit.platform.launcher.core.EngineExecutionOrchestrator.execute(EngineExecutionOrchestrator.java:127)
	at org.junit.platform.launcher.core.EngineExecutionOrchestrator.execute(EngineExecutionOrchestrator.java:90)
	at org.junit.platform.launcher.core.EngineExecutionOrchestrator.lambda$execute$0(EngineExecutionOrchestrator.java:55)
	at org.junit.platform.launcher.core.EngineExecutionOrchestrator.withInterceptedStreams(EngineExecutionOrchestrator.java:102)
	at org.junit.platform.launcher.core.EngineExecutionOrchestrator.execute(EngineExecutionOrchestrator.java:54)
	at org.junit.platform.launcher.core.DefaultLauncher.execute(DefaultLauncher.java:114)
	at org.junit.platform.launcher.core.DefaultLauncher.execute(DefaultLauncher.java:86)
	at org.junit.platform.launcher.core.DefaultLauncherSession$DelegatingLauncher.execute(DefaultLauncherSession.java:86)
	at org.apache.maven.surefire.junitplatform.LazyLauncher.execute(LazyLauncher.java:56)
	at org.apache.maven.surefire.junitplatform.JUnitPlatformProvider.execute(JUnitPlatformProvider.java:184)
	at org.apache.maven.surefire.junitplatform.JUnitPlatformProvider.invokeAllTests(JUnitPlatformProvider.java:148)
	at org.apache.maven.surefire.junitplatform.JUnitPlatformProvider.invoke(JUnitPlatformProvider.java:122)
	at org.apache.maven.surefire.booter.ForkedBooter.runSuitesInProcess(ForkedBooter.java:385)
	at org.apache.maven.surefire.booter.ForkedBooter.execute(ForkedBooter.java:162)
	at org.apache.maven.surefire.booter.ForkedBooter.run(ForkedBooter.java:507)
	at org.apache.maven.surefire.booter.ForkedBooter.main(ForkedBooter.java:495)
Caused by: java.lang.NullPointerException
	at org.mockito.internal.configuration.plugins.Plugins.getStackTraceCleanerProvider(Plugins.java:17)
	at org.mockito.internal.exceptions.stacktrace.StackTraceFilter.<clinit>(StackTraceFilter.java)
	... 57 more
]]></error>
    <system-out><![CDATA[00:19:36.608 [main] INFO org.evosuite.runtime.instrumentation.EvoClassLoader - Seeing class for first time: org.jinstagram.auth.oauth.InstagramService_ESTest
00:19:36.612 [main] INFO org.evosuite.runtime.instrumentation.EvoClassLoader - Instrumenting class 'org.jinstagram.auth.oauth.InstagramService_ESTest'.
00:19:36.641 [main] INFO org.evosuite.runtime.instrumentation.EvoClassLoader - Seeing class for first time: org.jinstagram.auth.oauth.InstagramService_ESTest_scaffolding
00:19:36.641 [main] INFO org.evosuite.runtime.instrumentation.EvoClassLoader - Instrumenting class 'org.jinstagram.auth.oauth.InstagramService_ESTest_scaffolding'.
00:19:36.644 [main] INFO org.evosuite.runtime.instrumentation.EvoClassLoader - Keeping class: org.jinstagram.auth.oauth.InstagramService_ESTest_scaffolding
00:19:36.644 [main] INFO org.evosuite.runtime.instrumentation.EvoClassLoader - Keeping class: org.jinstagram.auth.oauth.InstagramService_ESTest
00:19:36.730 [main] INFO org.evosuite.runtime.instrumentation.EvoClassLoader - Seeing class for first time: org.jinstagram.auth.oauth.InstagramService_ESTest
00:19:36.730 [main] INFO org.evosuite.runtime.instrumentation.EvoClassLoader - Instrumenting class 'org.jinstagram.auth.oauth.InstagramService_ESTest'.
00:19:36.732 [main] INFO org.evosuite.runtime.instrumentation.EvoClassLoader - Seeing class for first time: org.jinstagram.auth.oauth.InstagramService_ESTest_scaffolding
00:19:36.732 [main] INFO org.evosuite.runtime.instrumentation.EvoClassLoader - Instrumenting class 'org.jinstagram.auth.oauth.InstagramService_ESTest_scaffolding'.
00:19:36.734 [main] INFO org.evosuite.runtime.instrumentation.EvoClassLoader - Keeping class: org.jinstagram.auth.oauth.InstagramService_ESTest_scaffolding
00:19:36.734 [main] INFO org.evosuite.runtime.instrumentation.EvoClassLoader - Keeping class: org.jinstagram.auth.oauth.InstagramService_ESTest
00:19:37.769 [main] DEBUG org.evosuite.runtime.sandbox.MSecurityManager - Adding privileged thread: "Reference Handler"
00:19:37.770 [main] DEBUG org.evosuite.runtime.sandbox.MSecurityManager - Adding privileged thread: "Finalizer"
00:19:37.770 [main] DEBUG org.evosuite.runtime.sandbox.MSecurityManager - Adding privileged thread: "Signal Dispatcher"
00:19:37.771 [main] DEBUG org.evosuite.runtime.sandbox.MSecurityManager - Adding privileged thread: "AppKit Thread"
00:19:37.771 [main] DEBUG org.evosuite.runtime.sandbox.MSecurityManager - Adding privileged thread: "AWT-Shutdown"
00:19:37.771 [main] DEBUG org.evosuite.runtime.sandbox.MSecurityManager - Adding privileged thread: "Java2D Queue Flusher"
00:19:37.771 [main] DEBUG org.evosuite.runtime.sandbox.MSecurityManager - Adding privileged thread: "Java2D Disposer"
00:19:37.771 [main] DEBUG org.evosuite.runtime.sandbox.MSecurityManager - Adding privileged thread: "main"
00:19:37.771 [main] DEBUG org.evosuite.runtime.sandbox.MSecurityManager - Adding privileged thread: "surefire-forkedjvm-stream-flusher"
00:19:37.771 [main] DEBUG org.evosuite.runtime.sandbox.MSecurityManager - Adding privileged thread: "surefire-forkedjvm-command-thread"
00:19:37.823 [main] INFO org.evosuite.runtime.instrumentation.EvoClassLoader - Seeing class for first time: org.jinstagram.auth.model.OAuthRequest
00:19:37.824 [main] INFO org.evosuite.runtime.instrumentation.EvoClassLoader - Instrumenting class 'org.jinstagram.auth.model.OAuthRequest'.
00:19:37.834 [main] INFO org.evosuite.runtime.instrumentation.MethodCallReplacementClassAdapter - Adding mock interface to class org/jinstagram/auth/model/OAuthRequest
00:19:38.112 [main] INFO org.evosuite.runtime.instrumentation.CreateClassResetClassAdapter - Creating brand-new static initializer in class org/jinstagram/auth/model/OAuthRequest
00:19:38.113 [main] INFO org.evosuite.runtime.instrumentation.CreateClassResetClassAdapter - Adding bytecode for initializing field OAUTH_PREFIX
00:19:38.116 [main] INFO org.evosuite.runtime.instrumentation.EvoClassLoader - Defined package (3): package org.jinstagram.auth.model, -719554817
00:19:38.117 [main] INFO org.evosuite.runtime.instrumentation.EvoClassLoader - Seeing class for first time: org.jinstagram.http.Request
00:19:38.117 [main] INFO org.evosuite.runtime.instrumentation.EvoClassLoader - Instrumenting class 'org.jinstagram.http.Request'.
00:19:38.124 [main] INFO org.evosuite.runtime.instrumentation.MethodCallReplacementClassAdapter - Adding mock interface to class org/jinstagram/http/Request
00:19:38.141 [main] INFO org.evosuite.runtime.instrumentation.CreateClassResetClassAdapter - Creating brand-new static initializer in class org/jinstagram/http/Request
00:19:38.141 [main] INFO org.evosuite.runtime.instrumentation.CreateClassResetClassAdapter - Adding bytecode for initializing field CONTENT_LENGTH
00:19:38.141 [main] INFO org.evosuite.runtime.instrumentation.EvoClassLoader - Defined package (3): package org.jinstagram.http, 898268452
00:19:38.142 [main] INFO org.evosuite.runtime.instrumentation.EvoClassLoader - Keeping class: org.jinstagram.http.Request
00:19:38.142 [main] INFO org.evosuite.runtime.instrumentation.EvoClassLoader - Keeping class: org.jinstagram.auth.model.OAuthRequest
00:19:38.142 [main] INFO org.evosuite.runtime.instrumentation.EvoClassLoader - Seeing class for first time: org.jinstagram.auth.exceptions.OAuthException
00:19:38.142 [main] INFO org.evosuite.runtime.instrumentation.EvoClassLoader - Instrumenting class 'org.jinstagram.auth.exceptions.OAuthException'.
00:19:38.144 [main] INFO org.evosuite.runtime.instrumentation.MethodCallReplacementClassAdapter - Adding mock interface to class org/jinstagram/auth/exceptions/OAuthException
00:19:38.146 [main] INFO org.evosuite.runtime.instrumentation.CreateClassResetClassAdapter - Creating brand-new static initializer in class org/jinstagram/auth/exceptions/OAuthException
00:19:38.146 [main] INFO org.evosuite.runtime.instrumentation.EvoClassLoader - Defined package (3): package org.jinstagram.auth.exceptions, 1157870574
00:19:38.147 [main] INFO org.evosuite.runtime.instrumentation.EvoClassLoader - Keeping class: org.jinstagram.auth.exceptions.OAuthException
00:19:38.148 [main] INFO org.evosuite.runtime.instrumentation.EvoClassLoader - Seeing class for first time: org.jinstagram.auth.InstagramApi
00:19:38.149 [main] INFO org.evosuite.runtime.instrumentation.EvoClassLoader - Instrumenting class 'org.jinstagram.auth.InstagramApi'.
00:19:38.149 [main] INFO org.evosuite.runtime.instrumentation.MethodCallReplacementClassAdapter - Adding mock interface to class org/jinstagram/auth/InstagramApi
00:19:38.155 [main] INFO org.evosuite.runtime.instrumentation.CreateClassResetClassAdapter - Creating brand-new static initializer in class org/jinstagram/auth/InstagramApi
00:19:38.155 [main] INFO org.evosuite.runtime.instrumentation.EvoClassLoader - Defined package (3): package org.jinstagram.auth, 898060868
00:19:38.155 [main] INFO org.evosuite.runtime.instrumentation.EvoClassLoader - Keeping class: org.jinstagram.auth.InstagramApi
00:19:38.155 [main] INFO org.evosuite.runtime.instrumentation.EvoClassLoader - Seeing class for first time: org.jinstagram.auth.AccessTokenExtractor
00:19:38.156 [main] INFO org.evosuite.runtime.instrumentation.EvoClassLoader - Instrumenting class 'org.jinstagram.auth.AccessTokenExtractor'.
00:19:38.158 [main] INFO org.evosuite.runtime.instrumentation.EvoClassLoader - Keeping class: org.jinstagram.auth.AccessTokenExtractor
00:19:38.158 [main] INFO org.evosuite.runtime.instrumentation.EvoClassLoader - Seeing class for first time: org.jinstagram.http.Response
00:19:38.158 [main] INFO org.evosuite.runtime.instrumentation.EvoClassLoader - Instrumenting class 'org.jinstagram.http.Response'.
00:19:38.159 [main] INFO org.evosuite.runtime.instrumentation.MethodCallReplacementClassAdapter - Adding mock interface to class org/jinstagram/http/Response
00:19:38.167 [main] INFO org.evosuite.runtime.instrumentation.CreateClassResetClassAdapter - Creating brand-new static initializer in class org/jinstagram/http/Response
00:19:38.167 [main] INFO org.evosuite.runtime.instrumentation.CreateClassResetClassAdapter - Adding bytecode for initializing field EMPTY_RESPONSE
00:19:38.168 [main] INFO org.evosuite.runtime.instrumentation.EvoClassLoader - Keeping class: org.jinstagram.http.Response
00:19:38.168 [main] INFO org.evosuite.runtime.instrumentation.EvoClassLoader - Seeing class for first time: org.jinstagram.http.Verbs
00:19:38.168 [main] INFO org.evosuite.runtime.instrumentation.EvoClassLoader - Instrumenting class 'org.jinstagram.http.Verbs'.
00:19:38.169 [main] INFO org.evosuite.runtime.instrumentation.MethodCallReplacementClassAdapter - Adding mock interface to class org/jinstagram/http/Verbs
00:19:38.171 [main] INFO org.evosuite.runtime.instrumentation.CreateClassResetClassAdapter - Found static initializer in class org/jinstagram/http/Verbs
00:19:38.172 [main] INFO org.evosuite.runtime.instrumentation.EvoClassLoader - Keeping class: org.jinstagram.http.Verbs
00:19:38.173 [main] INFO org.evosuite.runtime.instrumentation.EvoClassLoader - Seeing class for first time: org.jinstagram.auth.oauth.InstagramService
00:19:38.173 [main] INFO org.evosuite.runtime.instrumentation.EvoClassLoader - Instrumenting class 'org.jinstagram.auth.oauth.InstagramService'.
00:19:38.174 [main] INFO org.evosuite.runtime.instrumentation.MethodCallReplacementClassAdapter - Adding mock interface to class org/jinstagram/auth/oauth/InstagramService
00:19:38.178 [main] INFO org.evosuite.runtime.instrumentation.CreateClassResetClassAdapter - Creating brand-new static initializer in class org/jinstagram/auth/oauth/InstagramService
00:19:38.178 [main] INFO org.evosuite.runtime.instrumentation.CreateClassResetClassAdapter - Adding bytecode for initializing field VERSION
00:19:38.178 [main] INFO org.evosuite.runtime.instrumentation.CreateClassResetClassAdapter - Adding bytecode for initializing field AUTHORIZATION_CODE
00:19:38.178 [main] INFO org.evosuite.runtime.instrumentation.EvoClassLoader - Keeping class: org.jinstagram.auth.oauth.InstagramService
00:19:38.178 [main] INFO org.evosuite.runtime.instrumentation.EvoClassLoader - Seeing class for first time: org.jinstagram.InstagramClient
00:19:38.178 [main] INFO org.evosuite.runtime.instrumentation.EvoClassLoader - Instrumenting class 'org.jinstagram.InstagramClient'.
00:19:38.182 [main] INFO org.evosuite.runtime.instrumentation.EvoClassLoader - Defined package (3): package org.jinstagram, 657905618
00:19:38.182 [main] INFO org.evosuite.runtime.instrumentation.EvoClassLoader - Keeping class: org.jinstagram.InstagramClient
00:19:38.187 [main] INFO org.evosuite.runtime.instrumentation.EvoClassLoader - Seeing class for first time: org.jinstagram.auth.model.Verifier
00:19:38.187 [main] INFO org.evosuite.runtime.instrumentation.EvoClassLoader - Instrumenting class 'org.jinstagram.auth.model.Verifier'.
00:19:38.188 [main] INFO org.evosuite.runtime.instrumentation.MethodCallReplacementClassAdapter - Adding mock interface to class org/jinstagram/auth/model/Verifier
00:19:38.190 [main] INFO org.evosuite.runtime.instrumentation.CreateClassResetClassAdapter - Creating brand-new static initializer in class org/jinstagram/auth/model/Verifier
00:19:38.190 [main] INFO org.evosuite.runtime.instrumentation.EvoClassLoader - Keeping class: org.jinstagram.auth.model.Verifier
00:19:38.191 [main] INFO org.evosuite.runtime.instrumentation.EvoClassLoader - Seeing class for first time: org.jinstagram.auth.model.OAuthConfig
00:19:38.191 [main] INFO org.evosuite.runtime.instrumentation.EvoClassLoader - Instrumenting class 'org.jinstagram.auth.model.OAuthConfig'.
00:19:38.191 [main] INFO org.evosuite.runtime.instrumentation.MethodCallReplacementClassAdapter - Adding mock interface to class org/jinstagram/auth/model/OAuthConfig
00:19:38.192 [main] INFO org.evosuite.runtime.instrumentation.CreateClassResetClassAdapter - Creating brand-new static initializer in class org/jinstagram/auth/model/OAuthConfig
00:19:38.192 [main] INFO org.evosuite.runtime.instrumentation.EvoClassLoader - Keeping class: org.jinstagram.auth.model.OAuthConfig
00:19:38.194 [main] INFO org.evosuite.runtime.instrumentation.EvoClassLoader - Seeing class for first time: org.jinstagram.auth.model.Token
00:19:38.194 [main] INFO org.evosuite.runtime.instrumentation.EvoClassLoader - Instrumenting class 'org.jinstagram.auth.model.Token'.
00:19:38.194 [main] INFO org.evosuite.runtime.instrumentation.MethodCallReplacementClassAdapter - Adding mock interface to class org/jinstagram/auth/model/Token
00:19:38.199 [main] INFO org.evosuite.runtime.instrumentation.CreateClassResetClassAdapter - Creating brand-new static initializer in class org/jinstagram/auth/model/Token
00:19:38.199 [main] INFO org.evosuite.runtime.instrumentation.EvoClassLoader - Keeping class: org.jinstagram.auth.model.Token
00:19:38.200 [main] INFO org.evosuite.runtime.instrumentation.EvoClassLoader - Seeing class for first time: org.jinstagram.utils.Preconditions
00:19:38.200 [main] INFO org.evosuite.runtime.instrumentation.EvoClassLoader - Instrumenting class 'org.jinstagram.utils.Preconditions'.
00:19:38.203 [main] INFO org.evosuite.runtime.instrumentation.MethodCallReplacementClassAdapter - Adding mock interface to class org/jinstagram/utils/Preconditions
00:19:38.205 [main] INFO org.evosuite.runtime.instrumentation.CreateClassResetClassAdapter - Found static initializer in class org/jinstagram/utils/Preconditions
00:19:38.207 [main] INFO org.evosuite.runtime.instrumentation.EvoClassLoader - Defined package (3): package org.jinstagram.utils, 2088513429
00:19:38.207 [main] INFO org.evosuite.runtime.instrumentation.EvoClassLoader - Keeping class: org.jinstagram.utils.Preconditions
00:19:38.208 [main] INFO org.evosuite.runtime.instrumentation.EvoClassLoader - Seeing class for first time: org.jinstagram.entity.locations.LocationSearchFeed
00:19:38.209 [main] INFO org.evosuite.runtime.instrumentation.EvoClassLoader - Instrumenting class 'org.jinstagram.entity.locations.LocationSearchFeed'.
00:19:38.211 [main] INFO org.evosuite.runtime.instrumentation.MethodCallReplacementClassAdapter - Adding mock interface to class org/jinstagram/entity/locations/LocationSearchFeed
00:19:38.217 [main] INFO org.evosuite.runtime.instrumentation.CreateClassResetClassAdapter - Creating brand-new static initializer in class org/jinstagram/entity/locations/LocationSearchFeed
00:19:38.218 [main] INFO org.evosuite.runtime.instrumentation.EvoClassLoader - Defined package (3): package org.jinstagram.entity.locations, -266159697
00:19:38.218 [main] INFO org.evosuite.runtime.instrumentation.EvoClassLoader - Seeing class for first time: org.jinstagram.InstagramObject
00:19:38.218 [main] INFO org.evosuite.runtime.instrumentation.EvoClassLoader - Instrumenting class 'org.jinstagram.InstagramObject'.
00:19:38.219 [main] INFO org.evosuite.runtime.instrumentation.MethodCallReplacementClassAdapter - Adding mock interface to class org/jinstagram/InstagramObject
00:19:38.219 [main] INFO org.evosuite.runtime.instrumentation.CreateClassResetClassAdapter - Creating brand-new static initializer in class org/jinstagram/InstagramObject
00:19:38.219 [main] INFO org.evosuite.runtime.instrumentation.EvoClassLoader - Seeing class for first time: org.jinstagram.InstagramResponse
00:19:38.219 [main] INFO org.evosuite.runtime.instrumentation.EvoClassLoader - Instrumenting class 'org.jinstagram.InstagramResponse'.
00:19:38.221 [main] INFO org.evosuite.runtime.instrumentation.EvoClassLoader - Keeping class: org.jinstagram.InstagramResponse
00:19:38.222 [main] INFO org.evosuite.runtime.instrumentation.EvoClassLoader - Keeping class: org.jinstagram.InstagramObject
00:19:38.222 [main] INFO org.evosuite.runtime.instrumentation.EvoClassLoader - Keeping class: org.jinstagram.entity.locations.LocationSearchFeed
00:19:38.222 [main] INFO org.evosuite.runtime.instrumentation.EvoClassLoader - Seeing class for first time: org.jinstagram.exceptions.InstagramException
00:19:38.222 [main] INFO org.evosuite.runtime.instrumentation.EvoClassLoader - Instrumenting class 'org.jinstagram.exceptions.InstagramException'.
00:19:38.222 [main] INFO org.evosuite.runtime.instrumentation.MethodCallReplacementClassAdapter - Adding mock interface to class org/jinstagram/exceptions/InstagramException
00:19:38.224 [main] INFO org.evosuite.runtime.instrumentation.CreateClassResetClassAdapter - Creating brand-new static initializer in class org/jinstagram/exceptions/InstagramException
00:19:38.224 [main] INFO org.evosuite.runtime.instrumentation.EvoClassLoader - Defined package (3): package org.jinstagram.exceptions, 1332267424
00:19:38.224 [main] INFO org.evosuite.runtime.instrumentation.EvoClassLoader - Keeping class: org.jinstagram.exceptions.InstagramException
00:19:38.224 [main] INFO org.evosuite.runtime.instrumentation.EvoClassLoader - Seeing class for first time: org.jinstagram.entity.relationships.RelationshipFeed
00:19:38.224 [main] INFO org.evosuite.runtime.instrumentation.EvoClassLoader - Instrumenting class 'org.jinstagram.entity.relationships.RelationshipFeed'.
00:19:38.225 [main] INFO org.evosuite.runtime.instrumentation.MethodCallReplacementClassAdapter - Adding mock interface to class org/jinstagram/entity/relationships/RelationshipFeed
00:19:38.225 [main] INFO org.evosuite.runtime.instrumentation.CreateClassResetClassAdapter - Creating brand-new static initializer in class org/jinstagram/entity/relationships/RelationshipFeed
00:19:38.226 [main] INFO org.evosuite.runtime.instrumentation.EvoClassLoader - Defined package (3): package org.jinstagram.entity.relationships, -836951284
00:19:38.226 [main] INFO org.evosuite.runtime.instrumentation.EvoClassLoader - Keeping class: org.jinstagram.entity.relationships.RelationshipFeed
00:19:38.226 [main] INFO org.evosuite.runtime.instrumentation.EvoClassLoader - Seeing class for first time: org.jinstagram.model.Relationship
00:19:38.226 [main] INFO org.evosuite.runtime.instrumentation.EvoClassLoader - Instrumenting class 'org.jinstagram.model.Relationship'.
00:19:38.234 [main] INFO org.evosuite.runtime.instrumentation.MethodCallReplacementClassAdapter - Adding mock interface to class org/jinstagram/model/Relationship
00:19:38.236 [main] INFO org.evosuite.runtime.instrumentation.CreateClassResetClassAdapter - Found static initializer in class org/jinstagram/model/Relationship
00:19:38.237 [main] INFO org.evosuite.runtime.instrumentation.EvoClassLoader - Defined package (3): package org.jinstagram.model, 2080971277
00:19:38.237 [main] INFO org.evosuite.runtime.instrumentation.EvoClassLoader - Keeping class: org.jinstagram.model.Relationship
00:19:38.237 [main] INFO org.evosuite.runtime.instrumentation.EvoClassLoader - Seeing class for first time: org.jinstagram.entity.users.feed.UserFeed
00:19:38.237 [main] INFO org.evosuite.runtime.instrumentation.EvoClassLoader - Instrumenting class 'org.jinstagram.entity.users.feed.UserFeed'.
00:19:38.239 [main] INFO org.evosuite.runtime.instrumentation.MethodCallReplacementClassAdapter - Adding mock interface to class org/jinstagram/entity/users/feed/UserFeed
00:19:38.241 [main] INFO org.evosuite.runtime.instrumentation.CreateClassResetClassAdapter - Creating brand-new static initializer in class org/jinstagram/entity/users/feed/UserFeed
00:19:38.242 [main] INFO org.evosuite.runtime.instrumentation.EvoClassLoader - Defined package (3): package org.jinstagram.entity.users.feed, 1240399251
00:19:38.242 [main] INFO org.evosuite.runtime.instrumentation.EvoClassLoader - Keeping class: org.jinstagram.entity.users.feed.UserFeed
00:19:38.242 [main] INFO org.evosuite.runtime.instrumentation.EvoClassLoader - Seeing class for first time: org.jinstagram.entity.comments.MediaCommentsFeed
00:19:38.242 [main] INFO org.evosuite.runtime.instrumentation.EvoClassLoader - Instrumenting class 'org.jinstagram.entity.comments.MediaCommentsFeed'.
00:19:38.243 [main] INFO org.evosuite.runtime.instrumentation.MethodCallReplacementClassAdapter - Adding mock interface to class org/jinstagram/entity/comments/MediaCommentsFeed
00:19:38.244 [main] INFO org.evosuite.runtime.instrumentation.CreateClassResetClassAdapter - Creating brand-new static initializer in class org/jinstagram/entity/comments/MediaCommentsFeed
00:19:38.244 [main] INFO org.evosuite.runtime.instrumentation.EvoClassLoader - Defined package (3): package org.jinstagram.entity.comments, -2096403069
00:19:38.244 [main] INFO org.evosuite.runtime.instrumentation.EvoClassLoader - Keeping class: org.jinstagram.entity.comments.MediaCommentsFeed
00:19:38.244 [main] INFO org.evosuite.runtime.instrumentation.EvoClassLoader - Seeing class for first time: org.jinstagram.entity.users.feed.MediaFeed
00:19:38.244 [main] INFO org.evosuite.runtime.instrumentation.EvoClassLoader - Instrumenting class 'org.jinstagram.entity.users.feed.MediaFeed'.
00:19:38.246 [main] INFO org.evosuite.runtime.instrumentation.MethodCallReplacementClassAdapter - Adding mock interface to class org/jinstagram/entity/users/feed/MediaFeed
00:19:38.251 [main] INFO org.evosuite.runtime.instrumentation.CreateClassResetClassAdapter - Creating brand-new static initializer in class org/jinstagram/entity/users/feed/MediaFeed
00:19:38.251 [main] INFO org.evosuite.runtime.instrumentation.EvoClassLoader - Keeping class: org.jinstagram.entity.users.feed.MediaFeed
00:19:38.253 [main] INFO org.evosuite.runtime.instrumentation.EvoClassLoader - Seeing class for first time: org.jinstagram.entity.common.Pagination
00:19:38.253 [main] INFO org.evosuite.runtime.instrumentation.EvoClassLoader - Instrumenting class 'org.jinstagram.entity.common.Pagination'.
00:19:38.255 [main] INFO org.evosuite.runtime.instrumentation.MethodCallReplacementClassAdapter - Adding mock interface to class org/jinstagram/entity/common/Pagination
00:19:38.258 [main] INFO org.evosuite.runtime.instrumentation.CreateClassResetClassAdapter - Creating brand-new static initializer in class org/jinstagram/entity/common/Pagination
00:19:38.260 [main] INFO org.evosuite.runtime.instrumentation.EvoClassLoader - Defined package (3): package org.jinstagram.entity.common, 1839157562
00:19:38.260 [main] INFO org.evosuite.runtime.instrumentation.EvoClassLoader - Keeping class: org.jinstagram.entity.common.Pagination
00:19:38.260 [main] INFO org.evosuite.runtime.instrumentation.EvoClassLoader - Seeing class for first time: org.jinstagram.entity.tags.TagMediaFeed
00:19:38.260 [main] INFO org.evosuite.runtime.instrumentation.EvoClassLoader - Instrumenting class 'org.jinstagram.entity.tags.TagMediaFeed'.
00:19:38.260 [main] INFO org.evosuite.runtime.instrumentation.MethodCallReplacementClassAdapter - Adding mock interface to class org/jinstagram/entity/tags/TagMediaFeed
00:19:38.262 [main] INFO org.evosuite.runtime.instrumentation.CreateClassResetClassAdapter - Creating brand-new static initializer in class org/jinstagram/entity/tags/TagMediaFeed
00:19:38.263 [main] INFO org.evosuite.runtime.instrumentation.EvoClassLoader - Defined package (3): package org.jinstagram.entity.tags, 1673913128
00:19:38.263 [main] INFO org.evosuite.runtime.instrumentation.EvoClassLoader - Keeping class: org.jinstagram.entity.tags.TagMediaFeed
00:19:38.263 [main] INFO org.evosuite.runtime.instrumentation.EvoClassLoader - Seeing class for first time: org.jinstagram.entity.media.MediaInfoFeed
00:19:38.263 [main] INFO org.evosuite.runtime.instrumentation.EvoClassLoader - Instrumenting class 'org.jinstagram.entity.media.MediaInfoFeed'.
00:19:38.264 [main] INFO org.evosuite.runtime.instrumentation.MethodCallReplacementClassAdapter - Adding mock interface to class org/jinstagram/entity/media/MediaInfoFeed
00:19:38.265 [main] INFO org.evosuite.runtime.instrumentation.CreateClassResetClassAdapter - Creating brand-new static initializer in class org/jinstagram/entity/media/MediaInfoFeed
00:19:38.266 [main] INFO org.evosuite.runtime.instrumentation.EvoClassLoader - Defined package (3): package org.jinstagram.entity.media, 345350837
00:19:38.266 [main] INFO org.evosuite.runtime.instrumentation.EvoClassLoader - Keeping class: org.jinstagram.entity.media.MediaInfoFeed
00:19:38.266 [main] INFO org.evosuite.runtime.instrumentation.EvoClassLoader - Seeing class for first time: org.jinstagram.entity.comments.MediaCommentResponse
00:19:38.266 [main] INFO org.evosuite.runtime.instrumentation.EvoClassLoader - Instrumenting class 'org.jinstagram.entity.comments.MediaCommentResponse'.
00:19:38.268 [main] INFO org.evosuite.runtime.instrumentation.MethodCallReplacementClassAdapter - Adding mock interface to class org/jinstagram/entity/comments/MediaCommentResponse
00:19:38.268 [main] INFO org.evosuite.runtime.instrumentation.CreateClassResetClassAdapter - Creating brand-new static initializer in class org/jinstagram/entity/comments/MediaCommentResponse
00:19:38.268 [main] INFO org.evosuite.runtime.instrumentation.EvoClassLoader - Keeping class: org.jinstagram.entity.comments.MediaCommentResponse
00:19:38.268 [main] INFO org.evosuite.runtime.instrumentation.EvoClassLoader - Seeing class for first time: org.jinstagram.entity.users.basicinfo.UserInfo
00:19:38.268 [main] INFO org.evosuite.runtime.instrumentation.EvoClassLoader - Instrumenting class 'org.jinstagram.entity.users.basicinfo.UserInfo'.
00:19:38.271 [main] INFO org.evosuite.runtime.instrumentation.MethodCallReplacementClassAdapter - Adding mock interface to class org/jinstagram/entity/users/basicinfo/UserInfo
00:19:38.274 [main] INFO org.evosuite.runtime.instrumentation.CreateClassResetClassAdapter - Creating brand-new static initializer in class org/jinstagram/entity/users/basicinfo/UserInfo
00:19:38.274 [main] INFO org.evosuite.runtime.instrumentation.EvoClassLoader - Defined package (3): package org.jinstagram.entity.users.basicinfo, 1911360263
00:19:38.274 [main] INFO org.evosuite.runtime.instrumentation.EvoClassLoader - Keeping class: org.jinstagram.entity.users.basicinfo.UserInfo
00:19:38.275 [main] INFO org.evosuite.runtime.instrumentation.EvoClassLoader - Seeing class for first time: org.jinstagram.entity.tags.TagInfoFeed
00:19:38.276 [main] INFO org.evosuite.runtime.instrumentation.EvoClassLoader - Instrumenting class 'org.jinstagram.entity.tags.TagInfoFeed'.
00:19:38.277 [main] INFO org.evosuite.runtime.instrumentation.MethodCallReplacementClassAdapter - Adding mock interface to class org/jinstagram/entity/tags/TagInfoFeed
00:19:38.279 [main] INFO org.evosuite.runtime.instrumentation.CreateClassResetClassAdapter - Creating brand-new static initializer in class org/jinstagram/entity/tags/TagInfoFeed
00:19:38.279 [main] INFO org.evosuite.runtime.instrumentation.EvoClassLoader - Keeping class: org.jinstagram.entity.tags.TagInfoFeed
00:19:38.280 [main] INFO org.evosuite.runtime.instrumentation.EvoClassLoader - Seeing class for first time: org.jinstagram.entity.likes.LikesFeed
00:19:38.280 [main] INFO org.evosuite.runtime.instrumentation.EvoClassLoader - Instrumenting class 'org.jinstagram.entity.likes.LikesFeed'.
00:19:38.281 [main] INFO org.evosuite.runtime.instrumentation.MethodCallReplacementClassAdapter - Adding mock interface to class org/jinstagram/entity/likes/LikesFeed
00:19:38.283 [main] INFO org.evosuite.runtime.instrumentation.CreateClassResetClassAdapter - Creating brand-new static initializer in class org/jinstagram/entity/likes/LikesFeed
00:19:38.283 [main] INFO org.evosuite.runtime.instrumentation.EvoClassLoader - Defined package (3): package org.jinstagram.entity.likes, 344553101
00:19:38.283 [main] INFO org.evosuite.runtime.instrumentation.EvoClassLoader - Keeping class: org.jinstagram.entity.likes.LikesFeed
00:19:38.283 [main] INFO org.evosuite.runtime.instrumentation.EvoClassLoader - Seeing class for first time: org.jinstagram.entity.tags.TagSearchFeed
00:19:38.284 [main] INFO org.evosuite.runtime.instrumentation.EvoClassLoader - Instrumenting class 'org.jinstagram.entity.tags.TagSearchFeed'.
00:19:38.284 [main] INFO org.evosuite.runtime.instrumentation.MethodCallReplacementClassAdapter - Adding mock interface to class org/jinstagram/entity/tags/TagSearchFeed
00:19:38.287 [main] INFO org.evosuite.runtime.instrumentation.CreateClassResetClassAdapter - Creating brand-new static initializer in class org/jinstagram/entity/tags/TagSearchFeed
00:19:38.287 [main] INFO org.evosuite.runtime.instrumentation.EvoClassLoader - Keeping class: org.jinstagram.entity.tags.TagSearchFeed
00:19:38.287 [main] INFO org.evosuite.runtime.instrumentation.EvoClassLoader - Seeing class for first time: org.jinstagram.entity.locations.LocationInfo
00:19:38.287 [main] INFO org.evosuite.runtime.instrumentation.EvoClassLoader - Instrumenting class 'org.jinstagram.entity.locations.LocationInfo'.
00:19:38.288 [main] INFO org.evosuite.runtime.instrumentation.MethodCallReplacementClassAdapter - Adding mock interface to class org/jinstagram/entity/locations/LocationInfo
00:19:38.288 [main] INFO org.evosuite.runtime.instrumentation.CreateClassResetClassAdapter - Creating brand-new static initializer in class org/jinstagram/entity/locations/LocationInfo
00:19:38.288 [main] INFO org.evosuite.runtime.instrumentation.EvoClassLoader - Keeping class: org.jinstagram.entity.locations.LocationInfo
00:19:38.327 [main] INFO org.evosuite.runtime.instrumentation.EvoClassLoader - Seeing class for first time: org.mockito.Mockito
00:19:38.327 [main] INFO org.evosuite.runtime.instrumentation.EvoClassLoader - Instrumenting class 'org.mockito.Mockito'.
00:19:38.336 [main] INFO org.evosuite.runtime.instrumentation.MethodCallReplacementClassAdapter - Adding mock interface to class org/mockito/Mockito
00:19:38.344 [main] INFO org.evosuite.runtime.instrumentation.CreateClassResetClassAdapter - Found static initializer in class org/mockito/Mockito
00:19:38.346 [main] INFO org.evosuite.runtime.instrumentation.EvoClassLoader - Defined package (3): package org.mockito, -218950192
00:19:38.347 [main] INFO org.evosuite.runtime.instrumentation.EvoClassLoader - Seeing class for first time: org.mockito.Matchers
00:19:38.347 [main] INFO org.evosuite.runtime.instrumentation.EvoClassLoader - Instrumenting class 'org.mockito.Matchers'.
00:19:38.358 [main] INFO org.evosuite.runtime.instrumentation.MethodCallReplacementClassAdapter - Adding mock interface to class org/mockito/Matchers
00:19:38.369 [main] INFO org.evosuite.runtime.instrumentation.CreateClassResetClassAdapter - Found static initializer in class org/mockito/Matchers
00:19:38.374 [main] INFO org.evosuite.runtime.instrumentation.EvoClassLoader - Keeping class: org.mockito.Matchers
00:19:38.375 [main] INFO org.evosuite.runtime.instrumentation.EvoClassLoader - Keeping class: org.mockito.Mockito
00:19:38.375 [main] INFO org.evosuite.runtime.instrumentation.EvoClassLoader - Seeing class for first time: org.hamcrest.Matcher
00:19:38.375 [main] INFO org.evosuite.runtime.instrumentation.EvoClassLoader - Instrumenting class 'org.hamcrest.Matcher'.
00:19:38.383 [main] INFO org.evosuite.runtime.instrumentation.EvoClassLoader - Seeing class for first time: org.hamcrest.SelfDescribing
00:19:38.384 [main] INFO org.evosuite.runtime.instrumentation.EvoClassLoader - Instrumenting class 'org.hamcrest.SelfDescribing'.
00:19:38.385 [main] INFO org.evosuite.runtime.instrumentation.EvoClassLoader - Keeping class: org.hamcrest.SelfDescribing
00:19:38.385 [main] INFO org.evosuite.runtime.instrumentation.EvoClassLoader - Keeping class: org.hamcrest.Matcher
00:19:38.385 [main] INFO org.evosuite.runtime.instrumentation.EvoClassLoader - Seeing class for first time: org.mockito.internal.progress.MockingProgress
00:19:38.385 [main] INFO org.evosuite.runtime.instrumentation.EvoClassLoader - Instrumenting class 'org.mockito.internal.progress.MockingProgress'.
00:19:38.387 [main] INFO org.evosuite.runtime.instrumentation.EvoClassLoader - Defined package (3): package org.mockito.internal.progress, -535423584
00:19:38.388 [main] INFO org.evosuite.runtime.instrumentation.EvoClassLoader - Keeping class: org.mockito.internal.progress.MockingProgress
00:19:38.389 [main] INFO org.evosuite.runtime.instrumentation.EvoClassLoader - Seeing class for first time: org.mockito.verification.VerificationMode
00:19:38.389 [main] INFO org.evosuite.runtime.instrumentation.EvoClassLoader - Instrumenting class 'org.mockito.verification.VerificationMode'.
00:19:38.391 [main] INFO org.evosuite.runtime.instrumentation.EvoClassLoader - Defined package (3): package org.mockito.verification, -390341255
00:19:38.392 [main] INFO org.evosuite.runtime.instrumentation.EvoClassLoader - Keeping class: org.mockito.verification.VerificationMode
00:19:38.392 [main] INFO org.evosuite.runtime.instrumentation.EvoClassLoader - Seeing class for first time: org.mockito.verification.VerificationAfterDelay
00:19:38.392 [main] INFO org.evosuite.runtime.instrumentation.EvoClassLoader - Instrumenting class 'org.mockito.verification.VerificationAfterDelay'.
00:19:38.394 [main] INFO org.evosuite.runtime.instrumentation.EvoClassLoader - Keeping class: org.mockito.verification.VerificationAfterDelay
00:19:38.395 [main] INFO org.evosuite.runtime.instrumentation.EvoClassLoader - Seeing class for first time: org.mockito.MockitoDebugger
00:19:38.395 [main] INFO org.evosuite.runtime.instrumentation.EvoClassLoader - Instrumenting class 'org.mockito.MockitoDebugger'.
00:19:38.398 [main] INFO org.evosuite.runtime.instrumentation.EvoClassLoader - Keeping class: org.mockito.MockitoDebugger
00:19:38.399 [main] INFO org.evosuite.runtime.instrumentation.EvoClassLoader - Seeing class for first time: org.mockito.stubbing.Answer
00:19:38.399 [main] INFO org.evosuite.runtime.instrumentation.EvoClassLoader - Instrumenting class 'org.mockito.stubbing.Answer'.
00:19:38.401 [main] INFO org.evosuite.runtime.instrumentation.EvoClassLoader - Defined package (3): package org.mockito.stubbing, 1147178060
00:19:38.401 [main] INFO org.evosuite.runtime.instrumentation.EvoClassLoader - Keeping class: org.mockito.stubbing.Answer
00:19:38.401 [main] INFO org.evosuite.runtime.instrumentation.EvoClassLoader - Seeing class for first time: org.mockito.verification.VerificationWithTimeout
00:19:38.401 [main] INFO org.evosuite.runtime.instrumentation.EvoClassLoader - Instrumenting class 'org.mockito.verification.VerificationWithTimeout'.
00:19:38.403 [main] INFO org.evosuite.runtime.instrumentation.EvoClassLoader - Keeping class: org.mockito.verification.VerificationWithTimeout
00:19:38.403 [main] INFO org.evosuite.runtime.instrumentation.EvoClassLoader - Seeing class for first time: org.mockito.internal.progress.ThreadSafeMockingProgress
00:19:38.403 [main] INFO org.evosuite.runtime.instrumentation.EvoClassLoader - Instrumenting class 'org.mockito.internal.progress.ThreadSafeMockingProgress'.
00:19:38.404 [main] INFO org.evosuite.runtime.instrumentation.MethodCallReplacementClassAdapter - Adding mock interface to class org/mockito/internal/progress/ThreadSafeMockingProgress
00:19:38.411 [main] INFO org.evosuite.runtime.instrumentation.CreateClassResetClassAdapter - Found static initializer in class org/mockito/internal/progress/ThreadSafeMockingProgress
00:19:38.413 [main] INFO org.evosuite.runtime.instrumentation.EvoClassLoader - Keeping class: org.mockito.internal.progress.ThreadSafeMockingProgress
00:19:38.413 [main] INFO org.evosuite.runtime.instrumentation.EvoClassLoader - Seeing class for first time: org.mockito.internal.MockitoCore
00:19:38.413 [main] INFO org.evosuite.runtime.instrumentation.EvoClassLoader - Instrumenting class 'org.mockito.internal.MockitoCore'.
00:19:38.416 [main] INFO org.evosuite.runtime.instrumentation.MethodCallReplacementClassAdapter - Adding mock interface to class org/mockito/internal/MockitoCore
00:19:38.429 [main] INFO org.evosuite.runtime.instrumentation.CreateClassResetClassAdapter - Creating brand-new static initializer in class org/mockito/internal/MockitoCore
00:19:38.430 [main] INFO org.evosuite.runtime.instrumentation.EvoClassLoader - Defined package (3): package org.mockito.internal, -156488421
00:19:38.431 [main] INFO org.evosuite.runtime.instrumentation.EvoClassLoader - Keeping class: org.mockito.internal.MockitoCore
00:19:38.431 [main] INFO org.evosuite.runtime.instrumentation.EvoClassLoader - Seeing class for first time: org.mockito.internal.verification.api.VerificationDataInOrder
00:19:38.431 [main] INFO org.evosuite.runtime.instrumentation.EvoClassLoader - Instrumenting class 'org.mockito.internal.verification.api.VerificationDataInOrder'.
00:19:38.433 [main] INFO org.evosuite.runtime.instrumentation.EvoClassLoader - Defined package (3): package org.mockito.internal.verification.api, -1145445318
00:19:38.433 [main] INFO org.evosuite.runtime.instrumentation.EvoClassLoader - Keeping class: org.mockito.internal.verification.api.VerificationDataInOrder
00:19:38.433 [main] INFO org.evosuite.runtime.instrumentation.EvoClassLoader - Seeing class for first time: org.mockito.MockingDetails
00:19:38.433 [main] INFO org.evosuite.runtime.instrumentation.EvoClassLoader - Instrumenting class 'org.mockito.MockingDetails'.
00:19:38.434 [main] INFO org.evosuite.runtime.instrumentation.EvoClassLoader - Keeping class: org.mockito.MockingDetails
00:19:38.435 [main] INFO org.evosuite.runtime.instrumentation.EvoClassLoader - Seeing class for first time: org.mockito.exceptions.misusing.NotAMockException
00:19:38.435 [main] INFO org.evosuite.runtime.instrumentation.EvoClassLoader - Instrumenting class 'org.mockito.exceptions.misusing.NotAMockException'.
00:19:38.435 [main] INFO org.evosuite.runtime.instrumentation.MethodCallReplacementClassAdapter - Adding mock interface to class org/mockito/exceptions/misusing/NotAMockException
00:19:38.436 [main] INFO org.evosuite.runtime.instrumentation.CreateClassResetClassAdapter - Creating brand-new static initializer in class org/mockito/exceptions/misusing/NotAMockException
00:19:38.436 [main] INFO org.evosuite.runtime.instrumentation.EvoClassLoader - Defined package (3): package org.mockito.exceptions.misusing, -1043487719
00:19:38.436 [main] INFO org.evosuite.runtime.instrumentation.EvoClassLoader - Seeing class for first time: org.mockito.exceptions.base.MockitoException
00:19:38.436 [main] INFO org.evosuite.runtime.instrumentation.EvoClassLoader - Instrumenting class 'org.mockito.exceptions.base.MockitoException'.
00:19:38.436 [main] INFO org.evosuite.runtime.instrumentation.MethodCallReplacementClassAdapter - Adding mock interface to class org/mockito/exceptions/base/MockitoException
00:19:38.437 [main] INFO org.evosuite.runtime.instrumentation.CreateClassResetClassAdapter - Creating brand-new static initializer in class org/mockito/exceptions/base/MockitoException
00:19:38.438 [main] INFO org.evosuite.runtime.instrumentation.EvoClassLoader - Defined package (3): package org.mockito.exceptions.base, 2039938141
00:19:38.438 [main] INFO org.evosuite.runtime.instrumentation.EvoClassLoader - Keeping class: org.mockito.exceptions.base.MockitoException
00:19:38.438 [main] INFO org.evosuite.runtime.instrumentation.EvoClassLoader - Keeping class: org.mockito.exceptions.misusing.NotAMockException
00:19:38.438 [main] INFO org.evosuite.runtime.instrumentation.EvoClassLoader - Seeing class for first time: org.mockito.internal.verification.api.VerificationData
00:19:38.438 [main] INFO org.evosuite.runtime.instrumentation.EvoClassLoader - Instrumenting class 'org.mockito.internal.verification.api.VerificationData'.
00:19:38.439 [main] INFO org.evosuite.runtime.instrumentation.EvoClassLoader - Keeping class: org.mockito.internal.verification.api.VerificationData
00:19:38.439 [main] INFO org.evosuite.runtime.instrumentation.EvoClassLoader - Seeing class for first time: org.mockito.internal.stubbing.InvocationContainer
00:19:38.439 [main] INFO org.evosuite.runtime.instrumentation.EvoClassLoader - Instrumenting class 'org.mockito.internal.stubbing.InvocationContainer'.
00:19:38.439 [main] INFO org.evosuite.runtime.instrumentation.EvoClassLoader - Defined package (3): package org.mockito.internal.stubbing, -1955235487
00:19:38.439 [main] INFO org.evosuite.runtime.instrumentation.EvoClassLoader - Keeping class: org.mockito.internal.stubbing.InvocationContainer
00:19:38.439 [main] INFO org.evosuite.runtime.instrumentation.EvoClassLoader - Seeing class for first time: org.mockito.InOrder
00:19:38.439 [main] INFO org.evosuite.runtime.instrumentation.EvoClassLoader - Instrumenting class 'org.mockito.InOrder'.
00:19:38.440 [main] INFO org.evosuite.runtime.instrumentation.EvoClassLoader - Keeping class: org.mockito.InOrder
00:19:38.441 [main] INFO org.evosuite.runtime.instrumentation.EvoClassLoader - Seeing class for first time: org.mockito.exceptions.Reporter
00:19:38.441 [main] INFO org.evosuite.runtime.instrumentation.EvoClassLoader - Instrumenting class 'org.mockito.exceptions.Reporter'.
00:19:38.442 [main] INFO org.evosuite.runtime.instrumentation.MethodCallReplacementClassAdapter - Adding mock interface to class org/mockito/exceptions/Reporter
00:19:38.448 [main] INFO org.evosuite.runtime.instrumentation.CreateClassResetClassAdapter - Creating brand-new static initializer in class org/mockito/exceptions/Reporter
00:19:38.456 [main] INFO org.evosuite.runtime.instrumentation.EvoClassLoader - Defined package (3): package org.mockito.exceptions, 215384290
00:19:38.457 [main] INFO org.evosuite.runtime.instrumentation.EvoClassLoader - Keeping class: org.mockito.exceptions.Reporter
00:19:38.457 [main] INFO org.evosuite.runtime.instrumentation.EvoClassLoader - Seeing class for first time: org.mockito.exceptions.verification.SmartNullPointerException
00:19:38.457 [main] INFO org.evosuite.runtime.instrumentation.EvoClassLoader - Instrumenting class 'org.mockito.exceptions.verification.SmartNullPointerException'.
00:19:38.458 [main] INFO org.evosuite.runtime.instrumentation.MethodCallReplacementClassAdapter - Adding mock interface to class org/mockito/exceptions/verification/SmartNullPointerException
00:19:38.461 [main] INFO org.evosuite.runtime.instrumentation.CreateClassResetClassAdapter - Creating brand-new static initializer in class org/mockito/exceptions/verification/SmartNullPointerException
00:19:38.461 [main] INFO org.evosuite.runtime.instrumentation.EvoClassLoader - Defined package (3): package org.mockito.exceptions.verification, -862552153
00:19:38.461 [main] INFO org.evosuite.runtime.instrumentation.EvoClassLoader - Keeping class: org.mockito.exceptions.verification.SmartNullPointerException
00:19:38.461 [main] INFO org.evosuite.runtime.instrumentation.EvoClassLoader - Seeing class for first time: org.mockito.exceptions.misusing.CannotStubVoidMethodWithReturnValue
00:19:38.461 [main] INFO org.evosuite.runtime.instrumentation.EvoClassLoader - Instrumenting class 'org.mockito.exceptions.misusing.CannotStubVoidMethodWithReturnValue'.
00:19:38.462 [main] INFO org.evosuite.runtime.instrumentation.MethodCallReplacementClassAdapter - Adding mock interface to class org/mockito/exceptions/misusing/CannotStubVoidMethodWithReturnValue
00:19:38.463 [main] INFO org.evosuite.runtime.instrumentation.CreateClassResetClassAdapter - Creating brand-new static initializer in class org/mockito/exceptions/misusing/CannotStubVoidMethodWithReturnValue
00:19:38.464 [main] INFO org.evosuite.runtime.instrumentation.EvoClassLoader - Keeping class: org.mockito.exceptions.misusing.CannotStubVoidMethodWithReturnValue
00:19:38.464 [main] INFO org.evosuite.runtime.instrumentation.EvoClassLoader - Seeing class for first time: org.mockito.exceptions.verification.VerificationInOrderFailure
00:19:38.464 [main] INFO org.evosuite.runtime.instrumentation.EvoClassLoader - Instrumenting class 'org.mockito.exceptions.verification.VerificationInOrderFailure'.
00:19:38.465 [main] INFO org.evosuite.runtime.instrumentation.MethodCallReplacementClassAdapter - Adding mock interface to class org/mockito/exceptions/verification/VerificationInOrderFailure
00:19:38.466 [main] INFO org.evosuite.runtime.instrumentation.CreateClassResetClassAdapter - Creating brand-new static initializer in class org/mockito/exceptions/verification/VerificationInOrderFailure
00:19:38.466 [main] INFO org.evosuite.runtime.instrumentation.EvoClassLoader - Seeing class for first time: org.mockito.exceptions.base.MockitoAssertionError
00:19:38.467 [main] INFO org.evosuite.runtime.instrumentation.EvoClassLoader - Instrumenting class 'org.mockito.exceptions.base.MockitoAssertionError'.
00:19:38.468 [main] INFO org.evosuite.runtime.instrumentation.MethodCallReplacementClassAdapter - Adding mock interface to class org/mockito/exceptions/base/MockitoAssertionError
00:19:38.469 [main] INFO org.evosuite.runtime.instrumentation.CreateClassResetClassAdapter - Creating brand-new static initializer in class org/mockito/exceptions/base/MockitoAssertionError
00:19:38.469 [main] INFO org.evosuite.runtime.instrumentation.EvoClassLoader - Keeping class: org.mockito.exceptions.base.MockitoAssertionError
00:19:38.469 [main] INFO org.evosuite.runtime.instrumentation.EvoClassLoader - Keeping class: org.mockito.exceptions.verification.VerificationInOrderFailure
00:19:38.469 [main] INFO org.evosuite.runtime.instrumentation.EvoClassLoader - Seeing class for first time: org.mockito.exceptions.verification.TooLittleActualInvocations
00:19:38.469 [main] INFO org.evosuite.runtime.instrumentation.EvoClassLoader - Instrumenting class 'org.mockito.exceptions.verification.TooLittleActualInvocations'.
00:19:38.470 [main] INFO org.evosuite.runtime.instrumentation.MethodCallReplacementClassAdapter - Adding mock interface to class org/mockito/exceptions/verification/TooLittleActualInvocations
00:19:38.470 [main] INFO org.evosuite.runtime.instrumentation.CreateClassResetClassAdapter - Creating brand-new static initializer in class org/mockito/exceptions/verification/TooLittleActualInvocations
00:19:38.471 [main] INFO org.evosuite.runtime.instrumentation.EvoClassLoader - Keeping class: org.mockito.exceptions.verification.TooLittleActualInvocations
00:19:38.471 [main] INFO org.evosuite.runtime.instrumentation.EvoClassLoader - Seeing class for first time: org.mockito.exceptions.misusing.FriendlyReminderException
00:19:38.471 [main] INFO org.evosuite.runtime.instrumentation.EvoClassLoader - Instrumenting class 'org.mockito.exceptions.misusing.FriendlyReminderException'.
00:19:38.473 [main] INFO org.evosuite.runtime.instrumentation.MethodCallReplacementClassAdapter - Adding mock interface to class org/mockito/exceptions/misusing/FriendlyReminderException
00:19:38.473 [main] INFO org.evosuite.runtime.instrumentation.CreateClassResetClassAdapter - Creating brand-new static initializer in class org/mockito/exceptions/misusing/FriendlyReminderException
00:19:38.473 [main] INFO org.evosuite.runtime.instrumentation.EvoClassLoader - Keeping class: org.mockito.exceptions.misusing.FriendlyReminderException
00:19:38.473 [main] INFO org.evosuite.runtime.instrumentation.EvoClassLoader - Seeing class for first time: org.mockito.exceptions.misusing.InvalidUseOfMatchersException
00:19:38.473 [main] INFO org.evosuite.runtime.instrumentation.EvoClassLoader - Instrumenting class 'org.mockito.exceptions.misusing.InvalidUseOfMatchersException'.
00:19:38.474 [main] INFO org.evosuite.runtime.instrumentation.MethodCallReplacementClassAdapter - Adding mock interface to class org/mockito/exceptions/misusing/InvalidUseOfMatchersException
00:19:38.474 [main] INFO org.evosuite.runtime.instrumentation.CreateClassResetClassAdapter - Creating brand-new static initializer in class org/mockito/exceptions/misusing/InvalidUseOfMatchersException
00:19:38.474 [main] INFO org.evosuite.runtime.instrumentation.EvoClassLoader - Keeping class: org.mockito.exceptions.misusing.InvalidUseOfMatchersException
00:19:38.475 [main] INFO org.evosuite.runtime.instrumentation.EvoClassLoader - Seeing class for first time: org.mockito.exceptions.misusing.UnfinishedVerificationException
00:19:38.475 [main] INFO org.evosuite.runtime.instrumentation.EvoClassLoader - Instrumenting class 'org.mockito.exceptions.misusing.UnfinishedVerificationException'.
00:19:38.475 [main] INFO org.evosuite.runtime.instrumentation.MethodCallReplacementClassAdapter - Adding mock interface to class org/mockito/exceptions/misusing/UnfinishedVerificationException
00:19:38.476 [main] INFO org.evosuite.runtime.instrumentation.CreateClassResetClassAdapter - Creating brand-new static initializer in class org/mockito/exceptions/misusing/UnfinishedVerificationException
00:19:38.476 [main] INFO org.evosuite.runtime.instrumentation.EvoClassLoader - Keeping class: org.mockito.exceptions.misusing.UnfinishedVerificationException
00:19:38.476 [main] INFO org.evosuite.runtime.instrumentation.EvoClassLoader - Seeing class for first time: org.mockito.exceptions.misusing.WrongTypeOfReturnValue
00:19:38.476 [main] INFO org.evosuite.runtime.instrumentation.EvoClassLoader - Instrumenting class 'org.mockito.exceptions.misusing.WrongTypeOfReturnValue'.
00:19:38.477 [main] INFO org.evosuite.runtime.instrumentation.MethodCallReplacementClassAdapter - Adding mock interface to class org/mockito/exceptions/misusing/WrongTypeOfReturnValue
00:19:38.477 [main] INFO org.evosuite.runtime.instrumentation.CreateClassResetClassAdapter - Creating brand-new static initializer in class org/mockito/exceptions/misusing/WrongTypeOfReturnValue
00:19:38.477 [main] INFO org.evosuite.runtime.instrumentation.EvoClassLoader - Keeping class: org.mockito.exceptions.misusing.WrongTypeOfReturnValue
00:19:38.477 [main] INFO org.evosuite.runtime.instrumentation.EvoClassLoader - Seeing class for first time: org.mockito.exceptions.misusing.NullInsteadOfMockException
00:19:38.477 [main] INFO org.evosuite.runtime.instrumentation.EvoClassLoader - Instrumenting class 'org.mockito.exceptions.misusing.NullInsteadOfMockException'.
00:19:38.478 [main] INFO org.evosuite.runtime.instrumentation.MethodCallReplacementClassAdapter - Adding mock interface to class org/mockito/exceptions/misusing/NullInsteadOfMockException
00:19:38.478 [main] INFO org.evosuite.runtime.instrumentation.CreateClassResetClassAdapter - Creating brand-new static initializer in class org/mockito/exceptions/misusing/NullInsteadOfMockException
00:19:38.478 [main] INFO org.evosuite.runtime.instrumentation.EvoClassLoader - Keeping class: org.mockito.exceptions.misusing.NullInsteadOfMockException
00:19:38.479 [main] INFO org.evosuite.runtime.instrumentation.EvoClassLoader - Seeing class for first time: org.mockito.exceptions.misusing.UnfinishedStubbingException
00:19:38.479 [main] INFO org.evosuite.runtime.instrumentation.EvoClassLoader - Instrumenting class 'org.mockito.exceptions.misusing.UnfinishedStubbingException'.
00:19:38.479 [main] INFO org.evosuite.runtime.instrumentation.MethodCallReplacementClassAdapter - Adding mock interface to class org/mockito/exceptions/misusing/UnfinishedStubbingException
00:19:38.480 [main] INFO org.evosuite.runtime.instrumentation.CreateClassResetClassAdapter - Creating brand-new static initializer in class org/mockito/exceptions/misusing/UnfinishedStubbingException
00:19:38.480 [main] INFO org.evosuite.runtime.instrumentation.EvoClassLoader - Keeping class: org.mockito.exceptions.misusing.UnfinishedStubbingException
00:19:38.480 [main] INFO org.evosuite.runtime.instrumentation.EvoClassLoader - Seeing class for first time: org.mockito.exceptions.misusing.CannotVerifyStubOnlyMock
00:19:38.480 [main] INFO org.evosuite.runtime.instrumentation.EvoClassLoader - Instrumenting class 'org.mockito.exceptions.misusing.CannotVerifyStubOnlyMock'.
00:19:38.481 [main] INFO org.evosuite.runtime.instrumentation.MethodCallReplacementClassAdapter - Adding mock interface to class org/mockito/exceptions/misusing/CannotVerifyStubOnlyMock
00:19:38.481 [main] INFO org.evosuite.runtime.instrumentation.CreateClassResetClassAdapter - Creating brand-new static initializer in class org/mockito/exceptions/misusing/CannotVerifyStubOnlyMock
00:19:38.481 [main] INFO org.evosuite.runtime.instrumentation.EvoClassLoader - Keeping class: org.mockito.exceptions.misusing.CannotVerifyStubOnlyMock
00:19:38.481 [main] INFO org.evosuite.runtime.instrumentation.EvoClassLoader - Seeing class for first time: org.mockito.exceptions.verification.WantedButNotInvoked
00:19:38.481 [main] INFO org.evosuite.runtime.instrumentation.EvoClassLoader - Instrumenting class 'org.mockito.exceptions.verification.WantedButNotInvoked'.
00:19:38.482 [main] INFO org.evosuite.runtime.instrumentation.MethodCallReplacementClassAdapter - Adding mock interface to class org/mockito/exceptions/verification/WantedButNotInvoked
00:19:38.482 [main] INFO org.evosuite.runtime.instrumentation.CreateClassResetClassAdapter - Creating brand-new static initializer in class org/mockito/exceptions/verification/WantedButNotInvoked
00:19:38.482 [main] INFO org.evosuite.runtime.instrumentation.EvoClassLoader - Keeping class: org.mockito.exceptions.verification.WantedButNotInvoked
00:19:38.482 [main] INFO org.evosuite.runtime.instrumentation.EvoClassLoader - Seeing class for first time: org.mockito.exceptions.verification.TooManyActualInvocations
00:19:38.482 [main] INFO org.evosuite.runtime.instrumentation.EvoClassLoader - Instrumenting class 'org.mockito.exceptions.verification.TooManyActualInvocations'.
00:19:38.483 [main] INFO org.evosuite.runtime.instrumentation.MethodCallReplacementClassAdapter - Adding mock interface to class org/mockito/exceptions/verification/TooManyActualInvocations
00:19:38.483 [main] INFO org.evosuite.runtime.instrumentation.CreateClassResetClassAdapter - Creating brand-new static initializer in class org/mockito/exceptions/verification/TooManyActualInvocations
00:19:38.483 [main] INFO org.evosuite.runtime.instrumentation.EvoClassLoader - Keeping class: org.mockito.exceptions.verification.TooManyActualInvocations
00:19:38.483 [main] INFO org.evosuite.runtime.instrumentation.EvoClassLoader - Seeing class for first time: org.mockito.exceptions.verification.NeverWantedButInvoked
00:19:38.483 [main] INFO org.evosuite.runtime.instrumentation.EvoClassLoader - Instrumenting class 'org.mockito.exceptions.verification.NeverWantedButInvoked'.
00:19:38.483 [main] INFO org.evosuite.runtime.instrumentation.MethodCallReplacementClassAdapter - Adding mock interface to class org/mockito/exceptions/verification/NeverWantedButInvoked
00:19:38.484 [main] INFO org.evosuite.runtime.instrumentation.CreateClassResetClassAdapter - Creating brand-new static initializer in class org/mockito/exceptions/verification/NeverWantedButInvoked
00:19:38.485 [main] INFO org.evosuite.runtime.instrumentation.EvoClassLoader - Keeping class: org.mockito.exceptions.verification.NeverWantedButInvoked
00:19:38.485 [main] INFO org.evosuite.runtime.instrumentation.EvoClassLoader - Seeing class for first time: org.mockito.exceptions.verification.NoInteractionsWanted
00:19:38.485 [main] INFO org.evosuite.runtime.instrumentation.EvoClassLoader - Instrumenting class 'org.mockito.exceptions.verification.NoInteractionsWanted'.
00:19:38.486 [main] INFO org.evosuite.runtime.instrumentation.MethodCallReplacementClassAdapter - Adding mock interface to class org/mockito/exceptions/verification/NoInteractionsWanted
00:19:38.487 [main] INFO org.evosuite.runtime.instrumentation.CreateClassResetClassAdapter - Creating brand-new static initializer in class org/mockito/exceptions/verification/NoInteractionsWanted
00:19:38.487 [main] INFO org.evosuite.runtime.instrumentation.EvoClassLoader - Keeping class: org.mockito.exceptions.verification.NoInteractionsWanted
00:19:38.487 [main] INFO org.evosuite.runtime.instrumentation.EvoClassLoader - Seeing class for first time: org.mockito.exceptions.misusing.MissingMethodInvocationException
00:19:38.487 [main] INFO org.evosuite.runtime.instrumentation.EvoClassLoader - Instrumenting class 'org.mockito.exceptions.misusing.MissingMethodInvocationException'.
00:19:38.488 [main] INFO org.evosuite.runtime.instrumentation.MethodCallReplacementClassAdapter - Adding mock interface to class org/mockito/exceptions/misusing/MissingMethodInvocationException
00:19:38.490 [main] INFO org.evosuite.runtime.instrumentation.CreateClassResetClassAdapter - Creating brand-new static initializer in class org/mockito/exceptions/misusing/MissingMethodInvocationException
00:19:38.490 [main] INFO org.evosuite.runtime.instrumentation.EvoClassLoader - Keeping class: org.mockito.exceptions.misusing.MissingMethodInvocationException
00:19:38.490 [main] INFO org.evosuite.runtime.instrumentation.EvoClassLoader - Seeing class for first time: org.mockito.internal.util.MockUtil
00:19:38.490 [main] INFO org.evosuite.runtime.instrumentation.EvoClassLoader - Instrumenting class 'org.mockito.internal.util.MockUtil'.
00:19:38.492 [main] INFO org.evosuite.runtime.instrumentation.MethodCallReplacementClassAdapter - Adding mock interface to class org/mockito/internal/util/MockUtil
00:19:38.503 [main] INFO org.evosuite.runtime.instrumentation.CreateClassResetClassAdapter - Found static initializer in class org/mockito/internal/util/MockUtil
00:19:38.504 [main] INFO org.evosuite.runtime.instrumentation.EvoClassLoader - Defined package (3): package org.mockito.internal.util, 1337586933
00:19:38.504 [main] INFO org.evosuite.runtime.instrumentation.EvoClassLoader - Keeping class: org.mockito.internal.util.MockUtil
00:19:38.504 [main] INFO org.evosuite.runtime.instrumentation.EvoClassLoader - Seeing class for first time: org.mockito.mock.MockName
00:19:38.504 [main] INFO org.evosuite.runtime.instrumentation.EvoClassLoader - Instrumenting class 'org.mockito.mock.MockName'.
00:19:38.505 [main] INFO org.evosuite.runtime.instrumentation.EvoClassLoader - Defined package (3): package org.mockito.mock, 677215976
00:19:38.505 [main] INFO org.evosuite.runtime.instrumentation.EvoClassLoader - Keeping class: org.mockito.mock.MockName
00:19:38.505 [main] INFO org.evosuite.runtime.instrumentation.EvoClassLoader - Seeing class for first time: org.mockito.invocation.MockHandler
00:19:38.505 [main] INFO org.evosuite.runtime.instrumentation.EvoClassLoader - Instrumenting class 'org.mockito.invocation.MockHandler'.
00:19:38.508 [main] INFO org.evosuite.runtime.instrumentation.EvoClassLoader - Defined package (3): package org.mockito.invocation, -1026637970
00:19:38.508 [main] INFO org.evosuite.runtime.instrumentation.EvoClassLoader - Keeping class: org.mockito.invocation.MockHandler
00:19:38.508 [main] INFO org.evosuite.runtime.instrumentation.EvoClassLoader - Seeing class for first time: org.mockito.internal.configuration.plugins.Plugins
00:19:38.508 [main] INFO org.evosuite.runtime.instrumentation.EvoClassLoader - Instrumenting class 'org.mockito.internal.configuration.plugins.Plugins'.
00:19:38.510 [main] INFO org.evosuite.runtime.instrumentation.MethodCallReplacementClassAdapter - Adding mock interface to class org/mockito/internal/configuration/plugins/Plugins
00:19:38.510 [main] INFO org.evosuite.runtime.instrumentation.CreateClassResetClassAdapter - Found static initializer in class org/mockito/internal/configuration/plugins/Plugins
00:19:38.511 [main] INFO org.evosuite.runtime.instrumentation.EvoClassLoader - Defined package (3): package org.mockito.internal.configuration.plugins, -1086470635
00:19:38.514 [main] INFO org.evosuite.runtime.instrumentation.EvoClassLoader - Keeping class: org.mockito.internal.configuration.plugins.Plugins
00:19:38.515 [main] INFO org.evosuite.runtime.instrumentation.EvoClassLoader - Seeing class for first time: org.mockito.internal.configuration.plugins.PluginRegistry
00:19:38.515 [main] INFO org.evosuite.runtime.instrumentation.EvoClassLoader - Instrumenting class 'org.mockito.internal.configuration.plugins.PluginRegistry'.
00:19:38.518 [main] INFO org.evosuite.runtime.instrumentation.MethodCallReplacementClassAdapter - Adding mock interface to class org/mockito/internal/configuration/plugins/PluginRegistry
00:19:38.521 [main] INFO org.evosuite.runtime.instrumentation.CreateClassResetClassAdapter - Creating brand-new static initializer in class org/mockito/internal/configuration/plugins/PluginRegistry
00:19:38.521 [main] INFO org.evosuite.runtime.instrumentation.EvoClassLoader - Keeping class: org.mockito.internal.configuration.plugins.PluginRegistry
00:19:38.521 [main] INFO org.evosuite.runtime.instrumentation.EvoClassLoader - Seeing class for first time: org.mockito.plugins.PluginSwitch
00:19:38.521 [main] INFO org.evosuite.runtime.instrumentation.EvoClassLoader - Instrumenting class 'org.mockito.plugins.PluginSwitch'.
00:19:38.522 [main] INFO org.evosuite.runtime.instrumentation.EvoClassLoader - Defined package (3): package org.mockito.plugins, -221983358
00:19:38.522 [main] INFO org.evosuite.runtime.instrumentation.EvoClassLoader - Keeping class: org.mockito.plugins.PluginSwitch
00:19:38.522 [main] INFO org.evosuite.runtime.instrumentation.EvoClassLoader - Seeing class for first time: org.mockito.internal.configuration.plugins.PluginLoader
00:19:38.522 [main] INFO org.evosuite.runtime.instrumentation.EvoClassLoader - Instrumenting class 'org.mockito.internal.configuration.plugins.PluginLoader'.
00:19:38.524 [main] INFO org.evosuite.runtime.instrumentation.MethodCallReplacementClassAdapter - Adding mock interface to class org/mockito/internal/configuration/plugins/PluginLoader
00:19:38.528 [main] INFO org.evosuite.runtime.instrumentation.CreateClassResetClassAdapter - Creating brand-new static initializer in class org/mockito/internal/configuration/plugins/PluginLoader
00:19:38.528 [main] INFO org.evosuite.runtime.instrumentation.EvoClassLoader - Keeping class: org.mockito.internal.configuration.plugins.PluginLoader
00:19:38.528 [main] INFO org.evosuite.runtime.instrumentation.EvoClassLoader - Seeing class for first time: org.mockito.exceptions.misusing.MockitoConfigurationException
00:19:38.528 [main] INFO org.evosuite.runtime.instrumentation.EvoClassLoader - Instrumenting class 'org.mockito.exceptions.misusing.MockitoConfigurationException'.
00:19:38.529 [main] INFO org.evosuite.runtime.instrumentation.MethodCallReplacementClassAdapter - Adding mock interface to class org/mockito/exceptions/misusing/MockitoConfigurationException
00:19:38.529 [main] INFO org.evosuite.runtime.instrumentation.CreateClassResetClassAdapter - Creating brand-new static initializer in class org/mockito/exceptions/misusing/MockitoConfigurationException
00:19:38.529 [main] INFO org.evosuite.runtime.instrumentation.EvoClassLoader - Keeping class: org.mockito.exceptions.misusing.MockitoConfigurationException
00:19:38.529 [main] INFO org.evosuite.runtime.instrumentation.EvoClassLoader - Seeing class for first time: org.mockito.internal.configuration.plugins.DefaultPluginSwitch
00:19:38.529 [main] INFO org.evosuite.runtime.instrumentation.EvoClassLoader - Instrumenting class 'org.mockito.internal.configuration.plugins.DefaultPluginSwitch'.
00:19:38.530 [main] INFO org.evosuite.runtime.instrumentation.MethodCallReplacementClassAdapter - Adding mock interface to class org/mockito/internal/configuration/plugins/DefaultPluginSwitch
00:19:38.530 [main] INFO org.evosuite.runtime.instrumentation.CreateClassResetClassAdapter - Creating brand-new static initializer in class org/mockito/internal/configuration/plugins/DefaultPluginSwitch
00:19:38.530 [main] INFO org.evosuite.runtime.instrumentation.EvoClassLoader - Keeping class: org.mockito.internal.configuration.plugins.DefaultPluginSwitch
00:19:38.530 [main] INFO org.evosuite.runtime.instrumentation.EvoClassLoader - Seeing class for first time: org.mockito.internal.configuration.plugins.PluginFinder
00:19:38.530 [main] INFO org.evosuite.runtime.instrumentation.EvoClassLoader - Instrumenting class 'org.mockito.internal.configuration.plugins.PluginFinder'.
00:19:38.531 [main] INFO org.evosuite.runtime.instrumentation.MethodCallReplacementClassAdapter - Adding mock interface to class org/mockito/internal/configuration/plugins/PluginFinder
00:19:38.533 [main] INFO org.evosuite.runtime.instrumentation.CreateClassResetClassAdapter - Creating brand-new static initializer in class org/mockito/internal/configuration/plugins/PluginFinder
00:19:38.533 [main] INFO org.evosuite.runtime.instrumentation.EvoClassLoader - Keeping class: org.mockito.internal.configuration.plugins.PluginFinder
00:19:38.535 [main] INFO org.evosuite.runtime.instrumentation.EvoClassLoader - Seeing class for first time: org.mockito.internal.util.collections.Iterables
00:19:38.535 [main] INFO org.evosuite.runtime.instrumentation.EvoClassLoader - Instrumenting class 'org.mockito.internal.util.collections.Iterables'.
00:19:38.536 [main] INFO org.evosuite.runtime.instrumentation.MethodCallReplacementClassAdapter - Adding mock interface to class org/mockito/internal/util/collections/Iterables
00:19:38.541 [main] INFO org.evosuite.runtime.instrumentation.CreateClassResetClassAdapter - Creating brand-new static initializer in class org/mockito/internal/util/collections/Iterables
00:19:38.541 [main] INFO org.evosuite.runtime.instrumentation.EvoClassLoader - Defined package (3): package org.mockito.internal.util.collections, 2017266204
00:19:38.541 [main] INFO org.evosuite.runtime.instrumentation.EvoClassLoader - Keeping class: org.mockito.internal.util.collections.Iterables
00:19:38.543 [main] INFO org.evosuite.runtime.instrumentation.EvoClassLoader - Seeing class for first time: org.mockito.plugins.MockMaker
00:19:38.544 [main] INFO org.evosuite.runtime.instrumentation.EvoClassLoader - Instrumenting class 'org.mockito.plugins.MockMaker'.
00:19:38.546 [main] INFO org.evosuite.runtime.instrumentation.EvoClassLoader - Keeping class: org.mockito.plugins.MockMaker
00:19:38.547 [main] INFO org.evosuite.runtime.instrumentation.EvoClassLoader - Seeing class for first time: org.mockito.internal.configuration.plugins.PluginFileReader
00:19:38.547 [main] INFO org.evosuite.runtime.instrumentation.EvoClassLoader - Instrumenting class 'org.mockito.internal.configuration.plugins.PluginFileReader'.
00:19:38.548 [main] INFO org.evosuite.runtime.instrumentation.MethodCallReplacementClassAdapter - Adding mock interface to class org/mockito/internal/configuration/plugins/PluginFileReader
00:19:38.551 [main] INFO org.evosuite.runtime.instrumentation.CreateClassResetClassAdapter - Creating brand-new static initializer in class org/mockito/internal/configuration/plugins/PluginFileReader
00:19:38.551 [main] INFO org.evosuite.runtime.instrumentation.EvoClassLoader - Keeping class: org.mockito.internal.configuration.plugins.PluginFileReader
00:19:38.552 [main] INFO org.evosuite.runtime.instrumentation.EvoClassLoader - Seeing class for first time: org.mockito.internal.util.io.IOUtil
00:19:38.552 [main] INFO org.evosuite.runtime.instrumentation.EvoClassLoader - Instrumenting class 'org.mockito.internal.util.io.IOUtil'.
00:19:38.552 [main] INFO org.evosuite.runtime.instrumentation.MethodCallReplacementClassAdapter - Adding mock interface to class org/mockito/internal/util/io/IOUtil
00:19:38.558 [main] INFO org.evosuite.runtime.instrumentation.CreateClassResetClassAdapter - Creating brand-new static initializer in class org/mockito/internal/util/io/IOUtil
00:19:38.558 [main] INFO org.evosuite.runtime.instrumentation.EvoClassLoader - Defined package (3): package org.mockito.internal.util.io, -654203713
00:19:38.560 [main] INFO org.evosuite.runtime.instrumentation.EvoClassLoader - Keeping class: org.mockito.internal.util.io.IOUtil
00:19:38.573 [main] INFO org.evosuite.runtime.instrumentation.EvoClassLoader - Seeing class for first time: org.mockito.internal.exceptions.stacktrace.ConditionalStackTraceFilter
00:19:38.573 [main] INFO org.evosuite.runtime.instrumentation.EvoClassLoader - Instrumenting class 'org.mockito.internal.exceptions.stacktrace.ConditionalStackTraceFilter'.
00:19:38.575 [main] INFO org.evosuite.runtime.instrumentation.MethodCallReplacementClassAdapter - Adding mock interface to class org/mockito/internal/exceptions/stacktrace/ConditionalStackTraceFilter
00:19:38.582 [main] INFO org.evosuite.runtime.instrumentation.CreateClassResetClassAdapter - Creating brand-new static initializer in class org/mockito/internal/exceptions/stacktrace/ConditionalStackTraceFilter
00:19:38.582 [main] INFO org.evosuite.runtime.instrumentation.EvoClassLoader - Defined package (3): package org.mockito.internal.exceptions.stacktrace, 1054137684
00:19:38.582 [main] INFO org.evosuite.runtime.instrumentation.EvoClassLoader - Keeping class: org.mockito.internal.exceptions.stacktrace.ConditionalStackTraceFilter
00:19:38.582 [main] INFO org.evosuite.runtime.instrumentation.EvoClassLoader - Seeing class for first time: org.mockito.configuration.IMockitoConfiguration
00:19:38.582 [main] INFO org.evosuite.runtime.instrumentation.EvoClassLoader - Instrumenting class 'org.mockito.configuration.IMockitoConfiguration'.
00:19:38.585 [main] INFO org.evosuite.runtime.instrumentation.EvoClassLoader - Defined package (3): package org.mockito.configuration, 1488869720
00:19:38.585 [main] INFO org.evosuite.runtime.instrumentation.EvoClassLoader - Keeping class: org.mockito.configuration.IMockitoConfiguration
00:19:38.586 [main] INFO org.evosuite.runtime.instrumentation.EvoClassLoader - Seeing class for first time: org.mockito.internal.configuration.GlobalConfiguration
00:19:38.586 [main] INFO org.evosuite.runtime.instrumentation.EvoClassLoader - Instrumenting class 'org.mockito.internal.configuration.GlobalConfiguration'.
00:19:38.587 [main] INFO org.evosuite.runtime.instrumentation.MethodCallReplacementClassAdapter - Adding mock interface to class org/mockito/internal/configuration/GlobalConfiguration
00:19:38.592 [main] INFO org.evosuite.runtime.instrumentation.CreateClassResetClassAdapter - Found static initializer in class org/mockito/internal/configuration/GlobalConfiguration
00:19:38.593 [main] INFO org.evosuite.runtime.instrumentation.EvoClassLoader - Defined package (3): package org.mockito.internal.configuration, -292859549
00:19:38.594 [main] INFO org.evosuite.runtime.instrumentation.EvoClassLoader - Keeping class: org.mockito.internal.configuration.GlobalConfiguration
00:19:38.594 [main] INFO org.evosuite.runtime.instrumentation.EvoClassLoader - Seeing class for first time: org.mockito.configuration.DefaultMockitoConfiguration
00:19:38.594 [main] INFO org.evosuite.runtime.instrumentation.EvoClassLoader - Instrumenting class 'org.mockito.configuration.DefaultMockitoConfiguration'.
00:19:38.595 [main] INFO org.evosuite.runtime.instrumentation.MethodCallReplacementClassAdapter - Adding mock interface to class org/mockito/configuration/DefaultMockitoConfiguration
00:19:38.602 [main] INFO org.evosuite.runtime.instrumentation.CreateClassResetClassAdapter - Creating brand-new static initializer in class org/mockito/configuration/DefaultMockitoConfiguration
00:19:38.603 [main] INFO org.evosuite.runtime.instrumentation.EvoClassLoader - Keeping class: org.mockito.configuration.DefaultMockitoConfiguration
00:19:38.604 [main] INFO org.evosuite.runtime.instrumentation.EvoClassLoader - Seeing class for first time: org.mockito.configuration.AnnotationEngine
00:19:38.604 [main] INFO org.evosuite.runtime.instrumentation.EvoClassLoader - Instrumenting class 'org.mockito.configuration.AnnotationEngine'.
00:19:38.605 [main] INFO org.evosuite.runtime.instrumentation.EvoClassLoader - Keeping class: org.mockito.configuration.AnnotationEngine
00:19:38.606 [main] INFO org.evosuite.runtime.instrumentation.EvoClassLoader - Seeing class for first time: org.mockito.internal.configuration.ClassPathLoader
00:19:38.606 [main] INFO org.evosuite.runtime.instrumentation.EvoClassLoader - Instrumenting class 'org.mockito.internal.configuration.ClassPathLoader'.
00:19:38.607 [main] INFO org.evosuite.runtime.instrumentation.MethodCallReplacementClassAdapter - Adding mock interface to class org/mockito/internal/configuration/ClassPathLoader
00:19:38.608 [main] INFO org.evosuite.runtime.instrumentation.CreateClassResetClassAdapter - Creating brand-new static initializer in class org/mockito/internal/configuration/ClassPathLoader
00:19:38.608 [main] INFO org.evosuite.runtime.instrumentation.CreateClassResetClassAdapter - Adding bytecode for initializing field MOCKITO_CONFIGURATION_CLASS_NAME
00:19:38.608 [main] INFO org.evosuite.runtime.instrumentation.EvoClassLoader - Keeping class: org.mockito.internal.configuration.ClassPathLoader
00:19:38.609 [main] INFO org.evosuite.runtime.instrumentation.EvoClassLoader - Seeing class for first time: org.mockito.configuration.MockitoConfiguration
00:19:38.609 [main] INFO org.evosuite.runtime.instrumentation.EvoClassLoader - Instrumenting class 'org.mockito.configuration.MockitoConfiguration'.
00:19:38.609 [main] INFO org.evosuite.runtime.instrumentation.EvoClassLoader - Error while loading class: java.lang.ClassNotFoundException: Class 'org/mockito/configuration/MockitoConfiguration.class' should be in target project, but could not be found!
00:19:38.609 [main] INFO org.evosuite.runtime.instrumentation.EvoClassLoader - Seeing class for first time: org.mockito.internal.exceptions.stacktrace.StackTraceFilter
00:19:38.609 [main] INFO org.evosuite.runtime.instrumentation.EvoClassLoader - Instrumenting class 'org.mockito.internal.exceptions.stacktrace.StackTraceFilter'.
00:19:38.610 [main] INFO org.evosuite.runtime.instrumentation.MethodCallReplacementClassAdapter - Adding mock interface to class org/mockito/internal/exceptions/stacktrace/StackTraceFilter
00:19:38.612 [main] INFO org.evosuite.runtime.instrumentation.CreateClassResetClassAdapter - Found static initializer in class org/mockito/internal/exceptions/stacktrace/StackTraceFilter
00:19:38.613 [main] INFO org.evosuite.runtime.instrumentation.EvoClassLoader - Keeping class: org.mockito.internal.exceptions.stacktrace.StackTraceFilter
00:19:38.613 [main] INFO org.evosuite.runtime.instrumentation.EvoClassLoader - Seeing class for first time: org.mockito.exceptions.stacktrace.StackTraceCleaner
00:19:38.613 [main] INFO org.evosuite.runtime.instrumentation.EvoClassLoader - Instrumenting class 'org.mockito.exceptions.stacktrace.StackTraceCleaner'.
00:19:38.614 [main] INFO org.evosuite.runtime.instrumentation.EvoClassLoader - Defined package (3): package org.mockito.exceptions.stacktrace, -1970331575
00:19:38.614 [main] INFO org.evosuite.runtime.instrumentation.EvoClassLoader - Keeping class: org.mockito.exceptions.stacktrace.StackTraceCleaner
00:19:38.619 [main] INFO org.evosuite.runtime.instrumentation.EvoClassLoader - Seeing class for first time: org.jinstagram.http.URLUtils$EncodingRule
00:19:38.619 [main] INFO org.evosuite.runtime.instrumentation.EvoClassLoader - Instrumenting class 'org.jinstagram.http.URLUtils$EncodingRule'.
00:19:38.620 [main] INFO org.evosuite.runtime.instrumentation.MethodCallReplacementClassAdapter - Adding mock interface to class org/jinstagram/http/URLUtils$EncodingRule
00:19:38.621 [main] INFO org.evosuite.runtime.instrumentation.CreateClassResetClassAdapter - Creating brand-new static initializer in class org/jinstagram/http/URLUtils$EncodingRule
00:19:38.621 [main] INFO org.evosuite.runtime.instrumentation.EvoClassLoader - Keeping class: org.jinstagram.http.URLUtils$EncodingRule
00:19:38.621 [main] INFO org.evosuite.runtime.instrumentation.EvoClassLoader - Seeing class for first time: org.jinstagram.http.URLUtils
00:19:38.621 [main] INFO org.evosuite.runtime.instrumentation.EvoClassLoader - Instrumenting class 'org.jinstagram.http.URLUtils'.
00:19:38.622 [main] INFO org.evosuite.runtime.instrumentation.MethodCallReplacementClassAdapter - Adding mock interface to class org/jinstagram/http/URLUtils
00:19:38.627 [main] INFO org.evosuite.runtime.instrumentation.CreateClassResetClassAdapter - Found static initializer in class org/jinstagram/http/URLUtils
00:19:38.628 [main] INFO org.evosuite.runtime.instrumentation.EvoClassLoader - Keeping class: org.jinstagram.http.URLUtils
]]></system-out>
    <system-err><![CDATA[Warning: the font "Times" is not available, so "Lucida Bright" has been substituted, but may have unexpected appearance or behavor. Re-enable the "Times" font to remove this warning.
]]></system-err>
  </testcase>
</testsuite>