<?xml version="1.0" encoding="UTF-8"?>
<testsuite xmlns:xsi="http://www.w3.org/2001/XMLSchema-instance" xsi:noNamespaceSchemaLocation="https://maven.apache.org/surefire/maven-surefire-plugin/xsd/surefire-test-report-3.0.xsd" version="3.0" name="org.jinstagram.realtime.InstagramSubscription_ESTest" time="1.455" tests="1" errors="0" skipped="0" failures="1">
  <properties>
    <property name="gopherProxySet" value="false"/>
    <property name="awt.toolkit" value="sun.lwawt.macosx.LWCToolkit"/>
    <property name="file.encoding.pkg" value="sun.io"/>
    <property name="java.specification.version" value="1.8"/>
    <property name="sun.cpu.isalist" value=""/>
    <property name="sun.jnu.encoding" value="UTF-8"/>
    <property name="java.class.path" value="/Users/zhi/Documents/PH.D/Project/Testing/ChatTESTER/CodePackage/Prompt2Testing/repo_get/Four_project/sachin-handiekar_jInstagram/target/test-classes:/Users/zhi/Documents/PH.D/Project/Testing/ChatTESTER/CodePackage/Prompt2Testing/repo_get/Four_project/sachin-handiekar_jInstagram/target/classes:/Users/zhi/.m2/repository/com/google/code/gson/gson/2.7/gson-2.7.jar:/Users/zhi/.m2/repository/org/apache/commons/commons-lang3/3.4/commons-lang3-3.4.jar:/Users/zhi/.m2/repository/commons-codec/commons-codec/1.10/commons-codec-1.10.jar:/Users/zhi/.m2/repository/org/slf4j/slf4j-api/1.7.21/slf4j-api-1.7.21.jar:/Users/zhi/.m2/repository/junit/junit/4.12/junit-4.12.jar:/Users/zhi/.m2/repository/org/hamcrest/hamcrest-core/1.3/hamcrest-core-1.3.jar:/Users/zhi/.m2/repository/org/mockito/mockito-core/1.10.19/mockito-core-1.10.19.jar:/Users/zhi/.m2/repository/org/objenesis/objenesis/2.1/objenesis-2.1.jar:/Users/zhi/.m2/repository/ch/qos/logback/logback-classic/1.1.7/logback-classic-1.1.7.jar:/Users/zhi/.m2/repository/ch/qos/logback/logback-core/1.1.7/logback-core-1.1.7.jar:/Users/zhi/.m2/repository/org/powermock/powermock-api-mockito/1.6.6/powermock-api-mockito-1.6.6.jar:/Users/zhi/.m2/repository/org/powermock/powermock-api-mockito-common/1.6.6/powermock-api-mockito-common-1.6.6.jar:/Users/zhi/.m2/repository/org/powermock/powermock-api-support/1.6.6/powermock-api-support-1.6.6.jar:/Users/zhi/.m2/repository/org/powermock/powermock-module-junit4/1.6.6/powermock-module-junit4-1.6.6.jar:/Users/zhi/.m2/repository/org/powermock/powermock-module-junit4-common/1.6.6/powermock-module-junit4-common-1.6.6.jar:/Users/zhi/.m2/repository/org/powermock/powermock-core/1.6.6/powermock-core-1.6.6.jar:/Users/zhi/.m2/repository/org/javassist/javassist/3.21.0-GA/javassist-3.21.0-GA.jar:/Users/zhi/.m2/repository/org/powermock/powermock-reflect/1.6.6/powermock-reflect-1.6.6.jar:/Users/zhi/.m2/repository/org/evosuite/evosuite-standalone-runtime/1.2.0/evosuite-standalone-runtime-1.2.0.jar:/Users/zhi/.m2/repository/org/junit/jupiter/junit-jupiter-api/5.9.0/junit-jupiter-api-5.9.0.jar:/Users/zhi/.m2/repository/org/opentest4j/opentest4j/1.2.0/opentest4j-1.2.0.jar:/Users/zhi/.m2/repository/org/junit/platform/junit-platform-commons/1.9.0/junit-platform-commons-1.9.0.jar:/Users/zhi/.m2/repository/org/apiguardian/apiguardian-api/1.1.2/apiguardian-api-1.1.2.jar:"/>
    <property name="java.vm.vendor" value="Oracle Corporation"/>
    <property name="sun.arch.data.model" value="64"/>
    <property name="java.vendor.url" value="http://java.oracle.com/"/>
    <property name="user.timezone" value="Asia/Shanghai"/>
    <property name="java.vm.specification.version" value="1.8"/>
    <property name="os.name" value="Mac OS X"/>
    <property name="user.country" value="US"/>
    <property name="sun.java.launcher" value="SUN_STANDARD"/>
    <property name="sun.boot.library.path" value="/Library/Java/JavaVirtualMachines/jdk1.8.0_131.jdk/Contents/Home/jre/lib"/>
    <property name="sun.java.command" value="/Users/zhi/Documents/PH.D/Project/Testing/ChatTESTER/CodePackage/Prompt2Testing/repo_get/Four_project/sachin-handiekar_jInstagram/target/surefire/surefirebooter-20240504015859187_3.jar /Users/zhi/Documents/PH.D/Project/Testing/ChatTESTER/CodePackage/Prompt2Testing/repo_get/Four_project/sachin-handiekar_jInstagram/target/surefire 2024-05-04T01-58-58_900-jvmRun1 surefire-20240504015859187_1tmp surefire_0-20240504015859187_2tmp"/>
    <property name="surefire.test.class.path" value="/Users/zhi/Documents/PH.D/Project/Testing/ChatTESTER/CodePackage/Prompt2Testing/repo_get/Four_project/sachin-handiekar_jInstagram/target/test-classes:/Users/zhi/Documents/PH.D/Project/Testing/ChatTESTER/CodePackage/Prompt2Testing/repo_get/Four_project/sachin-handiekar_jInstagram/target/classes:/Users/zhi/.m2/repository/com/google/code/gson/gson/2.7/gson-2.7.jar:/Users/zhi/.m2/repository/org/apache/commons/commons-lang3/3.4/commons-lang3-3.4.jar:/Users/zhi/.m2/repository/commons-codec/commons-codec/1.10/commons-codec-1.10.jar:/Users/zhi/.m2/repository/org/slf4j/slf4j-api/1.7.21/slf4j-api-1.7.21.jar:/Users/zhi/.m2/repository/junit/junit/4.12/junit-4.12.jar:/Users/zhi/.m2/repository/org/hamcrest/hamcrest-core/1.3/hamcrest-core-1.3.jar:/Users/zhi/.m2/repository/org/mockito/mockito-core/1.10.19/mockito-core-1.10.19.jar:/Users/zhi/.m2/repository/org/objenesis/objenesis/2.1/objenesis-2.1.jar:/Users/zhi/.m2/repository/ch/qos/logback/logback-classic/1.1.7/logback-classic-1.1.7.jar:/Users/zhi/.m2/repository/ch/qos/logback/logback-core/1.1.7/logback-core-1.1.7.jar:/Users/zhi/.m2/repository/org/powermock/powermock-api-mockito/1.6.6/powermock-api-mockito-1.6.6.jar:/Users/zhi/.m2/repository/org/powermock/powermock-api-mockito-common/1.6.6/powermock-api-mockito-common-1.6.6.jar:/Users/zhi/.m2/repository/org/powermock/powermock-api-support/1.6.6/powermock-api-support-1.6.6.jar:/Users/zhi/.m2/repository/org/powermock/powermock-module-junit4/1.6.6/powermock-module-junit4-1.6.6.jar:/Users/zhi/.m2/repository/org/powermock/powermock-module-junit4-common/1.6.6/powermock-module-junit4-common-1.6.6.jar:/Users/zhi/.m2/repository/org/powermock/powermock-core/1.6.6/powermock-core-1.6.6.jar:/Users/zhi/.m2/repository/org/javassist/javassist/3.21.0-GA/javassist-3.21.0-GA.jar:/Users/zhi/.m2/repository/org/powermock/powermock-reflect/1.6.6/powermock-reflect-1.6.6.jar:/Users/zhi/.m2/repository/org/evosuite/evosuite-standalone-runtime/1.2.0/evosuite-standalone-runtime-1.2.0.jar:/Users/zhi/.m2/repository/org/junit/jupiter/junit-jupiter-api/5.9.0/junit-jupiter-api-5.9.0.jar:/Users/zhi/.m2/repository/org/opentest4j/opentest4j/1.2.0/opentest4j-1.2.0.jar:/Users/zhi/.m2/repository/org/junit/platform/junit-platform-commons/1.9.0/junit-platform-commons-1.9.0.jar:/Users/zhi/.m2/repository/org/apiguardian/apiguardian-api/1.1.2/apiguardian-api-1.1.2.jar:"/>
    <property name="sun.cpu.endian" value="little"/>
    <property name="user.home" value="/Users/zhi"/>
    <property name="user.language" value="en"/>
    <property name="java.specification.vendor" value="Oracle Corporation"/>
    <property name="java.home" value="/Library/Java/JavaVirtualMachines/jdk1.8.0_131.jdk/Contents/Home/jre"/>
    <property name="basedir" value="/Users/zhi/Documents/PH.D/Project/Testing/ChatTESTER/CodePackage/Prompt2Testing/repo_get/Four_project/sachin-handiekar_jInstagram"/>
    <property name="file.separator" value="/"/>
    <property name="checkstyle.skip" value="true"/>
    <property name="line.separator" value="&#10;"/>
    <property name="java.vm.specification.vendor" value="Oracle Corporation"/>
    <property name="java.specification.name" value="Java Platform API Specification"/>
    <property name="java.awt.graphicsenv" value="sun.awt.CGraphicsEnvironment"/>
    <property name="surefire.real.class.path" value="/Users/zhi/Documents/PH.D/Project/Testing/ChatTESTER/CodePackage/Prompt2Testing/repo_get/Four_project/sachin-handiekar_jInstagram/target/surefire/surefirebooter-20240504015859187_3.jar"/>
    <property name="sun.boot.class.path" value="/Library/Java/JavaVirtualMachines/jdk1.8.0_131.jdk/Contents/Home/jre/lib/resources.jar:/Library/Java/JavaVirtualMachines/jdk1.8.0_131.jdk/Contents/Home/jre/lib/rt.jar:/Library/Java/JavaVirtualMachines/jdk1.8.0_131.jdk/Contents/Home/jre/lib/sunrsasign.jar:/Library/Java/JavaVirtualMachines/jdk1.8.0_131.jdk/Contents/Home/jre/lib/jsse.jar:/Library/Java/JavaVirtualMachines/jdk1.8.0_131.jdk/Contents/Home/jre/lib/jce.jar:/Library/Java/JavaVirtualMachines/jdk1.8.0_131.jdk/Contents/Home/jre/lib/charsets.jar:/Library/Java/JavaVirtualMachines/jdk1.8.0_131.jdk/Contents/Home/jre/lib/jfr.jar:/Library/Java/JavaVirtualMachines/jdk1.8.0_131.jdk/Contents/Home/jre/classes"/>
    <property name="sun.management.compiler" value="HotSpot 64-Bit Tiered Compilers"/>
    <property name="java.runtime.version" value="1.8.0_131-b11"/>
    <property name="user.name" value="zhi"/>
    <property name="path.separator" value=":"/>
    <property name="os.version" value="10.16"/>
    <property name="java.endorsed.dirs" value="/Library/Java/JavaVirtualMachines/jdk1.8.0_131.jdk/Contents/Home/jre/lib/endorsed"/>
    <property name="java.runtime.name" value="Java(TM) SE Runtime Environment"/>
    <property name="file.encoding" value="UTF-8"/>
    <property name="java.vm.name" value="Java HotSpot(TM) 64-Bit Server VM"/>
    <property name="localRepository" value="/Users/zhi/.m2/repository"/>
    <property name="java.vendor.url.bug" value="http://bugreport.sun.com/bugreport/"/>
    <property name="java.io.tmpdir" value="/var/folders/8x/v938mdr1749_v11p_3wlpvn00000gn/T/"/>
    <property name="java.version" value="1.8.0_131"/>
    <property name="user.dir" value="/Users/zhi/Documents/PH.D/Project/Testing/ChatTESTER/CodePackage/Prompt2Testing/repo_get/Four_project/sachin-handiekar_jInstagram"/>
    <property name="os.arch" value="x86_64"/>
    <property name="java.vm.specification.name" value="Java Virtual Machine Specification"/>
    <property name="java.awt.printerjob" value="sun.lwawt.macosx.CPrinterJob"/>
    <property name="sun.os.patch.level" value="unknown"/>
    <property name="java.library.path" value="/Users/zhi/Library/Java/Extensions:/Library/Java/Extensions:/Network/Library/Java/Extensions:/System/Library/Java/Extensions:/usr/lib/java:."/>
    <property name="java.vm.info" value="mixed mode"/>
    <property name="java.vendor" value="Oracle Corporation"/>
    <property name="java.vm.version" value="25.131-b11"/>
    <property name="java.ext.dirs" value="/Users/zhi/Library/Java/Extensions:/Library/Java/JavaVirtualMachines/jdk1.8.0_131.jdk/Contents/Home/jre/lib/ext:/Library/Java/Extensions:/Network/Library/Java/Extensions:/System/Library/Java/Extensions:/usr/lib/java"/>
    <property name="sun.io.unicode.encoding" value="UnicodeBig"/>
    <property name="java.class.version" value="52.0"/>
  </properties>
  <testcase name="testObjectId" classname="org.jinstagram.realtime.InstagramSubscription_ESTest" time="0.04">
    <failure message="expected:&lt;12345&gt; but was:&lt;InstagramSubscription [callback_url=oob,object_id=12345]&gt;" type="java.lang.AssertionError"><![CDATA[java.lang.AssertionError: expected:<12345> but was:<InstagramSubscription [callback_url=oob,object_id=12345]>
	at org.junit.Assert.fail(Assert.java:88)
	at org.junit.Assert.failNotEquals(Assert.java:834)
	at org.junit.Assert.assertEquals(Assert.java:118)
	at org.junit.Assert.assertEquals(Assert.java:144)
	at org.jinstagram.realtime.InstagramSubscription_ESTest.testObjectId(InstagramSubscription_ESTest.java:28)
	at sun.reflect.NativeMethodAccessorImpl.invoke0(Native Method)
	at sun.reflect.NativeMethodAccessorImpl.invoke(NativeMethodAccessorImpl.java:62)
	at sun.reflect.DelegatingMethodAccessorImpl.invoke(DelegatingMethodAccessorImpl.java:43)
	at java.lang.reflect.Method.invoke(Method.java:498)
	at org.junit.runners.model.FrameworkMethod$1.runReflectiveCall(FrameworkMethod.java:50)
	at org.junit.internal.runners.model.ReflectiveCallable.run(ReflectiveCallable.java:12)
	at org.junit.runners.model.FrameworkMethod.invokeExplosively(FrameworkMethod.java:47)
	at org.junit.internal.runners.statements.InvokeMethod.evaluate(InvokeMethod.java:17)
	at org.junit.internal.runners.statements.RunBefores.evaluate(RunBefores.java:26)
	at org.junit.internal.runners.statements.RunAfters.evaluate(RunAfters.java:27)
	at org.evosuite.runtime.vnet.NonFunctionalRequirementRule$1.evaluate(NonFunctionalRequirementRule.java:41)
	at org.junit.rules.RunRules.evaluate(RunRules.java:20)
	at org.junit.runners.ParentRunner.runLeaf(ParentRunner.java:325)
	at org.junit.runners.BlockJUnit4ClassRunner.runChild(BlockJUnit4ClassRunner.java:78)
	at org.junit.runners.BlockJUnit4ClassRunner.runChild(BlockJUnit4ClassRunner.java:57)
	at org.junit.runners.ParentRunner$3.run(ParentRunner.java:290)
	at org.junit.runners.ParentRunner$1.schedule(ParentRunner.java:71)
	at org.junit.runners.ParentRunner.runChildren(ParentRunner.java:288)
	at org.junit.runners.ParentRunner.access$000(ParentRunner.java:58)
	at org.junit.runners.ParentRunner$2.evaluate(ParentRunner.java:268)
	at org.junit.internal.runners.statements.RunBefores.evaluate(RunBefores.java:26)
	at org.junit.internal.runners.statements.RunAfters.evaluate(RunAfters.java:27)
	at org.junit.runners.ParentRunner.run(ParentRunner.java:363)
	at org.junit.runner.JUnitCore.run(JUnitCore.java:137)
	at org.junit.runner.JUnitCore.run(JUnitCore.java:115)
	at org.junit.vintage.engine.execution.RunnerExecutor.execute(RunnerExecutor.java:42)
	at org.junit.vintage.engine.VintageTestEngine.executeAllChildren(VintageTestEngine.java:80)
	at org.junit.vintage.engine.VintageTestEngine.execute(VintageTestEngine.java:72)
	at org.junit.platform.launcher.core.EngineExecutionOrchestrator.execute(EngineExecutionOrchestrator.java:147)
	at org.junit.platform.launcher.core.EngineExecutionOrchestrator.execute(EngineExecutionOrchestrator.java:127)
	at org.junit.platform.launcher.core.EngineExecutionOrchestrator.execute(EngineExecutionOrchestrator.java:90)
	at org.junit.platform.launcher.core.EngineExecutionOrchestrator.lambda$execute$0(EngineExecutionOrchestrator.java:55)
	at org.junit.platform.launcher.core.EngineExecutionOrchestrator.withInterceptedStreams(EngineExecutionOrchestrator.java:102)
	at org.junit.platform.launcher.core.EngineExecutionOrchestrator.execute(EngineExecutionOrchestrator.java:54)
	at org.junit.platform.launcher.core.DefaultLauncher.execute(DefaultLauncher.java:114)
	at org.junit.platform.launcher.core.DefaultLauncher.execute(DefaultLauncher.java:86)
	at org.junit.platform.launcher.core.DefaultLauncherSession$DelegatingLauncher.execute(DefaultLauncherSession.java:86)
	at org.apache.maven.surefire.junitplatform.LazyLauncher.execute(LazyLauncher.java:56)
	at org.apache.maven.surefire.junitplatform.JUnitPlatformProvider.execute(JUnitPlatformProvider.java:184)
	at org.apache.maven.surefire.junitplatform.JUnitPlatformProvider.invokeAllTests(JUnitPlatformProvider.java:148)
	at org.apache.maven.surefire.junitplatform.JUnitPlatformProvider.invoke(JUnitPlatformProvider.java:122)
	at org.apache.maven.surefire.booter.ForkedBooter.runSuitesInProcess(ForkedBooter.java:385)
	at org.apache.maven.surefire.booter.ForkedBooter.execute(ForkedBooter.java:162)
	at org.apache.maven.surefire.booter.ForkedBooter.run(ForkedBooter.java:507)
	at org.apache.maven.surefire.booter.ForkedBooter.main(ForkedBooter.java:495)
]]></failure>
    <system-out><![CDATA[01:59:00.013 [main] INFO org.evosuite.runtime.instrumentation.EvoClassLoader - Seeing class for first time: org.jinstagram.realtime.InstagramSubscription_ESTest
01:59:00.019 [main] INFO org.evosuite.runtime.instrumentation.EvoClassLoader - Instrumenting class 'org.jinstagram.realtime.InstagramSubscription_ESTest'.
01:59:00.047 [main] INFO org.evosuite.runtime.instrumentation.EvoClassLoader - Seeing class for first time: org.jinstagram.realtime.InstagramSubscription_ESTest_scaffolding
01:59:00.048 [main] INFO org.evosuite.runtime.instrumentation.EvoClassLoader - Instrumenting class 'org.jinstagram.realtime.InstagramSubscription_ESTest_scaffolding'.
01:59:00.051 [main] INFO org.evosuite.runtime.instrumentation.EvoClassLoader - Keeping class: org.jinstagram.realtime.InstagramSubscription_ESTest_scaffolding
01:59:00.051 [main] INFO org.evosuite.runtime.instrumentation.EvoClassLoader - Keeping class: org.jinstagram.realtime.InstagramSubscription_ESTest
01:59:00.137 [main] INFO org.evosuite.runtime.instrumentation.EvoClassLoader - Seeing class for first time: org.jinstagram.realtime.InstagramSubscription_ESTest
01:59:00.137 [main] INFO org.evosuite.runtime.instrumentation.EvoClassLoader - Instrumenting class 'org.jinstagram.realtime.InstagramSubscription_ESTest'.
01:59:00.139 [main] INFO org.evosuite.runtime.instrumentation.EvoClassLoader - Seeing class for first time: org.jinstagram.realtime.InstagramSubscription_ESTest_scaffolding
01:59:00.139 [main] INFO org.evosuite.runtime.instrumentation.EvoClassLoader - Instrumenting class 'org.jinstagram.realtime.InstagramSubscription_ESTest_scaffolding'.
01:59:00.142 [main] INFO org.evosuite.runtime.instrumentation.EvoClassLoader - Keeping class: org.jinstagram.realtime.InstagramSubscription_ESTest_scaffolding
01:59:00.142 [main] INFO org.evosuite.runtime.instrumentation.EvoClassLoader - Keeping class: org.jinstagram.realtime.InstagramSubscription_ESTest
01:59:01.129 [main] DEBUG org.evosuite.runtime.sandbox.MSecurityManager - Adding privileged thread: "Reference Handler"
01:59:01.130 [main] DEBUG org.evosuite.runtime.sandbox.MSecurityManager - Adding privileged thread: "Finalizer"
01:59:01.130 [main] DEBUG org.evosuite.runtime.sandbox.MSecurityManager - Adding privileged thread: "Signal Dispatcher"
01:59:01.130 [main] DEBUG org.evosuite.runtime.sandbox.MSecurityManager - Adding privileged thread: "AppKit Thread"
01:59:01.130 [main] DEBUG org.evosuite.runtime.sandbox.MSecurityManager - Adding privileged thread: "AWT-Shutdown"
01:59:01.130 [main] DEBUG org.evosuite.runtime.sandbox.MSecurityManager - Adding privileged thread: "Java2D Queue Flusher"
01:59:01.130 [main] DEBUG org.evosuite.runtime.sandbox.MSecurityManager - Adding privileged thread: "Java2D Disposer"
01:59:01.130 [main] DEBUG org.evosuite.runtime.sandbox.MSecurityManager - Adding privileged thread: "main"
01:59:01.131 [main] DEBUG org.evosuite.runtime.sandbox.MSecurityManager - Adding privileged thread: "surefire-forkedjvm-stream-flusher"
01:59:01.131 [main] DEBUG org.evosuite.runtime.sandbox.MSecurityManager - Adding privileged thread: "surefire-forkedjvm-command-thread"
01:59:01.182 [main] INFO org.evosuite.runtime.instrumentation.EvoClassLoader - Seeing class for first time: org.jinstagram.InstagramResponse
01:59:01.182 [main] INFO org.evosuite.runtime.instrumentation.EvoClassLoader - Instrumenting class 'org.jinstagram.InstagramResponse'.
01:59:01.275 [main] INFO org.evosuite.runtime.instrumentation.EvoClassLoader - Defined package (3): package org.jinstagram, 657905618
01:59:01.276 [main] INFO org.evosuite.runtime.instrumentation.EvoClassLoader - Keeping class: org.jinstagram.InstagramResponse
01:59:01.278 [main] INFO org.evosuite.runtime.instrumentation.EvoClassLoader - Seeing class for first time: org.jinstagram.InstagramConfig
01:59:01.278 [main] INFO org.evosuite.runtime.instrumentation.EvoClassLoader - Instrumenting class 'org.jinstagram.InstagramConfig'.
01:59:01.280 [main] INFO org.evosuite.runtime.instrumentation.MethodCallReplacementClassAdapter - Adding mock interface to class org/jinstagram/InstagramConfig
01:59:01.464 [main] INFO org.evosuite.runtime.instrumentation.CreateClassResetClassAdapter - Creating brand-new static initializer in class org/jinstagram/InstagramConfig
01:59:01.466 [main] INFO org.evosuite.runtime.instrumentation.EvoClassLoader - Keeping class: org.jinstagram.InstagramConfig
01:59:01.468 [main] INFO org.evosuite.runtime.instrumentation.EvoClassLoader - Seeing class for first time: org.jinstagram.auth.model.OAuthRequest
01:59:01.468 [main] INFO org.evosuite.runtime.instrumentation.EvoClassLoader - Instrumenting class 'org.jinstagram.auth.model.OAuthRequest'.
01:59:01.472 [main] INFO org.evosuite.runtime.instrumentation.MethodCallReplacementClassAdapter - Adding mock interface to class org/jinstagram/auth/model/OAuthRequest
01:59:01.486 [main] INFO org.evosuite.runtime.instrumentation.CreateClassResetClassAdapter - Creating brand-new static initializer in class org/jinstagram/auth/model/OAuthRequest
01:59:01.486 [main] INFO org.evosuite.runtime.instrumentation.CreateClassResetClassAdapter - Adding bytecode for initializing field OAUTH_PREFIX
01:59:01.487 [main] INFO org.evosuite.runtime.instrumentation.EvoClassLoader - Defined package (3): package org.jinstagram.auth.model, -719554817
01:59:01.487 [main] INFO org.evosuite.runtime.instrumentation.EvoClassLoader - Seeing class for first time: org.jinstagram.http.Request
01:59:01.487 [main] INFO org.evosuite.runtime.instrumentation.EvoClassLoader - Instrumenting class 'org.jinstagram.http.Request'.
01:59:01.491 [main] INFO org.evosuite.runtime.instrumentation.MethodCallReplacementClassAdapter - Adding mock interface to class org/jinstagram/http/Request
01:59:01.509 [main] INFO org.evosuite.runtime.instrumentation.CreateClassResetClassAdapter - Creating brand-new static initializer in class org/jinstagram/http/Request
01:59:01.510 [main] INFO org.evosuite.runtime.instrumentation.CreateClassResetClassAdapter - Adding bytecode for initializing field CONTENT_LENGTH
01:59:01.510 [main] INFO org.evosuite.runtime.instrumentation.EvoClassLoader - Defined package (3): package org.jinstagram.http, 898268452
01:59:01.510 [main] INFO org.evosuite.runtime.instrumentation.EvoClassLoader - Keeping class: org.jinstagram.http.Request
01:59:01.510 [main] INFO org.evosuite.runtime.instrumentation.EvoClassLoader - Keeping class: org.jinstagram.auth.model.OAuthRequest
01:59:01.511 [main] INFO org.evosuite.runtime.instrumentation.EvoClassLoader - Seeing class for first time: org.jinstagram.auth.exceptions.OAuthException
01:59:01.511 [main] INFO org.evosuite.runtime.instrumentation.EvoClassLoader - Instrumenting class 'org.jinstagram.auth.exceptions.OAuthException'.
01:59:01.512 [main] INFO org.evosuite.runtime.instrumentation.MethodCallReplacementClassAdapter - Adding mock interface to class org/jinstagram/auth/exceptions/OAuthException
01:59:01.519 [main] INFO org.evosuite.runtime.instrumentation.CreateClassResetClassAdapter - Creating brand-new static initializer in class org/jinstagram/auth/exceptions/OAuthException
01:59:01.520 [main] INFO org.evosuite.runtime.instrumentation.EvoClassLoader - Defined package (3): package org.jinstagram.auth.exceptions, 1157870574
01:59:01.520 [main] INFO org.evosuite.runtime.instrumentation.EvoClassLoader - Keeping class: org.jinstagram.auth.exceptions.OAuthException
01:59:01.521 [main] INFO org.evosuite.runtime.instrumentation.EvoClassLoader - Seeing class for first time: org.jinstagram.realtime.SubscriptionsListResponse
01:59:01.521 [main] INFO org.evosuite.runtime.instrumentation.EvoClassLoader - Instrumenting class 'org.jinstagram.realtime.SubscriptionsListResponse'.
01:59:01.523 [main] INFO org.evosuite.runtime.instrumentation.MethodCallReplacementClassAdapter - Adding mock interface to class org/jinstagram/realtime/SubscriptionsListResponse
01:59:01.524 [main] INFO org.evosuite.runtime.instrumentation.CreateClassResetClassAdapter - Creating brand-new static initializer in class org/jinstagram/realtime/SubscriptionsListResponse
01:59:01.524 [main] INFO org.evosuite.runtime.instrumentation.EvoClassLoader - Keeping class: org.jinstagram.realtime.SubscriptionsListResponse
01:59:01.524 [main] INFO org.evosuite.runtime.instrumentation.EvoClassLoader - Seeing class for first time: org.jinstagram.model.Constants
01:59:01.524 [main] INFO org.evosuite.runtime.instrumentation.EvoClassLoader - Instrumenting class 'org.jinstagram.model.Constants'.
01:59:01.525 [main] INFO org.evosuite.runtime.instrumentation.MethodCallReplacementClassAdapter - Adding mock interface to class org/jinstagram/model/Constants
01:59:01.526 [main] INFO org.evosuite.runtime.instrumentation.CreateClassResetClassAdapter - Found static initializer in class org/jinstagram/model/Constants
01:59:01.526 [main] INFO org.evosuite.runtime.instrumentation.EvoClassLoader - Defined package (3): package org.jinstagram.model, 2080971277
01:59:01.526 [main] INFO org.evosuite.runtime.instrumentation.EvoClassLoader - Keeping class: org.jinstagram.model.Constants
01:59:01.528 [main] INFO org.evosuite.runtime.instrumentation.EvoClassLoader - Seeing class for first time: org.jinstagram.http.Verbs
01:59:01.528 [main] INFO org.evosuite.runtime.instrumentation.EvoClassLoader - Instrumenting class 'org.jinstagram.http.Verbs'.
01:59:01.529 [main] INFO org.evosuite.runtime.instrumentation.MethodCallReplacementClassAdapter - Adding mock interface to class org/jinstagram/http/Verbs
01:59:01.532 [main] INFO org.evosuite.runtime.instrumentation.CreateClassResetClassAdapter - Found static initializer in class org/jinstagram/http/Verbs
01:59:01.533 [main] INFO org.evosuite.runtime.instrumentation.EvoClassLoader - Keeping class: org.jinstagram.http.Verbs
01:59:01.533 [main] INFO org.evosuite.runtime.instrumentation.EvoClassLoader - Seeing class for first time: org.jinstagram.exceptions.InstagramException
01:59:01.534 [main] INFO org.evosuite.runtime.instrumentation.EvoClassLoader - Instrumenting class 'org.jinstagram.exceptions.InstagramException'.
01:59:01.534 [main] INFO org.evosuite.runtime.instrumentation.MethodCallReplacementClassAdapter - Adding mock interface to class org/jinstagram/exceptions/InstagramException
01:59:01.537 [main] INFO org.evosuite.runtime.instrumentation.CreateClassResetClassAdapter - Creating brand-new static initializer in class org/jinstagram/exceptions/InstagramException
01:59:01.537 [main] INFO org.evosuite.runtime.instrumentation.EvoClassLoader - Defined package (3): package org.jinstagram.exceptions, 1332267424
01:59:01.537 [main] INFO org.evosuite.runtime.instrumentation.EvoClassLoader - Keeping class: org.jinstagram.exceptions.InstagramException
01:59:01.541 [main] INFO org.evosuite.runtime.instrumentation.EvoClassLoader - Seeing class for first time: org.jinstagram.utils.Preconditions
01:59:01.541 [main] INFO org.evosuite.runtime.instrumentation.EvoClassLoader - Instrumenting class 'org.jinstagram.utils.Preconditions'.
01:59:01.543 [main] INFO org.evosuite.runtime.instrumentation.MethodCallReplacementClassAdapter - Adding mock interface to class org/jinstagram/utils/Preconditions
01:59:01.547 [main] INFO org.evosuite.runtime.instrumentation.CreateClassResetClassAdapter - Found static initializer in class org/jinstagram/utils/Preconditions
01:59:01.547 [main] INFO org.evosuite.runtime.instrumentation.EvoClassLoader - Defined package (3): package org.jinstagram.utils, 2088513429
01:59:01.548 [main] INFO org.evosuite.runtime.instrumentation.EvoClassLoader - Keeping class: org.jinstagram.utils.Preconditions
01:59:01.548 [main] INFO org.evosuite.runtime.instrumentation.EvoClassLoader - Seeing class for first time: org.jinstagram.realtime.SubscriptionResponse
01:59:01.548 [main] INFO org.evosuite.runtime.instrumentation.EvoClassLoader - Instrumenting class 'org.jinstagram.realtime.SubscriptionResponse'.
01:59:01.549 [main] INFO org.evosuite.runtime.instrumentation.MethodCallReplacementClassAdapter - Adding mock interface to class org/jinstagram/realtime/SubscriptionResponse
01:59:01.550 [main] INFO org.evosuite.runtime.instrumentation.CreateClassResetClassAdapter - Creating brand-new static initializer in class org/jinstagram/realtime/SubscriptionResponse
01:59:01.550 [main] INFO org.evosuite.runtime.instrumentation.EvoClassLoader - Keeping class: org.jinstagram.realtime.SubscriptionResponse
01:59:01.550 [main] INFO org.evosuite.runtime.instrumentation.EvoClassLoader - Seeing class for first time: org.jinstagram.realtime.SubscriptionType
01:59:01.550 [main] INFO org.evosuite.runtime.instrumentation.EvoClassLoader - Instrumenting class 'org.jinstagram.realtime.SubscriptionType'.
01:59:01.551 [main] INFO org.evosuite.runtime.instrumentation.MethodCallReplacementClassAdapter - Adding mock interface to class org/jinstagram/realtime/SubscriptionType
01:59:01.551 [main] INFO org.evosuite.runtime.instrumentation.CreateClassResetClassAdapter - Found static initializer in class org/jinstagram/realtime/SubscriptionType
01:59:01.552 [main] INFO org.evosuite.runtime.instrumentation.EvoClassLoader - Keeping class: org.jinstagram.realtime.SubscriptionType
01:59:01.552 [main] INFO org.evosuite.runtime.instrumentation.EvoClassLoader - Seeing class for first time: org.jinstagram.realtime.InstagramSubscription
01:59:01.552 [main] INFO org.evosuite.runtime.instrumentation.EvoClassLoader - Instrumenting class 'org.jinstagram.realtime.InstagramSubscription'.
01:59:01.553 [main] INFO org.evosuite.runtime.instrumentation.MethodCallReplacementClassAdapter - Adding mock interface to class org/jinstagram/realtime/InstagramSubscription
01:59:01.569 [main] INFO org.evosuite.runtime.instrumentation.CreateClassResetClassAdapter - Creating brand-new static initializer in class org/jinstagram/realtime/InstagramSubscription
01:59:01.570 [main] INFO org.evosuite.runtime.instrumentation.EvoClassLoader - Keeping class: org.jinstagram.realtime.InstagramSubscription
01:59:01.572 [main] INFO org.evosuite.runtime.instrumentation.EvoClassLoader - Seeing class for first time: org.jinstagram.entity.common.Meta
01:59:01.572 [main] INFO org.evosuite.runtime.instrumentation.EvoClassLoader - Instrumenting class 'org.jinstagram.entity.common.Meta'.
01:59:01.579 [main] INFO org.evosuite.runtime.instrumentation.MethodCallReplacementClassAdapter - Adding mock interface to class org/jinstagram/entity/common/Meta
01:59:01.584 [main] INFO org.evosuite.runtime.instrumentation.CreateClassResetClassAdapter - Creating brand-new static initializer in class org/jinstagram/entity/common/Meta
01:59:01.585 [main] INFO org.evosuite.runtime.instrumentation.EvoClassLoader - Defined package (3): package org.jinstagram.entity.common, 1839157562
01:59:01.585 [main] INFO org.evosuite.runtime.instrumentation.EvoClassLoader - Keeping class: org.jinstagram.entity.common.Meta
01:59:01.585 [main] INFO org.evosuite.runtime.instrumentation.EvoClassLoader - Seeing class for first time: org.jinstagram.realtime.SubscriptionResponseData
01:59:01.585 [main] INFO org.evosuite.runtime.instrumentation.EvoClassLoader - Instrumenting class 'org.jinstagram.realtime.SubscriptionResponseData'.
01:59:01.587 [main] INFO org.evosuite.runtime.instrumentation.MethodCallReplacementClassAdapter - Adding mock interface to class org/jinstagram/realtime/SubscriptionResponseData
01:59:01.587 [main] INFO org.evosuite.runtime.instrumentation.CreateClassResetClassAdapter - Creating brand-new static initializer in class org/jinstagram/realtime/SubscriptionResponseData
01:59:01.588 [main] INFO org.evosuite.runtime.instrumentation.EvoClassLoader - Keeping class: org.jinstagram.realtime.SubscriptionResponseData
01:59:01.588 [main] INFO org.evosuite.runtime.instrumentation.EvoClassLoader - Seeing class for first time: org.jinstagram.http.Response
01:59:01.588 [main] INFO org.evosuite.runtime.instrumentation.EvoClassLoader - Instrumenting class 'org.jinstagram.http.Response'.
01:59:01.593 [main] INFO org.evosuite.runtime.instrumentation.MethodCallReplacementClassAdapter - Adding mock interface to class org/jinstagram/http/Response
01:59:01.602 [main] INFO org.evosuite.runtime.instrumentation.CreateClassResetClassAdapter - Creating brand-new static initializer in class org/jinstagram/http/Response
01:59:01.602 [main] INFO org.evosuite.runtime.instrumentation.CreateClassResetClassAdapter - Adding bytecode for initializing field EMPTY_RESPONSE
01:59:01.603 [main] INFO org.evosuite.runtime.instrumentation.EvoClassLoader - Keeping class: org.jinstagram.http.Response
]]></system-out>
    <system-err><![CDATA[Warning: the font "Times" is not available, so "Lucida Bright" has been substituted, but may have unexpected appearance or behavor. Re-enable the "Times" font to remove this warning.
]]></system-err>
  </testcase>
</testsuite>